{"/Users/jasonlea-jones/Projects/myproj/src/client/apiPaths.js": {"path":"/Users/jasonlea-jones/Projects/myproj/src/client/apiPaths.js","statementMap":{"0":{"start":{"line":1,"column":27},"end":{"line":1,"column":29}},"1":{"start":{"line":2,"column":28},"end":{"line":2,"column":44}}},"fnMap":{},"branchMap":{},"s":{"0":1,"1":1},"f":{},"b":{},"_coverageSchema":"43e27e138ebf9cfc5966b082cf9a028302ed4184","hash":"2912e1fc0c0d1f991676436186e747322e8d0d0c"}
,"/Users/jasonlea-jones/Projects/myproj/src/client/index.js": {"path":"/Users/jasonlea-jones/Projects/myproj/src/client/index.js","statementMap":{"0":{"start":{"line":13,"column":18},"end":{"line":23,"column":1}},"1":{"start":{"line":14,"column":2},"end":{"line":22,"column":13}},"2":{"start":{"line":25,"column":0},"end":{"line":27,"column":2}},"3":{"start":{"line":29,"column":0},"end":{"line":32,"column":3}},"4":{"start":{"line":30,"column":16},"end":{"line":30,"column":56}},"5":{"start":{"line":31,"column":2},"end":{"line":31,"column":72}}},"fnMap":{"0":{"name":"(anonymous_0)","decl":{"start":{"line":13,"column":18},"end":{"line":13,"column":19}},"loc":{"start":{"line":14,"column":2},"end":{"line":22,"column":13}},"line":14},"1":{"name":"(anonymous_1)","decl":{"start":{"line":29,"column":14},"end":{"line":29,"column":15}},"loc":{"start":{"line":29,"column":20},"end":{"line":32,"column":1}},"line":29}},"branchMap":{},"s":{"0":0,"1":0,"2":0,"3":0,"4":0,"5":0},"f":{"0":0,"1":0},"b":{},"hash":"5d26de10bce2b81d4e2402f6d45e165bb3b4d45c"}
,"/Users/jasonlea-jones/Projects/myproj/src/client/components/App.js": {"path":"/Users/jasonlea-jones/Projects/myproj/src/client/components/App.js","statementMap":{"0":{"start":{"line":7,"column":12},"end":{"line":23,"column":1}},"1":{"start":{"line":8,"column":2},"end":{"line":13,"column":9}},"2":{"start":{"line":9,"column":22},"end":{"line":9,"column":64}},"3":{"start":{"line":10,"column":4},"end":{"line":12,"column":5}},"4":{"start":{"line":11,"column":6},"end":{"line":11,"column":50}},"5":{"start":{"line":15,"column":2},"end":{"line":22,"column":4}}},"fnMap":{"0":{"name":"(anonymous_0)","decl":{"start":{"line":7,"column":12},"end":{"line":7,"column":13}},"loc":{"start":{"line":7,"column":18},"end":{"line":23,"column":1}},"line":7},"1":{"name":"(anonymous_1)","decl":{"start":{"line":8,"column":12},"end":{"line":8,"column":13}},"loc":{"start":{"line":8,"column":18},"end":{"line":13,"column":3}},"line":8}},"branchMap":{"0":{"loc":{"start":{"line":10,"column":4},"end":{"line":12,"column":5}},"type":"if","locations":[{"start":{"line":10,"column":4},"end":{"line":12,"column":5}},{"start":{"line":10,"column":4},"end":{"line":12,"column":5}}],"line":10},"1":{"loc":{"start":{"line":10,"column":8},"end":{"line":10,"column":41}},"type":"binary-expr","locations":[{"start":{"line":10,"column":8},"end":{"line":10,"column":17}},{"start":{"line":10,"column":21},"end":{"line":10,"column":41}}],"line":10}},"s":{"0":0,"1":0,"2":0,"3":0,"4":0,"5":0},"f":{"0":0,"1":0},"b":{"0":[0,0],"1":[0,0]},"hash":"d8734c8707ae7ef30ac9974dcaf2ec2bdbd03f57"}
,"/Users/jasonlea-jones/Projects/myproj/src/client/components/Routes.js": {"path":"/Users/jasonlea-jones/Projects/myproj/src/client/components/Routes.js","statementMap":{"0":{"start":{"line":13,"column":15},"end":{"line":22,"column":1}},"1":{"start":{"line":14,"column":2},"end":{"line":21,"column":11}}},"fnMap":{"0":{"name":"(anonymous_0)","decl":{"start":{"line":13,"column":15},"end":{"line":13,"column":16}},"loc":{"start":{"line":14,"column":2},"end":{"line":21,"column":11}},"line":14}},"branchMap":{},"s":{"0":0,"1":0},"f":{"0":0},"b":{},"hash":"bddc24169b7aa282e114cda43267bf2dd8324a0e"}
,"/Users/jasonlea-jones/Projects/myproj/src/client/components/pages/index.js": {"path":"/Users/jasonlea-jones/Projects/myproj/src/client/components/pages/index.js","statementMap":{"0":{"start":{"line":6,"column":24},"end":{"line":8,"column":2}},"1":{"start":{"line":6,"column":39},"end":{"line":6,"column":64}},"2":{"start":{"line":10,"column":25},"end":{"line":12,"column":2}},"3":{"start":{"line":10,"column":40},"end":{"line":10,"column":66}},"4":{"start":{"line":14,"column":27},"end":{"line":19,"column":1}},"5":{"start":{"line":15,"column":8},"end":{"line":15,"column":46}},"6":{"start":{"line":21,"column":28},"end":{"line":23,"column":2}},"7":{"start":{"line":21,"column":43},"end":{"line":21,"column":72}}},"fnMap":{"0":{"name":"(anonymous_0)","decl":{"start":{"line":6,"column":33},"end":{"line":6,"column":34}},"loc":{"start":{"line":6,"column":39},"end":{"line":6,"column":64}},"line":6},"1":{"name":"(anonymous_1)","decl":{"start":{"line":10,"column":34},"end":{"line":10,"column":35}},"loc":{"start":{"line":10,"column":40},"end":{"line":10,"column":66}},"line":10},"2":{"name":"(anonymous_2)","decl":{"start":{"line":15,"column":2},"end":{"line":15,"column":3}},"loc":{"start":{"line":15,"column":8},"end":{"line":15,"column":46}},"line":15},"3":{"name":"(anonymous_3)","decl":{"start":{"line":21,"column":37},"end":{"line":21,"column":38}},"loc":{"start":{"line":21,"column":43},"end":{"line":21,"column":72}},"line":21}},"branchMap":{},"s":{"0":0,"1":0,"2":0,"3":0,"4":0,"5":0,"6":0,"7":0},"f":{"0":0,"1":0,"2":0,"3":0},"b":{},"hash":"eb537a6dbc22bf188177de1e5555a5e357bebf90"}
,"/Users/jasonlea-jones/Projects/myproj/src/client/components/pages/AboutPage/index.js": {"path":"/Users/jasonlea-jones/Projects/myproj/src/client/components/pages/AboutPage/index.js","statementMap":{"0":{"start":{"line":6,"column":18},"end":{"line":16,"column":1}},"1":{"start":{"line":7,"column":2},"end":{"line":15,"column":4}}},"fnMap":{"0":{"name":"(anonymous_0)","decl":{"start":{"line":6,"column":18},"end":{"line":6,"column":19}},"loc":{"start":{"line":6,"column":24},"end":{"line":16,"column":1}},"line":6}},"branchMap":{},"s":{"0":0,"1":0},"f":{"0":0},"b":{},"hash":"95e4d1f23974802220e47b7f0ba3a4b7e6c29375"}
,"/Users/jasonlea-jones/Projects/myproj/src/client/components/pages/HomePage/component.js": {"path":"/Users/jasonlea-jones/Projects/myproj/src/client/components/pages/HomePage/component.js","statementMap":{"0":{"start":{"line":11,"column":18},"end":{"line":13,"column":1}},"1":{"start":{"line":12,"column":2},"end":{"line":12,"column":21}},"2":{"start":{"line":15,"column":17},"end":{"line":38,"column":1}},"3":{"start":{"line":16,"column":2},"end":{"line":16,"column":23}},"4":{"start":{"line":17,"column":2},"end":{"line":37,"column":4}},"5":{"start":{"line":40,"column":0},"end":{"line":46,"column":2}}},"fnMap":{"0":{"name":"(anonymous_0)","decl":{"start":{"line":11,"column":18},"end":{"line":11,"column":19}},"loc":{"start":{"line":11,"column":44},"end":{"line":13,"column":1}},"line":11},"1":{"name":"(anonymous_1)","decl":{"start":{"line":15,"column":17},"end":{"line":15,"column":18}},"loc":{"start":{"line":15,"column":34},"end":{"line":38,"column":1}},"line":15}},"branchMap":{},"s":{"0":0,"1":0,"2":0,"3":0,"4":0,"5":0},"f":{"0":0,"1":0},"b":{},"hash":"0ff8d7c0c5954a59dadde1698f56ca9c9389bad5"}
,"/Users/jasonlea-jones/Projects/myproj/src/client/components/pages/HomePage/index.js": {"path":"/Users/jasonlea-jones/Projects/myproj/src/client/components/pages/HomePage/index.js","statementMap":{"0":{"start":{"line":5,"column":24},"end":{"line":10,"column":1}},"1":{"start":{"line":6,"column":22},"end":{"line":6,"column":27}},"2":{"start":{"line":7,"column":2},"end":{"line":9,"column":4}},"3":{"start":{"line":12,"column":27},"end":{"line":14,"column":1}}},"fnMap":{"0":{"name":"(anonymous_0)","decl":{"start":{"line":5,"column":24},"end":{"line":5,"column":25}},"loc":{"start":{"line":5,"column":33},"end":{"line":10,"column":1}},"line":5}},"branchMap":{},"s":{"0":0,"1":0,"2":0,"3":0},"f":{"0":0},"b":{},"hash":"44876abf02346b3c76e24f88d0e7f03c78307700"}
,"/Users/jasonlea-jones/Projects/myproj/src/client/components/pages/NotFoundPage/index.js": {"path":"/Users/jasonlea-jones/Projects/myproj/src/client/components/pages/NotFoundPage/index.js","statementMap":{"0":{"start":{"line":7,"column":21},"end":{"line":20,"column":1}},"1":{"start":{"line":8,"column":2},"end":{"line":10,"column":3}},"2":{"start":{"line":9,"column":4},"end":{"line":9,"column":35}},"3":{"start":{"line":11,"column":2},"end":{"line":19,"column":4}},"4":{"start":{"line":22,"column":0},"end":{"line":26,"column":2}}},"fnMap":{"0":{"name":"(anonymous_0)","decl":{"start":{"line":7,"column":21},"end":{"line":7,"column":22}},"loc":{"start":{"line":7,"column":44},"end":{"line":20,"column":1}},"line":7}},"branchMap":{"0":{"loc":{"start":{"line":8,"column":2},"end":{"line":10,"column":3}},"type":"if","locations":[{"start":{"line":8,"column":2},"end":{"line":10,"column":3}},{"start":{"line":8,"column":2},"end":{"line":10,"column":3}}],"line":8}},"s":{"0":0,"1":0,"2":0,"3":0,"4":0},"f":{"0":0},"b":{"0":[0,0]},"hash":"292f91539bc74e59b4e0de4f3d13e2ea7513d2ed"}
,"/Users/jasonlea-jones/Projects/myproj/src/client/components/pages/marketing/DriveWithUs/index.js": {"path":"/Users/jasonlea-jones/Projects/myproj/src/client/components/pages/marketing/DriveWithUs/index.js","statementMap":{"0":{"start":{"line":16,"column":24},"end":{"line":57,"column":1}},"1":{"start":{"line":17,"column":2},"end":{"line":56,"column":4}},"2":{"start":{"line":59,"column":20},"end":{"line":68,"column":1}}},"fnMap":{"0":{"name":"(anonymous_0)","decl":{"start":{"line":16,"column":24},"end":{"line":16,"column":25}},"loc":{"start":{"line":16,"column":30},"end":{"line":57,"column":1}},"line":16}},"branchMap":{},"s":{"0":0,"1":0,"2":0},"f":{"0":0},"b":{},"hash":"b434bfcf8e81973dcaac8894b1994ba63b0c779d"}
,"/Users/jasonlea-jones/Projects/myproj/src/client/components/pages/marketing/DriveWithUs/components/DriveWithUsForm/Address.js": {"path":"/Users/jasonlea-jones/Projects/myproj/src/client/components/pages/marketing/DriveWithUs/components/DriveWithUsForm/Address.js","statementMap":{"0":{"start":{"line":9,"column":16},"end":{"line":115,"column":1}},"1":{"start":{"line":23,"column":2},"end":{"line":114,"column":4}},"2":{"start":{"line":33,"column":25},"end":{"line":33,"column":60}},"3":{"start":{"line":44,"column":25},"end":{"line":44,"column":64}},"4":{"start":{"line":57,"column":25},"end":{"line":57,"column":54}},"5":{"start":{"line":76,"column":25},"end":{"line":76,"column":52}},"6":{"start":{"line":87,"column":12},"end":{"line":89,"column":21}},"7":{"start":{"line":96,"column":25},"end":{"line":96,"column":51}},"8":{"start":{"line":106,"column":25},"end":{"line":106,"column":57}},"9":{"start":{"line":117,"column":0},"end":{"line":130,"column":2}}},"fnMap":{"0":{"name":"(anonymous_0)","decl":{"start":{"line":9,"column":16},"end":{"line":9,"column":17}},"loc":{"start":{"line":22,"column":6},"end":{"line":115,"column":1}},"line":22},"1":{"name":"(anonymous_1)","decl":{"start":{"line":33,"column":20},"end":{"line":33,"column":21}},"loc":{"start":{"line":33,"column":25},"end":{"line":33,"column":60}},"line":33},"2":{"name":"(anonymous_2)","decl":{"start":{"line":44,"column":20},"end":{"line":44,"column":21}},"loc":{"start":{"line":44,"column":25},"end":{"line":44,"column":64}},"line":44},"3":{"name":"(anonymous_3)","decl":{"start":{"line":57,"column":20},"end":{"line":57,"column":21}},"loc":{"start":{"line":57,"column":25},"end":{"line":57,"column":54}},"line":57},"4":{"name":"(anonymous_4)","decl":{"start":{"line":76,"column":20},"end":{"line":76,"column":21}},"loc":{"start":{"line":76,"column":25},"end":{"line":76,"column":52}},"line":76},"5":{"name":"(anonymous_5)","decl":{"start":{"line":86,"column":33},"end":{"line":86,"column":34}},"loc":{"start":{"line":87,"column":12},"end":{"line":89,"column":21}},"line":87},"6":{"name":"(anonymous_6)","decl":{"start":{"line":96,"column":20},"end":{"line":96,"column":21}},"loc":{"start":{"line":96,"column":25},"end":{"line":96,"column":51}},"line":96},"7":{"name":"(anonymous_7)","decl":{"start":{"line":106,"column":20},"end":{"line":106,"column":21}},"loc":{"start":{"line":106,"column":25},"end":{"line":106,"column":57}},"line":106}},"branchMap":{},"s":{"0":0,"1":0,"2":0,"3":0,"4":0,"5":0,"6":0,"7":0,"8":0,"9":0},"f":{"0":0,"1":0,"2":0,"3":0,"4":0,"5":0,"6":0,"7":0},"b":{},"hash":"acee5033245fb5ffc53c6303d5a8c2ae3ab6b99e"}
,"/Users/jasonlea-jones/Projects/myproj/src/client/components/pages/marketing/DriveWithUs/components/DriveWithUsForm/ContactInfo.js": {"path":"/Users/jasonlea-jones/Projects/myproj/src/client/components/pages/marketing/DriveWithUs/components/DriveWithUsForm/ContactInfo.js","statementMap":{"0":{"start":{"line":7,"column":20},"end":{"line":74,"column":1}},"1":{"start":{"line":21,"column":2},"end":{"line":73,"column":4}},"2":{"start":{"line":31,"column":25},"end":{"line":31,"column":58}},"3":{"start":{"line":42,"column":25},"end":{"line":42,"column":56}},"4":{"start":{"line":53,"column":25},"end":{"line":53,"column":52}},"5":{"start":{"line":64,"column":25},"end":{"line":64,"column":64}},"6":{"start":{"line":76,"column":0},"end":{"line":89,"column":2}}},"fnMap":{"0":{"name":"(anonymous_0)","decl":{"start":{"line":7,"column":20},"end":{"line":7,"column":21}},"loc":{"start":{"line":20,"column":6},"end":{"line":74,"column":1}},"line":20},"1":{"name":"(anonymous_1)","decl":{"start":{"line":31,"column":20},"end":{"line":31,"column":21}},"loc":{"start":{"line":31,"column":25},"end":{"line":31,"column":58}},"line":31},"2":{"name":"(anonymous_2)","decl":{"start":{"line":42,"column":20},"end":{"line":42,"column":21}},"loc":{"start":{"line":42,"column":25},"end":{"line":42,"column":56}},"line":42},"3":{"name":"(anonymous_3)","decl":{"start":{"line":53,"column":20},"end":{"line":53,"column":21}},"loc":{"start":{"line":53,"column":25},"end":{"line":53,"column":52}},"line":53},"4":{"name":"(anonymous_4)","decl":{"start":{"line":64,"column":20},"end":{"line":64,"column":21}},"loc":{"start":{"line":64,"column":25},"end":{"line":64,"column":64}},"line":64}},"branchMap":{},"s":{"0":0,"1":0,"2":0,"3":0,"4":0,"5":0,"6":0},"f":{"0":0,"1":0,"2":0,"3":0,"4":0},"b":{},"hash":"7a4ae6d005bd564022a26d710b0ca10227eadaef"}
,"/Users/jasonlea-jones/Projects/myproj/src/client/components/pages/marketing/DriveWithUs/components/DriveWithUsForm/LicenseOverview.js": {"path":"/Users/jasonlea-jones/Projects/myproj/src/client/components/pages/marketing/DriveWithUs/components/DriveWithUsForm/LicenseOverview.js","statementMap":{"0":{"start":{"line":8,"column":24},"end":{"line":91,"column":1}},"1":{"start":{"line":21,"column":2},"end":{"line":90,"column":9}},"2":{"start":{"line":30,"column":23},"end":{"line":30,"column":58}},"3":{"start":{"line":48,"column":23},"end":{"line":48,"column":62}},"4":{"start":{"line":55,"column":23},"end":{"line":55,"column":59}},"5":{"start":{"line":73,"column":23},"end":{"line":73,"column":57}},"6":{"start":{"line":84,"column":10},"end":{"line":86,"column":19}},"7":{"start":{"line":93,"column":0},"end":{"line":105,"column":2}}},"fnMap":{"0":{"name":"(anonymous_0)","decl":{"start":{"line":8,"column":24},"end":{"line":8,"column":25}},"loc":{"start":{"line":21,"column":2},"end":{"line":90,"column":9}},"line":21},"1":{"name":"(anonymous_1)","decl":{"start":{"line":30,"column":18},"end":{"line":30,"column":19}},"loc":{"start":{"line":30,"column":23},"end":{"line":30,"column":58}},"line":30},"2":{"name":"(anonymous_2)","decl":{"start":{"line":48,"column":18},"end":{"line":48,"column":19}},"loc":{"start":{"line":48,"column":23},"end":{"line":48,"column":62}},"line":48},"3":{"name":"(anonymous_3)","decl":{"start":{"line":55,"column":18},"end":{"line":55,"column":19}},"loc":{"start":{"line":55,"column":23},"end":{"line":55,"column":59}},"line":55},"4":{"name":"(anonymous_4)","decl":{"start":{"line":73,"column":18},"end":{"line":73,"column":19}},"loc":{"start":{"line":73,"column":23},"end":{"line":73,"column":57}},"line":73},"5":{"name":"(anonymous_5)","decl":{"start":{"line":83,"column":31},"end":{"line":83,"column":32}},"loc":{"start":{"line":84,"column":10},"end":{"line":86,"column":19}},"line":84}},"branchMap":{},"s":{"0":0,"1":0,"2":0,"3":0,"4":0,"5":0,"6":0,"7":0},"f":{"0":0,"1":0,"2":0,"3":0,"4":0,"5":0},"b":{},"hash":"049c97c40c4cf0f22314e8d511f025c929c68ef6"}
,"/Users/jasonlea-jones/Projects/myproj/src/client/components/pages/marketing/DriveWithUs/components/DriveWithUsForm/PersonalInfo.js": {"path":"/Users/jasonlea-jones/Projects/myproj/src/client/components/pages/marketing/DriveWithUs/components/DriveWithUsForm/PersonalInfo.js","statementMap":{"0":{"start":{"line":10,"column":21},"end":{"line":97,"column":1}},"1":{"start":{"line":20,"column":47},"end":{"line":20,"column":62}},"2":{"start":{"line":22,"column":29},"end":{"line":24,"column":3}},"3":{"start":{"line":23,"column":4},"end":{"line":23,"column":40}},"4":{"start":{"line":26,"column":2},"end":{"line":96,"column":4}},"5":{"start":{"line":36,"column":25},"end":{"line":36,"column":56}},"6":{"start":{"line":48,"column":25},"end":{"line":48,"column":55}},"7":{"start":{"line":65,"column":25},"end":{"line":65,"column":50}},"8":{"start":{"line":92,"column":25},"end":{"line":92,"column":50}},"9":{"start":{"line":99,"column":0},"end":{"line":108,"column":2}}},"fnMap":{"0":{"name":"(anonymous_0)","decl":{"start":{"line":10,"column":21},"end":{"line":10,"column":22}},"loc":{"start":{"line":19,"column":6},"end":{"line":97,"column":1}},"line":19},"1":{"name":"(anonymous_1)","decl":{"start":{"line":22,"column":29},"end":{"line":22,"column":30}},"loc":{"start":{"line":22,"column":35},"end":{"line":24,"column":3}},"line":22},"2":{"name":"(anonymous_2)","decl":{"start":{"line":36,"column":20},"end":{"line":36,"column":21}},"loc":{"start":{"line":36,"column":25},"end":{"line":36,"column":56}},"line":36},"3":{"name":"(anonymous_3)","decl":{"start":{"line":48,"column":20},"end":{"line":48,"column":21}},"loc":{"start":{"line":48,"column":25},"end":{"line":48,"column":55}},"line":48},"4":{"name":"(anonymous_4)","decl":{"start":{"line":65,"column":20},"end":{"line":65,"column":21}},"loc":{"start":{"line":65,"column":25},"end":{"line":65,"column":50}},"line":65},"5":{"name":"(anonymous_5)","decl":{"start":{"line":70,"column":28},"end":{"line":70,"column":29}},"loc":{"start":{"line":70,"column":34},"end":{"line":70,"column":36}},"line":70},"6":{"name":"(anonymous_6)","decl":{"start":{"line":92,"column":20},"end":{"line":92,"column":21}},"loc":{"start":{"line":92,"column":25},"end":{"line":92,"column":50}},"line":92}},"branchMap":{"0":{"loc":{"start":{"line":60,"column":16},"end":{"line":60,"column":51}},"type":"cond-expr","locations":[{"start":{"line":60,"column":32},"end":{"line":60,"column":38}},{"start":{"line":60,"column":41},"end":{"line":60,"column":51}}],"line":60},"1":{"loc":{"start":{"line":75,"column":17},"end":{"line":75,"column":67}},"type":"cond-expr","locations":[{"start":{"line":75,"column":33},"end":{"line":75,"column":47}},{"start":{"line":75,"column":50},"end":{"line":75,"column":67}}],"line":75}},"s":{"0":0,"1":0,"2":0,"3":0,"4":0,"5":0,"6":0,"7":0,"8":0,"9":0},"f":{"0":0,"1":0,"2":0,"3":0,"4":0,"5":0,"6":0},"b":{"0":[0,0],"1":[0,0]},"hash":"6c06ec7ffbb288dd29f0d00362559ff527ba8018"}
,"/Users/jasonlea-jones/Projects/myproj/src/client/components/pages/marketing/DriveWithUs/components/DriveWithUsForm/index.js": {"path":"/Users/jasonlea-jones/Projects/myproj/src/client/components/pages/marketing/DriveWithUs/components/DriveWithUsForm/index.js","statementMap":{"0":{"start":{"line":16,"column":24},"end":{"line":150,"column":1}},"1":{"start":{"line":17,"column":39},"end":{"line":17,"column":51}},"2":{"start":{"line":18,"column":37},"end":{"line":18,"column":49}},"3":{"start":{"line":19,"column":27},"end":{"line":19,"column":39}},"4":{"start":{"line":20,"column":27},"end":{"line":20,"column":39}},"5":{"start":{"line":22,"column":47},"end":{"line":22,"column":59}},"6":{"start":{"line":23,"column":55},"end":{"line":23,"column":67}},"7":{"start":{"line":24,"column":29},"end":{"line":24,"column":41}},"8":{"start":{"line":25,"column":31},"end":{"line":25,"column":43}},"9":{"start":{"line":26,"column":35},"end":{"line":26,"column":47}},"10":{"start":{"line":27,"column":41},"end":{"line":27,"column":53}},"11":{"start":{"line":29,"column":43},"end":{"line":29,"column":55}},"12":{"start":{"line":30,"column":39},"end":{"line":30,"column":51}},"13":{"start":{"line":31,"column":31},"end":{"line":31,"column":43}},"14":{"start":{"line":32,"column":55},"end":{"line":32,"column":67}},"15":{"start":{"line":33,"column":65},"end":{"line":33,"column":77}},"16":{"start":{"line":34,"column":61},"end":{"line":34,"column":73}},"17":{"start":{"line":36,"column":47},"end":{"line":36,"column":59}},"18":{"start":{"line":37,"column":49},"end":{"line":37,"column":61}},"19":{"start":{"line":38,"column":45},"end":{"line":38,"column":57}},"20":{"start":{"line":39,"column":55},"end":{"line":39,"column":67}},"21":{"start":{"line":40,"column":57},"end":{"line":40,"column":69}},"22":{"start":{"line":41,"column":45},"end":{"line":41,"column":57}},"23":{"start":{"line":43,"column":45},"end":{"line":43,"column":60}},"24":{"start":{"line":45,"column":25},"end":{"line":47,"column":3}},"25":{"start":{"line":46,"column":4},"end":{"line":46,"column":19}},"26":{"start":{"line":48,"column":23},"end":{"line":50,"column":3}},"27":{"start":{"line":49,"column":4},"end":{"line":49,"column":19}},"28":{"start":{"line":52,"column":2},"end":{"line":149,"column":4}},"29":{"start":{"line":124,"column":34},"end":{"line":124,"column":67}},"30":{"start":{"line":152,"column":20},"end":{"line":154,"column":1}},"31":{"start":{"line":156,"column":20},"end":{"line":158,"column":1}}},"fnMap":{"0":{"name":"(anonymous_0)","decl":{"start":{"line":16,"column":24},"end":{"line":16,"column":25}},"loc":{"start":{"line":16,"column":30},"end":{"line":150,"column":1}},"line":16},"1":{"name":"(anonymous_1)","decl":{"start":{"line":45,"column":25},"end":{"line":45,"column":26}},"loc":{"start":{"line":45,"column":30},"end":{"line":47,"column":3}},"line":45},"2":{"name":"(anonymous_2)","decl":{"start":{"line":48,"column":23},"end":{"line":48,"column":24}},"loc":{"start":{"line":48,"column":28},"end":{"line":50,"column":3}},"line":48},"3":{"name":"(anonymous_3)","decl":{"start":{"line":124,"column":28},"end":{"line":124,"column":29}},"loc":{"start":{"line":124,"column":34},"end":{"line":124,"column":67}},"line":124}},"branchMap":{},"s":{"0":0,"1":0,"2":0,"3":0,"4":0,"5":0,"6":0,"7":0,"8":0,"9":0,"10":0,"11":0,"12":0,"13":0,"14":0,"15":0,"16":0,"17":0,"18":0,"19":0,"20":0,"21":0,"22":0,"23":0,"24":0,"25":0,"26":0,"27":0,"28":0,"29":0,"30":0,"31":0},"f":{"0":0,"1":0,"2":0,"3":0},"b":{},"hash":"6752ec751533b4d9065ed42d9767bcb152c9a310"}
,"/Users/jasonlea-jones/Projects/myproj/src/client/components/shared/Back/index.js": {"path":"/Users/jasonlea-jones/Projects/myproj/src/client/components/shared/Back/index.js","statementMap":{"0":{"start":{"line":13,"column":13},"end":{"line":24,"column":1}},"1":{"start":{"line":14,"column":2},"end":{"line":23,"column":18}},"2":{"start":{"line":26,"column":0},"end":{"line":28,"column":2}},"3":{"start":{"line":30,"column":22},"end":{"line":32,"column":1}},"4":{"start":{"line":34,"column":18},"end":{"line":36,"column":1}},"5":{"start":{"line":35,"column":20},"end":{"line":35,"column":44}},"6":{"start":{"line":38,"column":18},"end":{"line":41,"column":1}}},"fnMap":{"0":{"name":"(anonymous_0)","decl":{"start":{"line":13,"column":13},"end":{"line":13,"column":14}},"loc":{"start":{"line":14,"column":2},"end":{"line":23,"column":18}},"line":14},"1":{"name":"(anonymous_1)","decl":{"start":{"line":35,"column":11},"end":{"line":35,"column":12}},"loc":{"start":{"line":35,"column":20},"end":{"line":35,"column":44}},"line":35}},"branchMap":{},"s":{"0":1,"1":1,"2":1,"3":1,"4":1,"5":1,"6":1},"f":{"0":1,"1":1},"b":{},"_coverageSchema":"43e27e138ebf9cfc5966b082cf9a028302ed4184","hash":"abb57b9e0765bd4d2c1f4fd7bc581a2e4f5440e5"}
,"/Users/jasonlea-jones/Projects/myproj/src/client/components/shared/Back/language.js": {"path":"/Users/jasonlea-jones/Projects/myproj/src/client/components/shared/Back/language.js","statementMap":{"0":{"start":{"line":2,"column":14},"end":{"line":2,"column":20}}},"fnMap":{"0":{"name":"(anonymous_0)","decl":{"start":{"line":2,"column":8},"end":{"line":2,"column":9}},"loc":{"start":{"line":2,"column":14},"end":{"line":2,"column":20}},"line":2}},"branchMap":{},"s":{"0":1},"f":{"0":1},"b":{},"_coverageSchema":"43e27e138ebf9cfc5966b082cf9a028302ed4184","hash":"1fc6a6098e5a6808776350b7d02ed995c41761d0"}
,"/Users/jasonlea-jones/Projects/myproj/src/client/components/shared/Container/index.js": {"path":"/Users/jasonlea-jones/Projects/myproj/src/client/components/shared/Container/index.js","statementMap":{"0":{"start":{"line":5,"column":18},"end":{"line":5,"column":73}},"1":{"start":{"line":5,"column":36},"end":{"line":5,"column":73}},"2":{"start":{"line":7,"column":0},"end":{"line":9,"column":2}},"3":{"start":{"line":11,"column":20},"end":{"line":17,"column":1}}},"fnMap":{"0":{"name":"(anonymous_0)","decl":{"start":{"line":5,"column":18},"end":{"line":5,"column":19}},"loc":{"start":{"line":5,"column":36},"end":{"line":5,"column":73}},"line":5}},"branchMap":{},"s":{"0":0,"1":0,"2":0,"3":0},"f":{"0":0},"b":{},"hash":"c47820d34f3e64233c240903479c31d74bc69925"}
,"/Users/jasonlea-jones/Projects/myproj/src/client/components/shared/Footer/index.js": {"path":"/Users/jasonlea-jones/Projects/myproj/src/client/components/shared/Footer/index.js","statementMap":{"0":{"start":{"line":7,"column":15},"end":{"line":13,"column":1}},"1":{"start":{"line":8,"column":2},"end":{"line":12,"column":18}},"2":{"start":{"line":15,"column":22},"end":{"line":17,"column":1}}},"fnMap":{"0":{"name":"(anonymous_0)","decl":{"start":{"line":7,"column":15},"end":{"line":7,"column":16}},"loc":{"start":{"line":8,"column":2},"end":{"line":12,"column":18}},"line":8}},"branchMap":{},"s":{"0":0,"1":0,"2":0},"f":{"0":0},"b":{},"hash":"88e7790fa0e1d1fab8380c264da303ad5fcc2f7a"}
,"/Users/jasonlea-jones/Projects/myproj/src/client/components/shared/Header/index.js": {"path":"/Users/jasonlea-jones/Projects/myproj/src/client/components/shared/Header/index.js","statementMap":{"0":{"start":{"line":10,"column":15},"end":{"line":20,"column":1}},"1":{"start":{"line":12,"column":4},"end":{"line":12,"column":65}},"2":{"start":{"line":13,"column":2},"end":{"line":19,"column":4}},"3":{"start":{"line":22,"column":0},"end":{"line":26,"column":2}}},"fnMap":{"0":{"name":"(anonymous_0)","decl":{"start":{"line":10,"column":15},"end":{"line":10,"column":16}},"loc":{"start":{"line":10,"column":33},"end":{"line":20,"column":1}},"line":10}},"branchMap":{"0":{"loc":{"start":{"line":12,"column":4},"end":{"line":12,"column":65}},"type":"cond-expr","locations":[{"start":{"line":12,"column":51},"end":{"line":12,"column":55}},{"start":{"line":12,"column":58},"end":{"line":12,"column":65}}],"line":12}},"s":{"0":0,"1":0,"2":0,"3":0},"f":{"0":0},"b":{"0":[0,0]},"hash":"52a6bbd706558a68ba51c1fb86084d488cfb34d2"}
,"/Users/jasonlea-jones/Projects/myproj/src/client/components/shared/Link/index.js": {"path":"/Users/jasonlea-jones/Projects/myproj/src/client/components/shared/Link/index.js","statementMap":{"0":{"start":{"line":8,"column":19},"end":{"line":8,"column":30}},"1":{"start":{"line":10,"column":13},"end":{"line":29,"column":1}},"2":{"start":{"line":11,"column":20},"end":{"line":20,"column":3}},"3":{"start":{"line":12,"column":4},"end":{"line":12,"column":23}},"4":{"start":{"line":13,"column":4},"end":{"line":16,"column":7}},"5":{"start":{"line":18,"column":4},"end":{"line":18,"column":28}},"6":{"start":{"line":18,"column":17},"end":{"line":18,"column":28}},"7":{"start":{"line":19,"column":4},"end":{"line":19,"column":21}},"8":{"start":{"line":22,"column":2},"end":{"line":28,"column":4}},"9":{"start":{"line":31,"column":0},"end":{"line":34,"column":2}},"10":{"start":{"line":36,"column":0},"end":{"line":54,"column":2}}},"fnMap":{"0":{"name":"(anonymous_0)","decl":{"start":{"line":10,"column":13},"end":{"line":10,"column":14}},"loc":{"start":{"line":10,"column":77},"end":{"line":29,"column":1}},"line":10},"1":{"name":"(anonymous_1)","decl":{"start":{"line":11,"column":20},"end":{"line":11,"column":21}},"loc":{"start":{"line":11,"column":25},"end":{"line":20,"column":3}},"line":11},"2":{"name":"(anonymous_2)","decl":{"start":{"line":33,"column":11},"end":{"line":33,"column":12}},"loc":{"start":{"line":33,"column":17},"end":{"line":33,"column":19}},"line":33}},"branchMap":{"0":{"loc":{"start":{"line":18,"column":4},"end":{"line":18,"column":28}},"type":"if","locations":[{"start":{"line":18,"column":4},"end":{"line":18,"column":28}},{"start":{"line":18,"column":4},"end":{"line":18,"column":28}}],"line":18}},"s":{"0":1,"1":1,"2":1,"3":0,"4":0,"5":0,"6":0,"7":0,"8":1,"9":1,"10":1},"f":{"0":1,"1":0,"2":0},"b":{"0":[0,0]},"_coverageSchema":"43e27e138ebf9cfc5966b082cf9a028302ed4184","hash":"8c534214849e82558ce95ab4bb3a3ee213254124"}
,"/Users/jasonlea-jones/Projects/myproj/src/client/components/shared/Loader/index.js": {"path":"/Users/jasonlea-jones/Projects/myproj/src/client/components/shared/Loader/index.js","statementMap":{"0":{"start":{"line":5,"column":15},"end":{"line":5,"column":48}},"1":{"start":{"line":5,"column":21},"end":{"line":5,"column":48}}},"fnMap":{"0":{"name":"(anonymous_0)","decl":{"start":{"line":5,"column":15},"end":{"line":5,"column":16}},"loc":{"start":{"line":5,"column":21},"end":{"line":5,"column":48}},"line":5}},"branchMap":{},"s":{"0":0,"1":0},"f":{"0":0},"b":{},"hash":"f7bf7888070d840f06efaf0deebd86539528971c"}
,"/Users/jasonlea-jones/Projects/myproj/src/client/components/shared/Loader/language.js": {"path":"/Users/jasonlea-jones/Projects/myproj/src/client/components/shared/Loader/language.js","statementMap":{"0":{"start":{"line":2,"column":17},"end":{"line":2,"column":26}}},"fnMap":{"0":{"name":"(anonymous_0)","decl":{"start":{"line":2,"column":11},"end":{"line":2,"column":12}},"loc":{"start":{"line":2,"column":17},"end":{"line":2,"column":26}},"line":2}},"branchMap":{},"s":{"0":0},"f":{"0":0},"b":{},"hash":"47ce552502c913fbd46d34766246e2e57428a6fd"}
,"/Users/jasonlea-jones/Projects/myproj/src/client/components/shared/NavMenu/constants.js": {"path":"/Users/jasonlea-jones/Projects/myproj/src/client/components/shared/NavMenu/constants.js","statementMap":{},"fnMap":{},"branchMap":{},"s":{},"f":{},"b":{},"hash":"bd831da79bf0a8551b346d69b6f687a44ede7972"}
,"/Users/jasonlea-jones/Projects/myproj/src/client/components/shared/NavMenu/index.js": {"path":"/Users/jasonlea-jones/Projects/myproj/src/client/components/shared/NavMenu/index.js","statementMap":{"0":{"start":{"line":11,"column":16},"end":{"line":28,"column":1}},"1":{"start":{"line":12,"column":2},"end":{"line":27,"column":8}},"2":{"start":{"line":15,"column":8},"end":{"line":24,"column":18}},"3":{"start":{"line":30,"column":16},"end":{"line":32,"column":1}},"4":{"start":{"line":34,"column":16},"end":{"line":36,"column":1}},"5":{"start":{"line":35,"column":20},"end":{"line":35,"column":46}}},"fnMap":{"0":{"name":"(anonymous_0)","decl":{"start":{"line":11,"column":16},"end":{"line":11,"column":17}},"loc":{"start":{"line":12,"column":2},"end":{"line":27,"column":8}},"line":12},"1":{"name":"(anonymous_1)","decl":{"start":{"line":14,"column":17},"end":{"line":14,"column":18}},"loc":{"start":{"line":15,"column":8},"end":{"line":24,"column":18}},"line":15},"2":{"name":"(anonymous_2)","decl":{"start":{"line":35,"column":11},"end":{"line":35,"column":12}},"loc":{"start":{"line":35,"column":20},"end":{"line":35,"column":46}},"line":35}},"branchMap":{},"s":{"0":0,"1":0,"2":0,"3":0,"4":0,"5":0},"f":{"0":0,"1":0,"2":0},"b":{},"hash":"79e9c7300ea1ca930c03f40b6dcec5f9a3d04330"}
,"/Users/jasonlea-jones/Projects/myproj/src/client/components/shared/NavMenu/language.js": {"path":"/Users/jasonlea-jones/Projects/myproj/src/client/components/shared/NavMenu/language.js","statementMap":{"0":{"start":{"line":2,"column":14},"end":{"line":2,"column":20}},"1":{"start":{"line":3,"column":15},"end":{"line":3,"column":22}},"2":{"start":{"line":4,"column":21},"end":{"line":4,"column":36}}},"fnMap":{"0":{"name":"(anonymous_0)","decl":{"start":{"line":2,"column":8},"end":{"line":2,"column":9}},"loc":{"start":{"line":2,"column":14},"end":{"line":2,"column":20}},"line":2},"1":{"name":"(anonymous_1)","decl":{"start":{"line":3,"column":9},"end":{"line":3,"column":10}},"loc":{"start":{"line":3,"column":15},"end":{"line":3,"column":22}},"line":3},"2":{"name":"(anonymous_2)","decl":{"start":{"line":4,"column":15},"end":{"line":4,"column":16}},"loc":{"start":{"line":4,"column":21},"end":{"line":4,"column":36}},"line":4}},"branchMap":{},"s":{"0":0,"1":0,"2":0},"f":{"0":0,"1":0,"2":0},"b":{},"hash":"4a013520e5e49de7cc0f83fad60d241a109ce330"}
,"/Users/jasonlea-jones/Projects/myproj/src/client/components/shared/Page/index.js": {"path":"/Users/jasonlea-jones/Projects/myproj/src/client/components/shared/Page/index.js","statementMap":{"0":{"start":{"line":5,"column":13},"end":{"line":8,"column":1}},"1":{"start":{"line":6,"column":2},"end":{"line":6,"column":21}},"2":{"start":{"line":7,"column":2},"end":{"line":7,"column":47}},"3":{"start":{"line":10,"column":0},"end":{"line":12,"column":2}},"4":{"start":{"line":14,"column":0},"end":{"line":18,"column":2}}},"fnMap":{"0":{"name":"(anonymous_0)","decl":{"start":{"line":5,"column":13},"end":{"line":5,"column":14}},"loc":{"start":{"line":5,"column":44},"end":{"line":8,"column":1}},"line":5}},"branchMap":{},"s":{"0":0,"1":0,"2":0,"3":0,"4":0},"f":{"0":0},"b":{},"hash":"86c18acda413b04457a6e9b9fa2376adac29b47e"}
,"/Users/jasonlea-jones/Projects/myproj/src/client/components/shared/Redirect/index.js": {"path":"/Users/jasonlea-jones/Projects/myproj/src/client/components/shared/Redirect/index.js","statementMap":{"0":{"start":{"line":5,"column":17},"end":{"line":23,"column":1}},"1":{"start":{"line":6,"column":2},"end":{"line":22,"column":4}},"2":{"start":{"line":8,"column":6},"end":{"line":10,"column":7}},"3":{"start":{"line":9,"column":8},"end":{"line":9,"column":39}},"4":{"start":{"line":12,"column":6},"end":{"line":20,"column":8}},"5":{"start":{"line":15,"column":12},"end":{"line":15,"column":51}},"6":{"start":{"line":25,"column":0},"end":{"line":28,"column":2}}},"fnMap":{"0":{"name":"(anonymous_0)","decl":{"start":{"line":5,"column":17},"end":{"line":5,"column":18}},"loc":{"start":{"line":6,"column":2},"end":{"line":22,"column":4}},"line":6},"1":{"name":"(anonymous_1)","decl":{"start":{"line":7,"column":12},"end":{"line":7,"column":13}},"loc":{"start":{"line":7,"column":35},"end":{"line":21,"column":5}},"line":7},"2":{"name":"(anonymous_2)","decl":{"start":{"line":14,"column":20},"end":{"line":14,"column":21}},"loc":{"start":{"line":15,"column":12},"end":{"line":15,"column":51}},"line":15}},"branchMap":{"0":{"loc":{"start":{"line":8,"column":6},"end":{"line":10,"column":7}},"type":"if","locations":[{"start":{"line":8,"column":6},"end":{"line":10,"column":7}},{"start":{"line":8,"column":6},"end":{"line":10,"column":7}}],"line":8},"1":{"loc":{"start":{"line":12,"column":13},"end":{"line":20,"column":7}},"type":"cond-expr","locations":[{"start":{"line":13,"column":8},"end":{"line":17,"column":17}},{"start":{"line":19,"column":8},"end":{"line":19,"column":51}}],"line":12}},"s":{"0":0,"1":0,"2":0,"3":0,"4":0,"5":0,"6":0},"f":{"0":0,"1":0,"2":0},"b":{"0":[0,0],"1":[0,0]},"hash":"7a885b9df46104746f620636c8a706564ce3036e"}
,"/Users/jasonlea-jones/Projects/myproj/src/client/components/shared/theme/index.js": {"path":"/Users/jasonlea-jones/Projects/myproj/src/client/components/shared/theme/index.js","statementMap":{"0":{"start":{"line":7,"column":21},"end":{"line":7,"column":39}},"1":{"start":{"line":9,"column":22},"end":{"line":15,"column":1}},"2":{"start":{"line":17,"column":24},"end":{"line":21,"column":1}},"3":{"start":{"line":18,"column":2},"end":{"line":20,"column":21}},"4":{"start":{"line":23,"column":0},"end":{"line":26,"column":2}},"5":{"start":{"line":28,"column":0},"end":{"line":32,"column":2}}},"fnMap":{"0":{"name":"(anonymous_0)","decl":{"start":{"line":17,"column":24},"end":{"line":17,"column":25}},"loc":{"start":{"line":18,"column":2},"end":{"line":20,"column":21}},"line":18}},"branchMap":{},"s":{"0":1,"1":1,"2":1,"3":0,"4":1,"5":1},"f":{"0":0},"b":{},"_coverageSchema":"43e27e138ebf9cfc5966b082cf9a028302ed4184","hash":"2ff2f96d9dc00e0e6d400c0ed36bf6f8b53f7f79"}
,"/Users/jasonlea-jones/Projects/myproj/src/client/hoc/index.js": {"path":"/Users/jasonlea-jones/Projects/myproj/src/client/hoc/index.js","statementMap":{},"fnMap":{},"branchMap":{},"s":{},"f":{},"b":{},"hash":"e2e758c598787fc7e7a840f47ba4f4f84ae4075e"}
,"/Users/jasonlea-jones/Projects/myproj/src/client/hoc/withTimer.js": {"path":"/Users/jasonlea-jones/Projects/myproj/src/client/hoc/withTimer.js","statementMap":{"0":{"start":{"line":5,"column":18},"end":{"line":13,"column":1}},"1":{"start":{"line":6,"column":22},"end":{"line":6,"column":70}},"2":{"start":{"line":7,"column":18},"end":{"line":9,"column":3}},"3":{"start":{"line":8,"column":4},"end":{"line":8,"column":42}},"4":{"start":{"line":11,"column":2},"end":{"line":11,"column":38}},"5":{"start":{"line":12,"column":2},"end":{"line":12,"column":19}}},"fnMap":{"0":{"name":"(anonymous_0)","decl":{"start":{"line":5,"column":18},"end":{"line":5,"column":19}},"loc":{"start":{"line":5,"column":38},"end":{"line":13,"column":1}},"line":5},"1":{"name":"(anonymous_1)","decl":{"start":{"line":7,"column":18},"end":{"line":7,"column":19}},"loc":{"start":{"line":7,"column":29},"end":{"line":9,"column":3}},"line":7}},"branchMap":{},"s":{"0":0,"1":0,"2":0,"3":0,"4":0,"5":0},"f":{"0":0,"1":0},"b":{},"hash":"e279886937f3200eba196344d662f8e3fba0721a"}
,"/Users/jasonlea-jones/Projects/myproj/src/client/lib/tracking.js": {"path":"/Users/jasonlea-jones/Projects/myproj/src/client/lib/tracking.js","statementMap":{"0":{"start":{"line":4,"column":18},"end":{"line":4,"column":47}},"1":{"start":{"line":6,"column":24},"end":{"line":19,"column":1}},"2":{"start":{"line":7,"column":2},"end":{"line":18,"column":3}},"3":{"start":{"line":8,"column":25},"end":{"line":13,"column":5}},"4":{"start":{"line":15,"column":4},"end":{"line":17,"column":7}},"5":{"start":{"line":21,"column":26},"end":{"line":32,"column":1}},"6":{"start":{"line":22,"column":2},"end":{"line":31,"column":3}},"7":{"start":{"line":23,"column":25},"end":{"line":26,"column":5}},"8":{"start":{"line":28,"column":4},"end":{"line":30,"column":7}}},"fnMap":{"0":{"name":"(anonymous_0)","decl":{"start":{"line":6,"column":24},"end":{"line":6,"column":25}},"loc":{"start":{"line":6,"column":50},"end":{"line":19,"column":1}},"line":6},"1":{"name":"(anonymous_1)","decl":{"start":{"line":21,"column":26},"end":{"line":21,"column":27}},"loc":{"start":{"line":21,"column":53},"end":{"line":32,"column":1}},"line":21}},"branchMap":{"0":{"loc":{"start":{"line":7,"column":2},"end":{"line":18,"column":3}},"type":"if","locations":[{"start":{"line":7,"column":2},"end":{"line":18,"column":3}},{"start":{"line":7,"column":2},"end":{"line":18,"column":3}}],"line":7},"1":{"loc":{"start":{"line":22,"column":2},"end":{"line":31,"column":3}},"type":"if","locations":[{"start":{"line":22,"column":2},"end":{"line":31,"column":3}},{"start":{"line":22,"column":2},"end":{"line":31,"column":3}}],"line":22}},"s":{"0":1,"1":1,"2":0,"3":0,"4":0,"5":1,"6":0,"7":0,"8":0},"f":{"0":0,"1":0},"b":{"0":[0,0],"1":[0,0]},"_coverageSchema":"43e27e138ebf9cfc5966b082cf9a028302ed4184","hash":"d8f664d1e62de4a0b818e5369af5c3cd72f21314"}
,"/Users/jasonlea-jones/Projects/myproj/src/client/lib/utils.js": {"path":"/Users/jasonlea-jones/Projects/myproj/src/client/lib/utils.js","statementMap":{"0":{"start":{"line":1,"column":30},"end":{"line":3,"column":1}},"1":{"start":{"line":2,"column":2},"end":{"line":2,"column":78}},"2":{"start":{"line":5,"column":25},"end":{"line":13,"column":13}},"3":{"start":{"line":6,"column":2},"end":{"line":13,"column":13}},"4":{"start":{"line":9,"column":6},"end":{"line":9,"column":73}},"5":{"start":{"line":9,"column":19},"end":{"line":9,"column":73}},"6":{"start":{"line":11,"column":6},"end":{"line":11,"column":19}}},"fnMap":{"0":{"name":"(anonymous_0)","decl":{"start":{"line":1,"column":30},"end":{"line":1,"column":31}},"loc":{"start":{"line":1,"column":50},"end":{"line":3,"column":1}},"line":1},"1":{"name":"(anonymous_1)","decl":{"start":{"line":5,"column":25},"end":{"line":5,"column":26}},"loc":{"start":{"line":6,"column":2},"end":{"line":13,"column":13}},"line":6},"2":{"name":"(anonymous_2)","decl":{"start":{"line":8,"column":9},"end":{"line":8,"column":10}},"loc":{"start":{"line":8,"column":25},"end":{"line":12,"column":5}},"line":8}},"branchMap":{"0":{"loc":{"start":{"line":2,"column":9},"end":{"line":2,"column":77}},"type":"binary-expr","locations":[{"start":{"line":2,"column":9},"end":{"line":2,"column":37}},{"start":{"line":2,"column":41},"end":{"line":2,"column":62}},{"start":{"line":2,"column":66},"end":{"line":2,"column":77}}],"line":2},"1":{"loc":{"start":{"line":9,"column":6},"end":{"line":9,"column":73}},"type":"if","locations":[{"start":{"line":9,"column":6},"end":{"line":9,"column":73}},{"start":{"line":9,"column":6},"end":{"line":9,"column":73}}],"line":9}},"s":{"0":0,"1":0,"2":0,"3":0,"4":0,"5":0,"6":0},"f":{"0":0,"1":0,"2":0},"b":{"0":[0,0,0],"1":[0,0]},"hash":"3b32c87e5125a356adb9d511ea856a345c48cba9"}
,"/Users/jasonlea-jones/Projects/myproj/src/constants/paths.js": {"path":"/Users/jasonlea-jones/Projects/myproj/src/constants/paths.js","statementMap":{},"fnMap":{},"branchMap":{},"s":{},"f":{},"b":{},"_coverageSchema":"43e27e138ebf9cfc5966b082cf9a028302ed4184","hash":"19b5259b56aa426fd7934a2f95bf547e158bd496"}
,"/Users/jasonlea-jones/Projects/myproj/src/constants/states.js": {"path":"/Users/jasonlea-jones/Projects/myproj/src/constants/states.js","statementMap":{"0":{"start":{"line":1,"column":20},"end":{"line":1,"column":22}},"1":{"start":{"line":3,"column":33},"end":{"line":55,"column":1}}},"fnMap":{},"branchMap":{},"s":{"0":0,"1":0},"f":{},"b":{},"hash":"4d66080722517333cda60c8ccdb99f8465965a57"}
,"/Users/jasonlea-jones/Projects/myproj/src/server/index.js": {"path":"/Users/jasonlea-jones/Projects/myproj/src/server/index.js","statementMap":{"0":{"start":{"line":15,"column":18},"end":{"line":15,"column":26}},"1":{"start":{"line":16,"column":13},"end":{"line":16,"column":17}},"2":{"start":{"line":17,"column":15},"end":{"line":21,"column":1}},"3":{"start":{"line":22,"column":12},"end":{"line":22,"column":21}},"4":{"start":{"line":23,"column":0},"end":{"line":23,"column":27}},"5":{"start":{"line":24,"column":0},"end":{"line":24,"column":38}},"6":{"start":{"line":25,"column":0},"end":{"line":25,"column":55}},"7":{"start":{"line":26,"column":0},"end":{"line":26,"column":48}},"8":{"start":{"line":27,"column":0},"end":{"line":30,"column":2}},"9":{"start":{"line":32,"column":0},"end":{"line":34,"column":3}},"10":{"start":{"line":33,"column":2},"end":{"line":33,"column":35}},"11":{"start":{"line":35,"column":0},"end":{"line":35,"column":28}},"12":{"start":{"line":36,"column":0},"end":{"line":38,"column":3}},"13":{"start":{"line":37,"column":2},"end":{"line":37,"column":59}}},"fnMap":{"0":{"name":"(anonymous_0)","decl":{"start":{"line":32,"column":13},"end":{"line":32,"column":14}},"loc":{"start":{"line":32,"column":33},"end":{"line":34,"column":1}},"line":32},"1":{"name":"(anonymous_1)","decl":{"start":{"line":36,"column":17},"end":{"line":36,"column":18}},"loc":{"start":{"line":36,"column":23},"end":{"line":38,"column":1}},"line":36}},"branchMap":{},"s":{"0":0,"1":0,"2":0,"3":0,"4":0,"5":0,"6":0,"7":0,"8":0,"9":0,"10":0,"11":0,"12":0,"13":0},"f":{"0":0,"1":0},"b":{},"hash":"a7a525226bab0d7b901d24cc5cf955fe0fbf4618"}
,"/Users/jasonlea-jones/Projects/myproj/src/server/api/apiVersion.js": {"path":"/Users/jasonlea-jones/Projects/myproj/src/server/api/apiVersion.js","statementMap":{"0":{"start":{"line":1,"column":20},"end":{"line":1,"column":24}}},"fnMap":{},"branchMap":{},"s":{"0":0},"f":{},"b":{},"hash":"6ffeb7ef923e4ca68da74fe161fa304f018b6a2e"}
,"/Users/jasonlea-jones/Projects/myproj/src/server/api/v0/index.js": {"path":"/Users/jasonlea-jones/Projects/myproj/src/server/api/v0/index.js","statementMap":{"0":{"start":{"line":15,"column":17},"end":{"line":15,"column":25}},"1":{"start":{"line":16,"column":2},"end":{"line":18,"column":4}},"2":{"start":{"line":17,"column":4},"end":{"line":17,"column":55}},"3":{"start":{"line":19,"column":2},"end":{"line":21,"column":4}},"4":{"start":{"line":20,"column":4},"end":{"line":20,"column":39}},"5":{"start":{"line":22,"column":2},"end":{"line":24,"column":4}},"6":{"start":{"line":23,"column":4},"end":{"line":23,"column":37}},"7":{"start":{"line":25,"column":2},"end":{"line":25,"column":38}},"8":{"start":{"line":26,"column":2},"end":{"line":26,"column":50}},"9":{"start":{"line":27,"column":2},"end":{"line":27,"column":52}},"10":{"start":{"line":29,"column":2},"end":{"line":29,"column":16}}},"fnMap":{"0":{"name":"(anonymous_0)","decl":{"start":{"line":14,"column":15},"end":{"line":14,"column":16}},"loc":{"start":{"line":14,"column":25},"end":{"line":30,"column":1}},"line":14},"1":{"name":"(anonymous_1)","decl":{"start":{"line":16,"column":18},"end":{"line":16,"column":19}},"loc":{"start":{"line":17,"column":4},"end":{"line":17,"column":55}},"line":17},"2":{"name":"(anonymous_2)","decl":{"start":{"line":19,"column":39},"end":{"line":19,"column":40}},"loc":{"start":{"line":20,"column":4},"end":{"line":20,"column":39}},"line":20},"3":{"name":"(anonymous_3)","decl":{"start":{"line":22,"column":37},"end":{"line":22,"column":38}},"loc":{"start":{"line":23,"column":4},"end":{"line":23,"column":37}},"line":23}},"branchMap":{},"s":{"0":0,"1":0,"2":0,"3":0,"4":0,"5":0,"6":0,"7":0,"8":0,"9":0,"10":0},"f":{"0":0,"1":0,"2":0,"3":0},"b":{},"hash":"5d3933e9bb4e49f54cfaf409b98aa7a16aa04fa0"}
,"/Users/jasonlea-jones/Projects/myproj/src/server/core/html.js": {"path":"/Users/jasonlea-jones/Projects/myproj/src/server/core/html.js","statementMap":{"0":{"start":{"line":2,"column":2},"end":{"line":21,"column":4}}},"fnMap":{"0":{"name":"(anonymous_0)","decl":{"start":{"line":1,"column":15},"end":{"line":1,"column":16}},"loc":{"start":{"line":1,"column":74},"end":{"line":22,"column":1}},"line":1}},"branchMap":{},"s":{"0":0},"f":{"0":0},"b":{},"hash":"b3332d894c8e0661dee15c5fc8fb310f5c401c89"}
,"/Users/jasonlea-jones/Projects/myproj/src/server/core/components/ServerApp.js": {"path":"/Users/jasonlea-jones/Projects/myproj/src/server/core/components/ServerApp.js","statementMap":{"0":{"start":{"line":9,"column":18},"end":{"line":21,"column":1}},"1":{"start":{"line":10,"column":2},"end":{"line":20,"column":4}},"2":{"start":{"line":23,"column":0},"end":{"line":29,"column":2}}},"fnMap":{"0":{"name":"(anonymous_0)","decl":{"start":{"line":9,"column":18},"end":{"line":9,"column":19}},"loc":{"start":{"line":9,"column":53},"end":{"line":21,"column":1}},"line":9}},"branchMap":{},"s":{"0":0,"1":0,"2":0},"f":{"0":0},"b":{},"hash":"b68ffa5b3228f46d0629d02edaf026060c016bfa"}
,"/Users/jasonlea-jones/Projects/myproj/src/server/core/handlers/renderer.js": {"path":"/Users/jasonlea-jones/Projects/myproj/src/server/core/handlers/renderer.js","statementMap":{"0":{"start":{"line":14,"column":18},"end":{"line":14,"column":61}},"1":{"start":{"line":15,"column":18},"end":{"line":15,"column":51}},"2":{"start":{"line":17,"column":17},"end":{"line":58,"column":1}},"3":{"start":{"line":18,"column":2},"end":{"line":18,"column":53}},"4":{"start":{"line":19,"column":24},"end":{"line":19,"column":26}},"5":{"start":{"line":20,"column":19},"end":{"line":20,"column":41}},"6":{"start":{"line":21,"column":20},"end":{"line":21,"column":43}},"7":{"start":{"line":22,"column":16},"end":{"line":22,"column":32}},"8":{"start":{"line":24,"column":26},"end":{"line":32,"column":3}},"9":{"start":{"line":25,"column":19},"end":{"line":29,"column":5}},"10":{"start":{"line":30,"column":4},"end":{"line":30,"column":35}},"11":{"start":{"line":31,"column":4},"end":{"line":31,"column":49}},"12":{"start":{"line":34,"column":23},"end":{"line":34,"column":67}},"13":{"start":{"line":35,"column":2},"end":{"line":57,"column":3}},"14":{"start":{"line":36,"column":4},"end":{"line":36,"column":41}},"15":{"start":{"line":38,"column":23},"end":{"line":38,"column":48}},"16":{"start":{"line":39,"column":22},"end":{"line":39,"column":46}},"17":{"start":{"line":40,"column":19},"end":{"line":40,"column":39}},"18":{"start":{"line":41,"column":18},"end":{"line":41,"column":41}},"19":{"start":{"line":42,"column":4},"end":{"line":42,"column":20}},"20":{"start":{"line":44,"column":17},"end":{"line":44,"column":38}},"21":{"start":{"line":45,"column":4},"end":{"line":45,"column":77}},"22":{"start":{"line":46,"column":4},"end":{"line":56,"column":6}}},"fnMap":{"0":{"name":"(anonymous_0)","decl":{"start":{"line":17,"column":17},"end":{"line":17,"column":18}},"loc":{"start":{"line":17,"column":45},"end":{"line":58,"column":1}},"line":17},"1":{"name":"(anonymous_1)","decl":{"start":{"line":24,"column":26},"end":{"line":24,"column":27}},"loc":{"start":{"line":24,"column":32},"end":{"line":32,"column":3}},"line":24}},"branchMap":{"0":{"loc":{"start":{"line":35,"column":2},"end":{"line":57,"column":3}},"type":"if","locations":[{"start":{"line":35,"column":2},"end":{"line":57,"column":3}},{"start":{"line":35,"column":2},"end":{"line":57,"column":3}}],"line":35},"1":{"loc":{"start":{"line":46,"column":15},"end":{"line":46,"column":46}},"type":"binary-expr","locations":[{"start":{"line":46,"column":15},"end":{"line":46,"column":39}},{"start":{"line":46,"column":43},"end":{"line":46,"column":46}}],"line":46}},"s":{"0":0,"1":0,"2":0,"3":0,"4":0,"5":0,"6":0,"7":0,"8":0,"9":0,"10":0,"11":0,"12":0,"13":0,"14":0,"15":0,"16":0,"17":0,"18":0,"19":0,"20":0,"21":0,"22":0},"f":{"0":0,"1":0},"b":{"0":[0,0],"1":[0,0]},"hash":"126c8886c43f11fce3766823b3f8c510b01d3b86"}
,"/Users/jasonlea-jones/Projects/myproj/src/server/core/lib/logger.js": {"path":"/Users/jasonlea-jones/Projects/myproj/src/server/core/lib/logger.js","statementMap":{"0":{"start":{"line":5,"column":4},"end":{"line":21,"column":7}},"1":{"start":{"line":18,"column":28},"end":{"line":18,"column":47}},"2":{"start":{"line":25,"column":4},"end":{"line":30,"column":6}},"3":{"start":{"line":34,"column":4},"end":{"line":39,"column":6}},"4":{"start":{"line":43,"column":4},"end":{"line":48,"column":6}},"5":{"start":{"line":52,"column":4},"end":{"line":57,"column":6}},"6":{"start":{"line":61,"column":4},"end":{"line":66,"column":6}},"7":{"start":{"line":70,"column":4},"end":{"line":75,"column":6}},"8":{"start":{"line":78,"column":11},"end":{"line":82,"column":3}},"9":{"start":{"line":80,"column":6},"end":{"line":80,"column":32}},"10":{"start":{"line":85,"column":4},"end":{"line":85,"column":15}},"11":{"start":{"line":90,"column":2},"end":{"line":90,"column":57}}},"fnMap":{"0":{"name":"(anonymous_0)","decl":{"start":{"line":4,"column":2},"end":{"line":4,"column":3}},"loc":{"start":{"line":4,"column":51},"end":{"line":22,"column":3}},"line":4},"1":{"name":"(anonymous_1)","decl":{"start":{"line":18,"column":21},"end":{"line":18,"column":22}},"loc":{"start":{"line":18,"column":28},"end":{"line":18,"column":47}},"line":18},"2":{"name":"(anonymous_2)","decl":{"start":{"line":24,"column":2},"end":{"line":24,"column":3}},"loc":{"start":{"line":24,"column":25},"end":{"line":31,"column":3}},"line":24},"3":{"name":"(anonymous_3)","decl":{"start":{"line":33,"column":2},"end":{"line":33,"column":3}},"loc":{"start":{"line":33,"column":25},"end":{"line":40,"column":3}},"line":33},"4":{"name":"(anonymous_4)","decl":{"start":{"line":42,"column":2},"end":{"line":42,"column":3}},"loc":{"start":{"line":42,"column":27},"end":{"line":49,"column":3}},"line":42},"5":{"name":"(anonymous_5)","decl":{"start":{"line":51,"column":2},"end":{"line":51,"column":3}},"loc":{"start":{"line":51,"column":24},"end":{"line":58,"column":3}},"line":51},"6":{"name":"(anonymous_6)","decl":{"start":{"line":60,"column":2},"end":{"line":60,"column":3}},"loc":{"start":{"line":60,"column":24},"end":{"line":67,"column":3}},"line":60},"7":{"name":"(anonymous_7)","decl":{"start":{"line":69,"column":2},"end":{"line":69,"column":3}},"loc":{"start":{"line":69,"column":25},"end":{"line":76,"column":3}},"line":69},"8":{"name":"(anonymous_8)","decl":{"start":{"line":79,"column":11},"end":{"line":79,"column":12}},"loc":{"start":{"line":79,"column":22},"end":{"line":81,"column":5}},"line":79},"9":{"name":"(anonymous_9)","decl":{"start":{"line":84,"column":2},"end":{"line":84,"column":3}},"loc":{"start":{"line":84,"column":29},"end":{"line":86,"column":3}},"line":84},"10":{"name":"(anonymous_10)","decl":{"start":{"line":89,"column":15},"end":{"line":89,"column":16}},"loc":{"start":{"line":89,"column":56},"end":{"line":91,"column":1}},"line":89}},"branchMap":{"0":{"loc":{"start":{"line":24,"column":15},"end":{"line":24,"column":23}},"type":"default-arg","locations":[{"start":{"line":24,"column":21},"end":{"line":24,"column":23}}],"line":24},"1":{"loc":{"start":{"line":33,"column":15},"end":{"line":33,"column":23}},"type":"default-arg","locations":[{"start":{"line":33,"column":21},"end":{"line":33,"column":23}}],"line":33},"2":{"loc":{"start":{"line":42,"column":17},"end":{"line":42,"column":25}},"type":"default-arg","locations":[{"start":{"line":42,"column":23},"end":{"line":42,"column":25}}],"line":42},"3":{"loc":{"start":{"line":51,"column":14},"end":{"line":51,"column":22}},"type":"default-arg","locations":[{"start":{"line":51,"column":20},"end":{"line":51,"column":22}}],"line":51},"4":{"loc":{"start":{"line":60,"column":14},"end":{"line":60,"column":22}},"type":"default-arg","locations":[{"start":{"line":60,"column":20},"end":{"line":60,"column":22}}],"line":60},"5":{"loc":{"start":{"line":69,"column":15},"end":{"line":69,"column":23}},"type":"default-arg","locations":[{"start":{"line":69,"column":21},"end":{"line":69,"column":23}}],"line":69}},"s":{"0":0,"1":0,"2":0,"3":0,"4":0,"5":0,"6":0,"7":0,"8":0,"9":0,"10":0,"11":0},"f":{"0":0,"1":0,"2":0,"3":0,"4":0,"5":0,"6":0,"7":0,"8":0,"9":0,"10":0},"b":{"0":[0],"1":[0],"2":[0],"3":[0],"4":[0],"5":[0]},"hash":"5445412a39260b03bcc694a946edf2a8495eca83"}
,"/Users/jasonlea-jones/Projects/myproj/src/server/core/middleware/eventIdMiddleware.js": {"path":"/Users/jasonlea-jones/Projects/myproj/src/server/core/middleware/eventIdMiddleware.js","statementMap":{"0":{"start":{"line":4,"column":2},"end":{"line":4,"column":30}},"1":{"start":{"line":5,"column":15},"end":{"line":9,"column":3}},"2":{"start":{"line":10,"column":2},"end":{"line":10,"column":32}},"3":{"start":{"line":11,"column":2},"end":{"line":11,"column":9}}},"fnMap":{"0":{"name":"(anonymous_0)","decl":{"start":{"line":3,"column":15},"end":{"line":3,"column":16}},"loc":{"start":{"line":3,"column":35},"end":{"line":12,"column":1}},"line":3}},"branchMap":{},"s":{"0":0,"1":0,"2":0,"3":0},"f":{"0":0},"b":{},"hash":"1d5dcc99416c784418eb96165d9cf603999295de"}
,"/Users/jasonlea-jones/Projects/myproj/src/server/core/middleware/healthCheckMiddleware.js": {"path":"/Users/jasonlea-jones/Projects/myproj/src/server/core/middleware/healthCheckMiddleware.js","statementMap":{"0":{"start":{"line":5,"column":17},"end":{"line":5,"column":25}},"1":{"start":{"line":7,"column":2},"end":{"line":14,"column":5}},"2":{"start":{"line":8,"column":4},"end":{"line":13,"column":7}},"3":{"start":{"line":16,"column":2},"end":{"line":16,"column":16}}},"fnMap":{"0":{"name":"(anonymous_0)","decl":{"start":{"line":4,"column":15},"end":{"line":4,"column":16}},"loc":{"start":{"line":4,"column":53},"end":{"line":17,"column":1}},"line":4},"1":{"name":"(anonymous_1)","decl":{"start":{"line":7,"column":18},"end":{"line":7,"column":19}},"loc":{"start":{"line":7,"column":38},"end":{"line":14,"column":3}},"line":7}},"branchMap":{},"s":{"0":0,"1":0,"2":0,"3":0},"f":{"0":0,"1":0},"b":{},"hash":"97a9691fae86d860abd00b4f06eb0b46784e0054"}
,"/Users/jasonlea-jones/Projects/myproj/src/server/filters/global.js": {"path":"/Users/jasonlea-jones/Projects/myproj/src/server/filters/global.js","statementMap":{"0":{"start":{"line":7,"column":21},"end":{"line":7,"column":30}},"1":{"start":{"line":8,"column":17},"end":{"line":8,"column":35}},"2":{"start":{"line":9,"column":2},"end":{"line":34,"column":5}},"3":{"start":{"line":10,"column":4},"end":{"line":10,"column":36}},"4":{"start":{"line":11,"column":4},"end":{"line":21,"column":5}},"5":{"start":{"line":12,"column":6},"end":{"line":20,"column":13}},"6":{"start":{"line":15,"column":12},"end":{"line":15,"column":16}},"7":{"start":{"line":16,"column":8},"end":{"line":18,"column":9}},"8":{"start":{"line":17,"column":10},"end":{"line":17,"column":32}},"9":{"start":{"line":19,"column":8},"end":{"line":19,"column":19}},"10":{"start":{"line":23,"column":4},"end":{"line":33,"column":5}},"11":{"start":{"line":24,"column":6},"end":{"line":32,"column":13}},"12":{"start":{"line":27,"column":12},"end":{"line":27,"column":16}},"13":{"start":{"line":28,"column":8},"end":{"line":30,"column":9}},"14":{"start":{"line":29,"column":10},"end":{"line":29,"column":32}},"15":{"start":{"line":31,"column":8},"end":{"line":31,"column":19}},"16":{"start":{"line":36,"column":2},"end":{"line":36,"column":22}}},"fnMap":{"0":{"name":"(anonymous_0)","decl":{"start":{"line":5,"column":15},"end":{"line":5,"column":16}},"loc":{"start":{"line":5,"column":32},"end":{"line":37,"column":1}},"line":5},"1":{"name":"(anonymous_1)","decl":{"start":{"line":9,"column":17},"end":{"line":9,"column":18}},"loc":{"start":{"line":9,"column":26},"end":{"line":34,"column":3}},"line":9},"2":{"name":"(anonymous_2)","decl":{"start":{"line":12,"column":33},"end":{"line":12,"column":34}},"loc":{"start":{"line":12,"column":48},"end":{"line":20,"column":7}},"line":12},"3":{"name":"(anonymous_3)","decl":{"start":{"line":24,"column":33},"end":{"line":24,"column":34}},"loc":{"start":{"line":24,"column":48},"end":{"line":32,"column":7}},"line":24}},"branchMap":{"0":{"loc":{"start":{"line":11,"column":4},"end":{"line":21,"column":5}},"type":"if","locations":[{"start":{"line":11,"column":4},"end":{"line":21,"column":5}},{"start":{"line":11,"column":4},"end":{"line":21,"column":5}}],"line":11},"1":{"loc":{"start":{"line":16,"column":8},"end":{"line":18,"column":9}},"type":"if","locations":[{"start":{"line":16,"column":8},"end":{"line":18,"column":9}},{"start":{"line":16,"column":8},"end":{"line":18,"column":9}}],"line":16},"2":{"loc":{"start":{"line":16,"column":12},"end":{"line":16,"column":72}},"type":"binary-expr","locations":[{"start":{"line":16,"column":12},"end":{"line":16,"column":16}},{"start":{"line":16,"column":20},"end":{"line":16,"column":72}}],"line":16},"3":{"loc":{"start":{"line":23,"column":4},"end":{"line":33,"column":5}},"type":"if","locations":[{"start":{"line":23,"column":4},"end":{"line":33,"column":5}},{"start":{"line":23,"column":4},"end":{"line":33,"column":5}}],"line":23},"4":{"loc":{"start":{"line":28,"column":8},"end":{"line":30,"column":9}},"type":"if","locations":[{"start":{"line":28,"column":8},"end":{"line":30,"column":9}},{"start":{"line":28,"column":8},"end":{"line":30,"column":9}}],"line":28},"5":{"loc":{"start":{"line":28,"column":12},"end":{"line":28,"column":45}},"type":"binary-expr","locations":[{"start":{"line":28,"column":12},"end":{"line":28,"column":16}},{"start":{"line":28,"column":20},"end":{"line":28,"column":45}}],"line":28}},"s":{"0":0,"1":0,"2":0,"3":0,"4":0,"5":0,"6":0,"7":0,"8":0,"9":0,"10":0,"11":0,"12":0,"13":0,"14":0,"15":0,"16":0},"f":{"0":0,"1":0,"2":0,"3":0},"b":{"0":[0,0],"1":[0,0],"2":[0,0],"3":[0,0],"4":[0,0],"5":[0,0]},"hash":"91d08cf60ab81e6a898d8e2db2701f4cf7da9543"}
,"/Users/jasonlea-jones/Projects/myproj/src/server/filters/search.js": {"path":"/Users/jasonlea-jones/Projects/myproj/src/server/filters/search.js","statementMap":{"0":{"start":{"line":4,"column":21},"end":{"line":4,"column":30}},"1":{"start":{"line":5,"column":17},"end":{"line":5,"column":35}},"2":{"start":{"line":6,"column":2},"end":{"line":16,"column":5}},"3":{"start":{"line":7,"column":4},"end":{"line":15,"column":5}},"4":{"start":{"line":8,"column":17},"end":{"line":8,"column":43}},"5":{"start":{"line":9,"column":6},"end":{"line":14,"column":13}},"6":{"start":{"line":10,"column":8},"end":{"line":12,"column":9}},"7":{"start":{"line":11,"column":10},"end":{"line":11,"column":32}},"8":{"start":{"line":13,"column":8},"end":{"line":13,"column":19}},"9":{"start":{"line":18,"column":2},"end":{"line":18,"column":22}}},"fnMap":{"0":{"name":"(anonymous_0)","decl":{"start":{"line":3,"column":15},"end":{"line":3,"column":16}},"loc":{"start":{"line":3,"column":32},"end":{"line":19,"column":1}},"line":3},"1":{"name":"(anonymous_1)","decl":{"start":{"line":6,"column":17},"end":{"line":6,"column":18}},"loc":{"start":{"line":6,"column":26},"end":{"line":16,"column":3}},"line":6},"2":{"name":"(anonymous_2)","decl":{"start":{"line":9,"column":33},"end":{"line":9,"column":34}},"loc":{"start":{"line":9,"column":48},"end":{"line":14,"column":7}},"line":9}},"branchMap":{"0":{"loc":{"start":{"line":7,"column":4},"end":{"line":15,"column":5}},"type":"if","locations":[{"start":{"line":7,"column":4},"end":{"line":15,"column":5}},{"start":{"line":7,"column":4},"end":{"line":15,"column":5}}],"line":7},"1":{"loc":{"start":{"line":10,"column":8},"end":{"line":12,"column":9}},"type":"if","locations":[{"start":{"line":10,"column":8},"end":{"line":12,"column":9}},{"start":{"line":10,"column":8},"end":{"line":12,"column":9}}],"line":10}},"s":{"0":0,"1":0,"2":0,"3":0,"4":0,"5":0,"6":0,"7":0,"8":0,"9":0},"f":{"0":0,"1":0,"2":0},"b":{"0":[0,0],"1":[0,0]},"hash":"a339355ab60e466eb148d82da000d33277e39e03"}
,"/Users/jasonlea-jones/Projects/myproj/src/server/handlers/reducers/index.js": {"path":"/Users/jasonlea-jones/Projects/myproj/src/server/handlers/reducers/index.js","statementMap":{"0":{"start":{"line":4,"column":30},"end":{"line":4,"column":32}},"1":{"start":{"line":6,"column":28},"end":{"line":18,"column":1}},"2":{"start":{"line":10,"column":2},"end":{"line":16,"column":3}},"3":{"start":{"line":11,"column":17},"end":{"line":11,"column":35}},"4":{"start":{"line":12,"column":4},"end":{"line":15,"column":6}},"5":{"start":{"line":17,"column":2},"end":{"line":17,"column":13}}},"fnMap":{"0":{"name":"(anonymous_0)","decl":{"start":{"line":6,"column":28},"end":{"line":6,"column":29}},"loc":{"start":{"line":9,"column":5},"end":{"line":18,"column":1}},"line":9}},"branchMap":{"0":{"loc":{"start":{"line":10,"column":2},"end":{"line":16,"column":3}},"type":"if","locations":[{"start":{"line":10,"column":2},"end":{"line":16,"column":3}},{"start":{"line":10,"column":2},"end":{"line":16,"column":3}}],"line":10},"1":{"loc":{"start":{"line":14,"column":39},"end":{"line":14,"column":74}},"type":"binary-expr","locations":[{"start":{"line":14,"column":39},"end":{"line":14,"column":57}},{"start":{"line":14,"column":61},"end":{"line":14,"column":74}}],"line":14}},"s":{"0":0,"1":0,"2":0,"3":0,"4":0,"5":0},"f":{"0":0},"b":{"0":[0,0],"1":[0,0]},"hash":"c32bd4661d29b90532c5ebdc0035b906cef7781d"}
,"/Users/jasonlea-jones/Projects/myproj/src/server/handlers/v0/analytics.js": {"path":"/Users/jasonlea-jones/Projects/myproj/src/server/handlers/v0/analytics.js","statementMap":{"0":{"start":{"line":1,"column":33},"end":{"line":14,"column":1}},"1":{"start":{"line":2,"column":2},"end":{"line":5,"column":5}},"2":{"start":{"line":6,"column":2},"end":{"line":13,"column":5}},"3":{"start":{"line":16,"column":31},"end":{"line":31,"column":1}},"4":{"start":{"line":17,"column":2},"end":{"line":20,"column":5}},"5":{"start":{"line":21,"column":2},"end":{"line":30,"column":5}}},"fnMap":{"0":{"name":"(anonymous_0)","decl":{"start":{"line":1,"column":33},"end":{"line":1,"column":34}},"loc":{"start":{"line":1,"column":55},"end":{"line":14,"column":1}},"line":1},"1":{"name":"(anonymous_1)","decl":{"start":{"line":16,"column":31},"end":{"line":16,"column":32}},"loc":{"start":{"line":16,"column":53},"end":{"line":31,"column":1}},"line":16}},"branchMap":{},"s":{"0":0,"1":0,"2":0,"3":0,"4":0,"5":0},"f":{"0":0,"1":0},"b":{},"hash":"0e6b20ae10d17bb5303f2483a9e9fac644da3102"}
,"/Users/jasonlea-jones/Projects/myproj/src/server/handlers/v0/healthCheck.js": {"path":"/Users/jasonlea-jones/Projects/myproj/src/server/handlers/v0/healthCheck.js","statementMap":{"0":{"start":{"line":2,"column":2},"end":{"line":2,"column":56}}},"fnMap":{"0":{"name":"(anonymous_0)","decl":{"start":{"line":1,"column":15},"end":{"line":1,"column":16}},"loc":{"start":{"line":1,"column":40},"end":{"line":3,"column":1}},"line":1}},"branchMap":{},"s":{"0":0},"f":{"0":0},"b":{},"hash":"3a7cca70cfbdf4251b1065e15ddc3248d0ce349f"}
,"/Users/jasonlea-jones/Projects/myproj/src/server/handlers/v0/jobs.js": {"path":"/Users/jasonlea-jones/Projects/myproj/src/server/handlers/v0/jobs.js","statementMap":{"0":{"start":{"line":13,"column":25},"end":{"line":13,"column":29}},"1":{"start":{"line":14,"column":2},"end":{"line":18,"column":3}},"2":{"start":{"line":15,"column":4},"end":{"line":15,"column":47}},"3":{"start":{"line":17,"column":4},"end":{"line":17,"column":21}},"4":{"start":{"line":20,"column":2},"end":{"line":33,"column":4}},"5":{"start":{"line":21,"column":26},"end":{"line":32,"column":5}},"6":{"start":{"line":37,"column":25},"end":{"line":37,"column":51}},"7":{"start":{"line":39,"column":2},"end":{"line":48,"column":3}},"8":{"start":{"line":40,"column":25},"end":{"line":40,"column":55}},"9":{"start":{"line":41,"column":27},"end":{"line":41,"column":64}},"10":{"start":{"line":43,"column":27},"end":{"line":43,"column":67}},"11":{"start":{"line":44,"column":4},"end":{"line":44,"column":29}},"12":{"start":{"line":46,"column":19},"end":{"line":46,"column":48}},"13":{"start":{"line":47,"column":4},"end":{"line":47,"column":21}},"14":{"start":{"line":52,"column":25},"end":{"line":52,"column":51}},"15":{"start":{"line":54,"column":14},"end":{"line":67,"column":8}},"16":{"start":{"line":58,"column":8},"end":{"line":58,"column":12}},"17":{"start":{"line":59,"column":17},"end":{"line":59,"column":35}},"18":{"start":{"line":60,"column":4},"end":{"line":65,"column":5}},"19":{"start":{"line":61,"column":6},"end":{"line":64,"column":8}},"20":{"start":{"line":66,"column":4},"end":{"line":66,"column":15}},"21":{"start":{"line":69,"column":2},"end":{"line":69,"column":16}}},"fnMap":{"0":{"name":"allJobsHandler","decl":{"start":{"line":10,"column":22},"end":{"line":10,"column":36}},"loc":{"start":{"line":10,"column":47},"end":{"line":34,"column":1}},"line":10},"1":{"name":"(anonymous_1)","decl":{"start":{"line":21,"column":18},"end":{"line":21,"column":19}},"loc":{"start":{"line":21,"column":26},"end":{"line":32,"column":5}},"line":21},"2":{"name":"allJobTitlesHandler","decl":{"start":{"line":36,"column":22},"end":{"line":36,"column":41}},"loc":{"start":{"line":36,"column":52},"end":{"line":49,"column":1}},"line":36},"3":{"name":"jobHandler","decl":{"start":{"line":51,"column":22},"end":{"line":51,"column":32}},"loc":{"start":{"line":51,"column":43},"end":{"line":70,"column":1}},"line":51},"4":{"name":"(anonymous_4)","decl":{"start":{"line":54,"column":26},"end":{"line":54,"column":27}},"loc":{"start":{"line":54,"column":41},"end":{"line":67,"column":3}},"line":54}},"branchMap":{"0":{"loc":{"start":{"line":14,"column":2},"end":{"line":18,"column":3}},"type":"if","locations":[{"start":{"line":14,"column":2},"end":{"line":18,"column":3}},{"start":{"line":14,"column":2},"end":{"line":18,"column":3}}],"line":14},"1":{"loc":{"start":{"line":23,"column":12},"end":{"line":23,"column":52}},"type":"cond-expr","locations":[{"start":{"line":23,"column":23},"end":{"line":23,"column":45}},{"start":{"line":23,"column":48},"end":{"line":23,"column":52}}],"line":23},"2":{"loc":{"start":{"line":25,"column":8},"end":{"line":27,"column":16}},"type":"cond-expr","locations":[{"start":{"line":26,"column":12},"end":{"line":26,"column":44}},{"start":{"line":27,"column":12},"end":{"line":27,"column":16}}],"line":25},"3":{"loc":{"start":{"line":25,"column":8},"end":{"line":25,"column":45}},"type":"binary-expr","locations":[{"start":{"line":25,"column":8},"end":{"line":25,"column":22}},{"start":{"line":25,"column":26},"end":{"line":25,"column":45}}],"line":25},"4":{"loc":{"start":{"line":29,"column":8},"end":{"line":31,"column":16}},"type":"cond-expr","locations":[{"start":{"line":30,"column":12},"end":{"line":30,"column":45}},{"start":{"line":31,"column":12},"end":{"line":31,"column":16}}],"line":29},"5":{"loc":{"start":{"line":29,"column":8},"end":{"line":29,"column":45}},"type":"binary-expr","locations":[{"start":{"line":29,"column":8},"end":{"line":29,"column":22}},{"start":{"line":29,"column":26},"end":{"line":29,"column":45}}],"line":29},"6":{"loc":{"start":{"line":39,"column":2},"end":{"line":48,"column":3}},"type":"if","locations":[{"start":{"line":39,"column":2},"end":{"line":48,"column":3}},{"start":{"line":39,"column":2},"end":{"line":48,"column":3}}],"line":39},"7":{"loc":{"start":{"line":60,"column":4},"end":{"line":65,"column":5}},"type":"if","locations":[{"start":{"line":60,"column":4},"end":{"line":65,"column":5}},{"start":{"line":60,"column":4},"end":{"line":65,"column":5}}],"line":60},"8":{"loc":{"start":{"line":63,"column":30},"end":{"line":63,"column":65}},"type":"binary-expr","locations":[{"start":{"line":63,"column":30},"end":{"line":63,"column":48}},{"start":{"line":63,"column":52},"end":{"line":63,"column":65}}],"line":63}},"s":{"0":0,"1":0,"2":0,"3":0,"4":0,"5":0,"6":0,"7":0,"8":0,"9":0,"10":0,"11":0,"12":0,"13":0,"14":0,"15":0,"16":0,"17":0,"18":0,"19":0,"20":0,"21":0},"f":{"0":0,"1":0,"2":0,"3":0,"4":0},"b":{"0":[0,0],"1":[0,0],"2":[0,0],"3":[0,0],"4":[0,0],"5":[0,0],"6":[0,0],"7":[0,0],"8":[0,0]},"hash":"b2bb7ef927f4879da4bfa6edd91fcc92a72df927"}
,"/Users/jasonlea-jones/Projects/myproj/src/server/handlers/v1/healthCheck.js": {"path":"/Users/jasonlea-jones/Projects/myproj/src/server/handlers/v1/healthCheck.js","statementMap":{"0":{"start":{"line":1,"column":34},"end":{"line":3,"column":1}},"1":{"start":{"line":2,"column":2},"end":{"line":2,"column":56}}},"fnMap":{"0":{"name":"(anonymous_0)","decl":{"start":{"line":1,"column":34},"end":{"line":1,"column":35}},"loc":{"start":{"line":1,"column":59},"end":{"line":3,"column":1}},"line":1}},"branchMap":{},"s":{"0":0,"1":0},"f":{"0":0},"b":{},"hash":"a934a06dc8a86a3f752688300d5d64355ab9dc5d"}
,"/Users/jasonlea-jones/Projects/myproj/src/server/lib/constants.js": {"path":"/Users/jasonlea-jones/Projects/myproj/src/server/lib/constants.js","statementMap":{"0":{"start":{"line":2,"column":21},"end":{"line":2,"column":28}},"1":{"start":{"line":3,"column":20},"end":{"line":3,"column":26}},"2":{"start":{"line":4,"column":21},"end":{"line":4,"column":28}},"3":{"start":{"line":7,"column":23},"end":{"line":7,"column":47}},"4":{"start":{"line":8,"column":24},"end":{"line":8,"column":48}},"5":{"start":{"line":9,"column":25},"end":{"line":9,"column":44}},"6":{"start":{"line":12,"column":26},"end":{"line":12,"column":53}},"7":{"start":{"line":13,"column":19},"end":{"line":13,"column":30}},"8":{"start":{"line":14,"column":24},"end":{"line":14,"column":41}},"9":{"start":{"line":15,"column":18},"end":{"line":15,"column":45}},"10":{"start":{"line":16,"column":19},"end":{"line":16,"column":31}},"11":{"start":{"line":17,"column":19},"end":{"line":17,"column":30}},"12":{"start":{"line":18,"column":25},"end":{"line":18,"column":43}},"13":{"start":{"line":19,"column":19},"end":{"line":19,"column":31}},"14":{"start":{"line":20,"column":19},"end":{"line":20,"column":28}},"15":{"start":{"line":21,"column":19},"end":{"line":21,"column":26}},"16":{"start":{"line":22,"column":20},"end":{"line":22,"column":31}},"17":{"start":{"line":23,"column":20},"end":{"line":23,"column":38}},"18":{"start":{"line":24,"column":20},"end":{"line":24,"column":27}},"19":{"start":{"line":26,"column":19},"end":{"line":26,"column":32}},"20":{"start":{"line":27,"column":18},"end":{"line":27,"column":38}},"21":{"start":{"line":30,"column":22},"end":{"line":30,"column":38}},"22":{"start":{"line":31,"column":21},"end":{"line":31,"column":36}},"23":{"start":{"line":32,"column":26},"end":{"line":32,"column":38}},"24":{"start":{"line":33,"column":25},"end":{"line":33,"column":36}},"25":{"start":{"line":34,"column":18},"end":{"line":34,"column":35}},"26":{"start":{"line":35,"column":31},"end":{"line":35,"column":50}},"27":{"start":{"line":36,"column":27},"end":{"line":36,"column":40}},"28":{"start":{"line":37,"column":37},"end":{"line":37,"column":63}},"29":{"start":{"line":38,"column":25},"end":{"line":38,"column":36}},"30":{"start":{"line":39,"column":32},"end":{"line":39,"column":50}},"31":{"start":{"line":40,"column":26},"end":{"line":40,"column":38}},"32":{"start":{"line":41,"column":23},"end":{"line":41,"column":32}},"33":{"start":{"line":42,"column":21},"end":{"line":42,"column":28}},"34":{"start":{"line":43,"column":25},"end":{"line":43,"column":36}},"35":{"start":{"line":44,"column":18},"end":{"line":44,"column":22}},"36":{"start":{"line":45,"column":23},"end":{"line":45,"column":39}},"37":{"start":{"line":46,"column":26},"end":{"line":46,"column":40}},"38":{"start":{"line":48,"column":27},"end":{"line":48,"column":33}},"39":{"start":{"line":49,"column":23},"end":{"line":49,"column":32}},"40":{"start":{"line":51,"column":25},"end":{"line":51,"column":66}},"41":{"start":{"line":52,"column":20},"end":{"line":2125,"column":1}}},"fnMap":{},"branchMap":{},"s":{"0":0,"1":0,"2":0,"3":0,"4":0,"5":0,"6":0,"7":0,"8":0,"9":0,"10":0,"11":0,"12":0,"13":0,"14":0,"15":0,"16":0,"17":0,"18":0,"19":0,"20":0,"21":0,"22":0,"23":0,"24":0,"25":0,"26":0,"27":0,"28":0,"29":0,"30":0,"31":0,"32":0,"33":0,"34":0,"35":0,"36":0,"37":0,"38":0,"39":0,"40":0,"41":0},"f":{},"b":{},"hash":"a4c16316c09f29887ca196964c7d9781ad4ab45f"}
,"/Users/jasonlea-jones/Projects/myproj/src/server/lib/groupMappings.js": {"path":"/Users/jasonlea-jones/Projects/myproj/src/server/lib/groupMappings.js","statementMap":{"0":{"start":{"line":43,"column":28},"end":{"line":64,"column":1}},"1":{"start":{"line":66,"column":27},"end":{"line":87,"column":1}}},"fnMap":{},"branchMap":{},"s":{"0":0,"1":0},"f":{},"b":{},"hash":"7d6af796d0b662566c3510eaf067fdc78585f8aa"}
,"/Users/jasonlea-jones/Projects/myproj/src/server/lib/utils/index.js": {"path":"/Users/jasonlea-jones/Projects/myproj/src/server/lib/utils/index.js","statementMap":{"0":{"start":{"line":1,"column":31},"end":{"line":1,"column":39}},"1":{"start":{"line":3,"column":28},"end":{"line":7,"column":23}},"2":{"start":{"line":4,"column":2},"end":{"line":7,"column":23}}},"fnMap":{"0":{"name":"(anonymous_0)","decl":{"start":{"line":1,"column":31},"end":{"line":1,"column":32}},"loc":{"start":{"line":1,"column":37},"end":{"line":1,"column":39}},"line":1},"1":{"name":"(anonymous_1)","decl":{"start":{"line":3,"column":28},"end":{"line":3,"column":29}},"loc":{"start":{"line":4,"column":2},"end":{"line":7,"column":23}},"line":4}},"branchMap":{},"s":{"0":0,"1":0,"2":0},"f":{"0":0,"1":0},"b":{},"hash":"bdea19e9ac51b3a33ecd2fae0cc571de47df490c"}
,"/Users/jasonlea-jones/Projects/myproj/src/server/middleware/apiMiddleware.js": {"path":"/Users/jasonlea-jones/Projects/myproj/src/server/middleware/apiMiddleware.js","statementMap":{"0":{"start":{"line":10,"column":17},"end":{"line":12,"column":1}},"1":{"start":{"line":15,"column":17},"end":{"line":15,"column":25}},"2":{"start":{"line":16,"column":2},"end":{"line":18,"column":4}},"3":{"start":{"line":17,"column":4},"end":{"line":17,"column":45}},"4":{"start":{"line":20,"column":2},"end":{"line":20,"column":45}},"5":{"start":{"line":22,"column":2},"end":{"line":24,"column":5}},"6":{"start":{"line":23,"column":4},"end":{"line":23,"column":54}},"7":{"start":{"line":26,"column":2},"end":{"line":26,"column":16}}},"fnMap":{"0":{"name":"(anonymous_0)","decl":{"start":{"line":14,"column":15},"end":{"line":14,"column":16}},"loc":{"start":{"line":14,"column":36},"end":{"line":27,"column":1}},"line":14},"1":{"name":"(anonymous_1)","decl":{"start":{"line":16,"column":18},"end":{"line":16,"column":19}},"loc":{"start":{"line":17,"column":4},"end":{"line":17,"column":45}},"line":17},"2":{"name":"(anonymous_2)","decl":{"start":{"line":22,"column":18},"end":{"line":22,"column":19}},"loc":{"start":{"line":22,"column":32},"end":{"line":24,"column":3}},"line":22}},"branchMap":{},"s":{"0":0,"1":0,"2":0,"3":0,"4":0,"5":0,"6":0,"7":0},"f":{"0":0,"1":0,"2":0},"b":{},"hash":"f7f91c48f84f42bc9a46c048aab8bb178168c646"}
,"/Users/jasonlea-jones/Projects/myproj/src/store/index.js": {"path":"/Users/jasonlea-jones/Projects/myproj/src/store/index.js","statementMap":{"0":{"start":{"line":9,"column":27},"end":{"line":9,"column":61}},"1":{"start":{"line":10,"column":28},"end":{"line":13,"column":3}},"2":{"start":{"line":15,"column":16},"end":{"line":15,"column":72}},"3":{"start":{"line":16,"column":2},"end":{"line":18,"column":3}},"4":{"start":{"line":17,"column":4},"end":{"line":17,"column":74}},"5":{"start":{"line":17,"column":42},"end":{"line":17,"column":72}},"6":{"start":{"line":20,"column":2},"end":{"line":20,"column":15}}},"fnMap":{"0":{"name":"(anonymous_0)","decl":{"start":{"line":8,"column":15},"end":{"line":8,"column":16}},"loc":{"start":{"line":8,"column":33},"end":{"line":21,"column":1}},"line":8},"1":{"name":"(anonymous_1)","decl":{"start":{"line":17,"column":36},"end":{"line":17,"column":37}},"loc":{"start":{"line":17,"column":42},"end":{"line":17,"column":72}},"line":17}},"branchMap":{"0":{"loc":{"start":{"line":9,"column":27},"end":{"line":9,"column":61}},"type":"binary-expr","locations":[{"start":{"line":9,"column":27},"end":{"line":9,"column":50}},{"start":{"line":9,"column":54},"end":{"line":9,"column":61}}],"line":9},"1":{"loc":{"start":{"line":16,"column":2},"end":{"line":18,"column":3}},"type":"if","locations":[{"start":{"line":16,"column":2},"end":{"line":18,"column":3}},{"start":{"line":16,"column":2},"end":{"line":18,"column":3}}],"line":16},"2":{"loc":{"start":{"line":16,"column":6},"end":{"line":16,"column":57}},"type":"binary-expr","locations":[{"start":{"line":16,"column":6},"end":{"line":16,"column":43}},{"start":{"line":16,"column":47},"end":{"line":16,"column":57}}],"line":16}},"s":{"0":0,"1":0,"2":0,"3":0,"4":0,"5":0,"6":0},"f":{"0":0,"1":0},"b":{"0":[0,0],"1":[0,0],"2":[0,0]},"hash":"65a8d456cbc7d451087b0f9baa569d2b17a71540"}
,"/Users/jasonlea-jones/Projects/myproj/src/store/root.js": {"path":"/Users/jasonlea-jones/Projects/myproj/src/store/root.js","statementMap":{"0":{"start":{"line":5,"column":13},"end":{"line":7,"column":2}}},"fnMap":{},"branchMap":{},"s":{"0":0},"f":{},"b":{},"hash":"d3e5bd24599cfed7deb51b8ccea0c5487c012785"}
,"/Users/jasonlea-jones/Projects/myproj/src/store/careers/index.js": {"path":"/Users/jasonlea-jones/Projects/myproj/src/store/careers/index.js","statementMap":{},"fnMap":{},"branchMap":{},"s":{},"f":{},"b":{},"hash":"0711a2177fbb6cd19dd055a965fdbddaea066ac7"}
,"/Users/jasonlea-jones/Projects/myproj/src/store/careers/reducers.js": {"path":"/Users/jasonlea-jones/Projects/myproj/src/store/careers/reducers.js","statementMap":{"0":{"start":{"line":3,"column":21},"end":{"line":5,"column":1}},"1":{"start":{"line":8,"column":25},"end":{"line":8,"column":31}},"2":{"start":{"line":9,"column":2},"end":{"line":25,"column":3}},"3":{"start":{"line":11,"column":6},"end":{"line":13,"column":8}},"4":{"start":{"line":15,"column":6},"end":{"line":18,"column":8}},"5":{"start":{"line":20,"column":6},"end":{"line":22,"column":8}},"6":{"start":{"line":24,"column":6},"end":{"line":24,"column":19}}},"fnMap":{"0":{"name":"(anonymous_0)","decl":{"start":{"line":7,"column":15},"end":{"line":7,"column":16}},"loc":{"start":{"line":7,"column":54},"end":{"line":26,"column":1}},"line":7}},"branchMap":{"0":{"loc":{"start":{"line":7,"column":16},"end":{"line":7,"column":36}},"type":"default-arg","locations":[{"start":{"line":7,"column":24},"end":{"line":7,"column":36}}],"line":7},"1":{"loc":{"start":{"line":7,"column":38},"end":{"line":7,"column":49}},"type":"default-arg","locations":[{"start":{"line":7,"column":47},"end":{"line":7,"column":49}}],"line":7},"2":{"loc":{"start":{"line":9,"column":2},"end":{"line":25,"column":3}},"type":"switch","locations":[{"start":{"line":10,"column":4},"end":{"line":13,"column":8}},{"start":{"line":14,"column":4},"end":{"line":18,"column":8}},{"start":{"line":19,"column":4},"end":{"line":22,"column":8}},{"start":{"line":23,"column":4},"end":{"line":24,"column":19}}],"line":9}},"s":{"0":0,"1":0,"2":0,"3":0,"4":0,"5":0,"6":0},"f":{"0":0},"b":{"0":[0],"1":[0],"2":[0,0,0,0]},"hash":"b425b9245610ce4e2bd0174f6fb589ec382a28cc"}
,"/Users/jasonlea-jones/Projects/myproj/src/store/careers/thunk.js": {"path":"/Users/jasonlea-jones/Projects/myproj/src/store/careers/thunk.js","statementMap":{"0":{"start":{"line":6,"column":17},"end":{"line":8,"column":1}},"1":{"start":{"line":7,"column":2},"end":{"line":7,"column":21}},"2":{"start":{"line":11,"column":2},"end":{"line":19,"column":4}},"3":{"start":{"line":12,"column":4},"end":{"line":18,"column":5}},"4":{"start":{"line":13,"column":6},"end":{"line":13,"column":31}},"5":{"start":{"line":14,"column":23},"end":{"line":14,"column":72}},"6":{"start":{"line":15,"column":6},"end":{"line":15,"column":42}},"7":{"start":{"line":17,"column":6},"end":{"line":17,"column":32}}},"fnMap":{"0":{"name":"(anonymous_0)","decl":{"start":{"line":6,"column":17},"end":{"line":6,"column":18}},"loc":{"start":{"line":6,"column":26},"end":{"line":8,"column":1}},"line":6},"1":{"name":"(anonymous_1)","decl":{"start":{"line":10,"column":15},"end":{"line":10,"column":16}},"loc":{"start":{"line":10,"column":21},"end":{"line":20,"column":1}},"line":10},"2":{"name":"(anonymous_2)","decl":{"start":{"line":11,"column":9},"end":{"line":11,"column":10}},"loc":{"start":{"line":11,"column":27},"end":{"line":19,"column":3}},"line":11}},"branchMap":{},"s":{"0":0,"1":0,"2":0,"3":0,"4":0,"5":0,"6":0,"7":0},"f":{"0":0,"1":0,"2":0},"b":{},"hash":"803ee5c70f791b4d1fae063b9e4486aa605f2539"}
,"/Users/jasonlea-jones/Projects/myproj/src/store/careers/actions/creators.js": {"path":"/Users/jasonlea-jones/Projects/myproj/src/store/careers/actions/creators.js","statementMap":{"0":{"start":{"line":3,"column":28},"end":{"line":5,"column":2}},"1":{"start":{"line":3,"column":35},"end":{"line":5,"column":1}},"2":{"start":{"line":7,"column":26},"end":{"line":12,"column":1}},"3":{"start":{"line":8,"column":2},"end":{"line":11,"column":4}}},"fnMap":{"0":{"name":"(anonymous_0)","decl":{"start":{"line":3,"column":28},"end":{"line":3,"column":29}},"loc":{"start":{"line":3,"column":35},"end":{"line":5,"column":1}},"line":3},"1":{"name":"(anonymous_1)","decl":{"start":{"line":7,"column":26},"end":{"line":7,"column":27}},"loc":{"start":{"line":7,"column":41},"end":{"line":12,"column":1}},"line":7}},"branchMap":{"0":{"loc":{"start":{"line":7,"column":27},"end":{"line":7,"column":36}},"type":"default-arg","locations":[{"start":{"line":7,"column":34},"end":{"line":7,"column":36}}],"line":7}},"s":{"0":0,"1":0,"2":0,"3":0},"f":{"0":0,"1":0},"b":{"0":[0]},"hash":"c026e3751135f60a37564996e1dbc5375b07be4a"}
,"/Users/jasonlea-jones/Projects/myproj/src/store/careers/actions/types.js": {"path":"/Users/jasonlea-jones/Projects/myproj/src/store/careers/actions/types.js","statementMap":{"0":{"start":{"line":3,"column":29},"end":{"line":3,"column":44}},"1":{"start":{"line":4,"column":21},"end":{"line":4,"column":60}}},"fnMap":{},"branchMap":{},"s":{"0":0,"1":0},"f":{},"b":{},"hash":"c643861f77df793ec8b8809794d53e1561d5df2e"}
,"/Users/jasonlea-jones/Projects/myproj/src/store/core/index.js": {"path":"/Users/jasonlea-jones/Projects/myproj/src/store/core/index.js","statementMap":{"0":{"start":{"line":2,"column":21},"end":{"line":2,"column":23}},"1":{"start":{"line":3,"column":2},"end":{"line":9,"column":5}},"2":{"start":{"line":4,"column":4},"end":{"line":8,"column":6}},"3":{"start":{"line":11,"column":2},"end":{"line":11,"column":20}}},"fnMap":{"0":{"name":"(anonymous_0)","decl":{"start":{"line":1,"column":15},"end":{"line":1,"column":16}},"loc":{"start":{"line":1,"column":30},"end":{"line":12,"column":1}},"line":1},"1":{"name":"(anonymous_1)","decl":{"start":{"line":3,"column":22},"end":{"line":3,"column":23}},"loc":{"start":{"line":3,"column":30},"end":{"line":9,"column":3}},"line":3}},"branchMap":{},"s":{"0":0,"1":0,"2":0,"3":0},"f":{"0":0,"1":0},"b":{},"hash":"cbb4e4d7c5277af82a7f0983576e69d0c96069b0"}
,"/Users/jasonlea-jones/Projects/myproj/src/store/enhancers/monitorReducer.js": {"path":"/Users/jasonlea-jones/Projects/myproj/src/store/enhancers/monitorReducer.js","statementMap":{"0":{"start":{"line":1,"column":14},"end":{"line":1,"column":54}},"1":{"start":{"line":1,"column":24},"end":{"line":1,"column":54}},"2":{"start":{"line":3,"column":31},"end":{"line":24,"column":1}},"3":{"start":{"line":3,"column":46},"end":{"line":24,"column":1}},"4":{"start":{"line":8,"column":27},"end":{"line":21,"column":3}},"5":{"start":{"line":9,"column":22},"end":{"line":9,"column":51}},"6":{"start":{"line":10,"column":4},"end":{"line":12,"column":5}},"7":{"start":{"line":11,"column":6},"end":{"line":11,"column":36}},"8":{"start":{"line":13,"column":18},"end":{"line":13,"column":35}},"9":{"start":{"line":14,"column":21},"end":{"line":14,"column":43}},"10":{"start":{"line":15,"column":16},"end":{"line":15,"column":33}},"11":{"start":{"line":16,"column":17},"end":{"line":16,"column":35}},"12":{"start":{"line":18,"column":4},"end":{"line":18,"column":47}},"13":{"start":{"line":20,"column":4},"end":{"line":20,"column":20}},"14":{"start":{"line":23,"column":2},"end":{"line":23,"column":63}}},"fnMap":{"0":{"name":"(anonymous_0)","decl":{"start":{"line":1,"column":14},"end":{"line":1,"column":15}},"loc":{"start":{"line":1,"column":24},"end":{"line":1,"column":54}},"line":1},"1":{"name":"(anonymous_1)","decl":{"start":{"line":3,"column":31},"end":{"line":3,"column":32}},"loc":{"start":{"line":3,"column":46},"end":{"line":24,"column":1}},"line":3},"2":{"name":"(anonymous_2)","decl":{"start":{"line":3,"column":46},"end":{"line":3,"column":47}},"loc":{"start":{"line":7,"column":5},"end":{"line":24,"column":1}},"line":7},"3":{"name":"(anonymous_3)","decl":{"start":{"line":8,"column":27},"end":{"line":8,"column":28}},"loc":{"start":{"line":8,"column":46},"end":{"line":21,"column":3}},"line":8}},"branchMap":{"0":{"loc":{"start":{"line":10,"column":4},"end":{"line":12,"column":5}},"type":"if","locations":[{"start":{"line":10,"column":4},"end":{"line":12,"column":5}},{"start":{"line":10,"column":4},"end":{"line":12,"column":5}}],"line":10}},"s":{"0":0,"1":0,"2":0,"3":0,"4":0,"5":0,"6":0,"7":0,"8":0,"9":0,"10":0,"11":0,"12":0,"13":0,"14":0},"f":{"0":0,"1":0,"2":0,"3":0},"b":{"0":[0,0]},"hash":"da4046ecc304fd7a2d5374d51171cc58b88607db"}
,"/Users/jasonlea-jones/Projects/myproj/src/store/middleware/index.js": {"path":"/Users/jasonlea-jones/Projects/myproj/src/store/middleware/index.js","statementMap":{"0":{"start":{"line":4,"column":19},"end":{"line":4,"column":44}}},"fnMap":{},"branchMap":{},"s":{"0":0},"f":{},"b":{},"hash":"4beba9b1dbd0df13335dd3b7dbc3c21b0c8fe0a9"}
,"/Users/jasonlea-jones/Projects/myproj/src/store/middleware/logger.js": {"path":"/Users/jasonlea-jones/Projects/myproj/src/store/middleware/logger.js","statementMap":{"0":{"start":{"line":1,"column":15},"end":{"line":8,"column":1}},"1":{"start":{"line":1,"column":24},"end":{"line":8,"column":1}},"2":{"start":{"line":1,"column":32},"end":{"line":8,"column":1}},"3":{"start":{"line":2,"column":2},"end":{"line":2,"column":29}},"4":{"start":{"line":3,"column":2},"end":{"line":3,"column":38}},"5":{"start":{"line":4,"column":17},"end":{"line":4,"column":29}},"6":{"start":{"line":5,"column":2},"end":{"line":5,"column":46}},"7":{"start":{"line":6,"column":2},"end":{"line":6,"column":21}},"8":{"start":{"line":7,"column":2},"end":{"line":7,"column":16}}},"fnMap":{"0":{"name":"(anonymous_0)","decl":{"start":{"line":1,"column":15},"end":{"line":1,"column":16}},"loc":{"start":{"line":1,"column":24},"end":{"line":8,"column":1}},"line":1},"1":{"name":"(anonymous_1)","decl":{"start":{"line":1,"column":24},"end":{"line":1,"column":25}},"loc":{"start":{"line":1,"column":32},"end":{"line":8,"column":1}},"line":1},"2":{"name":"(anonymous_2)","decl":{"start":{"line":1,"column":32},"end":{"line":1,"column":33}},"loc":{"start":{"line":1,"column":42},"end":{"line":8,"column":1}},"line":1}},"branchMap":{},"s":{"0":0,"1":0,"2":0,"3":0,"4":0,"5":0,"6":0,"7":0,"8":0},"f":{"0":0,"1":0,"2":0},"b":{},"hash":"90f5376fa157d8a8249af5221647ffb9cfdc5677"}
}
