{"/Users/jasonlea-jones/Projects/myproj/src/client/index.js": {"path":"/Users/jasonlea-jones/Projects/myproj/src/client/index.js","statementMap":{"0":{"start":{"line":9,"column":0},"end":{"line":17,"column":3}},"1":{"start":{"line":10,"column":16},"end":{"line":10,"column":56}},"2":{"start":{"line":11,"column":2},"end":{"line":16,"column":4}}},"fnMap":{"0":{"name":"(anonymous_0)","decl":{"start":{"line":9,"column":14},"end":{"line":9,"column":15}},"loc":{"start":{"line":9,"column":20},"end":{"line":17,"column":1}},"line":9}},"branchMap":{},"s":{"0":0,"1":0,"2":0},"f":{"0":0},"b":{},"hash":"0b33111831d7ff01dc4ed8d495c6e68f3f8efd9a"}
,"/Users/jasonlea-jones/Projects/myproj/src/client/components/Routes.js": {"path":"/Users/jasonlea-jones/Projects/myproj/src/client/components/Routes.js","statementMap":{"0":{"start":{"line":18,"column":15},"end":{"line":28,"column":1}},"1":{"start":{"line":19,"column":2},"end":{"line":27,"column":11}}},"fnMap":{"0":{"name":"(anonymous_0)","decl":{"start":{"line":18,"column":15},"end":{"line":18,"column":16}},"loc":{"start":{"line":19,"column":2},"end":{"line":27,"column":11}},"line":19}},"branchMap":{},"s":{"0":0,"1":0},"f":{"0":0},"b":{},"hash":"66970876feb6e8f84ac2c80a509052c2971fa4b3"}
,"/Users/jasonlea-jones/Projects/myproj/src/client/components/App/component.js": {"path":"/Users/jasonlea-jones/Projects/myproj/src/client/components/App/component.js","statementMap":{"0":{"start":{"line":17,"column":12},"end":{"line":38,"column":1}},"1":{"start":{"line":18,"column":2},"end":{"line":27,"column":9}},"2":{"start":{"line":19,"column":22},"end":{"line":19,"column":64}},"3":{"start":{"line":20,"column":4},"end":{"line":22,"column":5}},"4":{"start":{"line":21,"column":6},"end":{"line":21,"column":50}},"5":{"start":{"line":24,"column":4},"end":{"line":26,"column":7}},"6":{"start":{"line":29,"column":2},"end":{"line":37,"column":4}},"7":{"start":{"line":40,"column":0},"end":{"line":42,"column":2}}},"fnMap":{"0":{"name":"(anonymous_0)","decl":{"start":{"line":17,"column":12},"end":{"line":17,"column":13}},"loc":{"start":{"line":17,"column":38},"end":{"line":38,"column":1}},"line":17},"1":{"name":"(anonymous_1)","decl":{"start":{"line":18,"column":12},"end":{"line":18,"column":13}},"loc":{"start":{"line":18,"column":18},"end":{"line":27,"column":3}},"line":18}},"branchMap":{"0":{"loc":{"start":{"line":20,"column":4},"end":{"line":22,"column":5}},"type":"if","locations":[{"start":{"line":20,"column":4},"end":{"line":22,"column":5}},{"start":{"line":20,"column":4},"end":{"line":22,"column":5}}],"line":20},"1":{"loc":{"start":{"line":20,"column":8},"end":{"line":20,"column":41}},"type":"binary-expr","locations":[{"start":{"line":20,"column":8},"end":{"line":20,"column":17}},{"start":{"line":20,"column":21},"end":{"line":20,"column":41}}],"line":20}},"s":{"0":0,"1":0,"2":0,"3":0,"4":0,"5":0,"6":0,"7":0},"f":{"0":0,"1":0},"b":{"0":[0,0],"1":[0,0]},"hash":"7e0f22816deed87af4393c36c1efb55b013708fc"}
,"/Users/jasonlea-jones/Projects/myproj/src/client/components/App/index.js": {"path":"/Users/jasonlea-jones/Projects/myproj/src/client/components/App/index.js","statementMap":{"0":{"start":{"line":11,"column":24},"end":{"line":16,"column":1}},"1":{"start":{"line":12,"column":24},"end":{"line":12,"column":29}},"2":{"start":{"line":13,"column":2},"end":{"line":15,"column":4}},"3":{"start":{"line":18,"column":27},"end":{"line":20,"column":1}}},"fnMap":{"0":{"name":"(anonymous_0)","decl":{"start":{"line":11,"column":24},"end":{"line":11,"column":25}},"loc":{"start":{"line":11,"column":33},"end":{"line":16,"column":1}},"line":11}},"branchMap":{},"s":{"0":0,"1":0,"2":0,"3":0},"f":{"0":0},"b":{},"hash":"9e29ccd46ae9ab0c58654eb0e60069d91e1d0e8a"}
,"/Users/jasonlea-jones/Projects/myproj/src/client/components/hoc/index.js": {"path":"/Users/jasonlea-jones/Projects/myproj/src/client/components/hoc/index.js","statementMap":{},"fnMap":{},"branchMap":{},"s":{},"f":{},"b":{},"hash":"b5fd7e6466406045fc411e78b14023b83a284b9b"}
,"/Users/jasonlea-jones/Projects/myproj/src/client/components/hoc/withTimer.js": {"path":"/Users/jasonlea-jones/Projects/myproj/src/client/components/hoc/withTimer.js","statementMap":{"0":{"start":{"line":10,"column":18},"end":{"line":18,"column":1}},"1":{"start":{"line":11,"column":22},"end":{"line":11,"column":70}},"2":{"start":{"line":12,"column":18},"end":{"line":14,"column":3}},"3":{"start":{"line":13,"column":4},"end":{"line":13,"column":43}},"4":{"start":{"line":16,"column":2},"end":{"line":16,"column":38}},"5":{"start":{"line":17,"column":2},"end":{"line":17,"column":19}}},"fnMap":{"0":{"name":"(anonymous_0)","decl":{"start":{"line":10,"column":18},"end":{"line":10,"column":19}},"loc":{"start":{"line":10,"column":38},"end":{"line":18,"column":1}},"line":10},"1":{"name":"(anonymous_1)","decl":{"start":{"line":12,"column":18},"end":{"line":12,"column":19}},"loc":{"start":{"line":12,"column":27},"end":{"line":14,"column":3}},"line":12}},"branchMap":{},"s":{"0":0,"1":0,"2":0,"3":0,"4":0,"5":0},"f":{"0":0,"1":0},"b":{},"hash":"2c282cb928fc2df13357d7f74c01460e553774e5"}
,"/Users/jasonlea-jones/Projects/myproj/src/client/components/pages/index.js": {"path":"/Users/jasonlea-jones/Projects/myproj/src/client/components/pages/index.js","statementMap":{"0":{"start":{"line":6,"column":24},"end":{"line":8,"column":2}},"1":{"start":{"line":6,"column":39},"end":{"line":6,"column":64}},"2":{"start":{"line":10,"column":25},"end":{"line":12,"column":2}},"3":{"start":{"line":10,"column":40},"end":{"line":10,"column":66}},"4":{"start":{"line":14,"column":27},"end":{"line":19,"column":1}},"5":{"start":{"line":15,"column":8},"end":{"line":15,"column":46}},"6":{"start":{"line":21,"column":28},"end":{"line":23,"column":2}},"7":{"start":{"line":21,"column":43},"end":{"line":21,"column":72}}},"fnMap":{"0":{"name":"(anonymous_0)","decl":{"start":{"line":6,"column":33},"end":{"line":6,"column":34}},"loc":{"start":{"line":6,"column":39},"end":{"line":6,"column":64}},"line":6},"1":{"name":"(anonymous_1)","decl":{"start":{"line":10,"column":34},"end":{"line":10,"column":35}},"loc":{"start":{"line":10,"column":40},"end":{"line":10,"column":66}},"line":10},"2":{"name":"(anonymous_2)","decl":{"start":{"line":15,"column":2},"end":{"line":15,"column":3}},"loc":{"start":{"line":15,"column":8},"end":{"line":15,"column":46}},"line":15},"3":{"name":"(anonymous_3)","decl":{"start":{"line":21,"column":37},"end":{"line":21,"column":38}},"loc":{"start":{"line":21,"column":43},"end":{"line":21,"column":72}},"line":21}},"branchMap":{},"s":{"0":0,"1":0,"2":0,"3":0,"4":0,"5":0,"6":0,"7":0},"f":{"0":0,"1":0,"2":0,"3":0},"b":{},"hash":"eb537a6dbc22bf188177de1e5555a5e357bebf90"}
,"/Users/jasonlea-jones/Projects/myproj/src/client/components/pages/AboutPage/index.js": {"path":"/Users/jasonlea-jones/Projects/myproj/src/client/components/pages/AboutPage/index.js","statementMap":{"0":{"start":{"line":11,"column":18},"end":{"line":21,"column":1}},"1":{"start":{"line":12,"column":2},"end":{"line":20,"column":4}}},"fnMap":{"0":{"name":"(anonymous_0)","decl":{"start":{"line":11,"column":18},"end":{"line":11,"column":19}},"loc":{"start":{"line":11,"column":24},"end":{"line":21,"column":1}},"line":11}},"branchMap":{},"s":{"0":1,"1":1},"f":{"0":1},"b":{},"_coverageSchema":"43e27e138ebf9cfc5966b082cf9a028302ed4184","hash":"6cffa7b05215c7bd60fb565e3267c116069796b3"}
,"/Users/jasonlea-jones/Projects/myproj/src/client/components/pages/DashboardPage/component.js": {"path":"/Users/jasonlea-jones/Projects/myproj/src/client/components/pages/DashboardPage/component.js","statementMap":{"0":{"start":{"line":25,"column":22},"end":{"line":40,"column":1}},"1":{"start":{"line":26,"column":2},"end":{"line":39,"column":4}},"2":{"start":{"line":30,"column":8},"end":{"line":30,"column":28}},"3":{"start":{"line":42,"column":0},"end":{"line":45,"column":2}}},"fnMap":{"0":{"name":"(anonymous_0)","decl":{"start":{"line":25,"column":22},"end":{"line":25,"column":23}},"loc":{"start":{"line":25,"column":51},"end":{"line":40,"column":1}},"line":25},"1":{"name":"(anonymous_1)","decl":{"start":{"line":29,"column":17},"end":{"line":29,"column":18}},"loc":{"start":{"line":29,"column":29},"end":{"line":31,"column":7}},"line":29}},"branchMap":{},"s":{"0":1,"1":0,"2":0,"3":1},"f":{"0":0,"1":0},"b":{},"_coverageSchema":"43e27e138ebf9cfc5966b082cf9a028302ed4184","hash":"bab26c60e8b718a7fd14a3a70177a746a32d6c53"}
,"/Users/jasonlea-jones/Projects/myproj/src/client/components/pages/DashboardPage/index.js": {"path":"/Users/jasonlea-jones/Projects/myproj/src/client/components/pages/DashboardPage/index.js","statementMap":{"0":{"start":{"line":10,"column":24},"end":{"line":15,"column":1}},"1":{"start":{"line":11,"column":24},"end":{"line":11,"column":29}},"2":{"start":{"line":12,"column":2},"end":{"line":14,"column":4}},"3":{"start":{"line":17,"column":27},"end":{"line":19,"column":1}}},"fnMap":{"0":{"name":"(anonymous_0)","decl":{"start":{"line":10,"column":24},"end":{"line":10,"column":25}},"loc":{"start":{"line":10,"column":33},"end":{"line":15,"column":1}},"line":10}},"branchMap":{},"s":{"0":1,"1":1,"2":1,"3":1},"f":{"0":1},"b":{},"_coverageSchema":"43e27e138ebf9cfc5966b082cf9a028302ed4184","hash":"649e3f7190a5508e7cd03dd179954a261ae46851"}
,"/Users/jasonlea-jones/Projects/myproj/src/client/components/pages/DashboardPage/components/Dashboard/index.js": {"path":"/Users/jasonlea-jones/Projects/myproj/src/client/components/pages/DashboardPage/components/Dashboard/index.js","statementMap":{"0":{"start":{"line":10,"column":18},"end":{"line":17,"column":2}},"1":{"start":{"line":19,"column":18},"end":{"line":60,"column":1}},"2":{"start":{"line":20,"column":18},"end":{"line":20,"column":29}},"3":{"start":{"line":21,"column":2},"end":{"line":59,"column":4}},"4":{"start":{"line":25,"column":23},"end":{"line":25,"column":40}},"5":{"start":{"line":26,"column":25},"end":{"line":26,"column":48}},"6":{"start":{"line":28,"column":10},"end":{"line":55,"column":12}},"7":{"start":{"line":39,"column":32},"end":{"line":39,"column":41}},"8":{"start":{"line":40,"column":35},"end":{"line":40,"column":60}},"9":{"start":{"line":41,"column":18},"end":{"line":51,"column":19}},"10":{"start":{"line":45,"column":20},"end":{"line":50,"column":22}},"11":{"start":{"line":62,"column":0},"end":{"line":64,"column":2}}},"fnMap":{"0":{"name":"(anonymous_0)","decl":{"start":{"line":19,"column":18},"end":{"line":19,"column":19}},"loc":{"start":{"line":19,"column":32},"end":{"line":60,"column":1}},"line":19},"1":{"name":"(anonymous_1)","decl":{"start":{"line":24,"column":18},"end":{"line":24,"column":19}},"loc":{"start":{"line":24,"column":26},"end":{"line":56,"column":9}},"line":24},"2":{"name":"(anonymous_2)","decl":{"start":{"line":38,"column":26},"end":{"line":38,"column":27}},"loc":{"start":{"line":38,"column":33},"end":{"line":52,"column":17}},"line":38}},"branchMap":{"0":{"loc":{"start":{"line":26,"column":25},"end":{"line":26,"column":48}},"type":"binary-expr","locations":[{"start":{"line":26,"column":25},"end":{"line":26,"column":32}},{"start":{"line":26,"column":36},"end":{"line":26,"column":48}}],"line":26},"1":{"loc":{"start":{"line":41,"column":18},"end":{"line":51,"column":19}},"type":"if","locations":[{"start":{"line":41,"column":18},"end":{"line":51,"column":19}},{"start":{"line":41,"column":18},"end":{"line":51,"column":19}}],"line":41},"2":{"loc":{"start":{"line":42,"column":20},"end":{"line":43,"column":72}},"type":"binary-expr","locations":[{"start":{"line":42,"column":21},"end":{"line":42,"column":26}},{"start":{"line":42,"column":30},"end":{"line":42,"column":39}},{"start":{"line":43,"column":21},"end":{"line":43,"column":26}},{"start":{"line":43,"column":30},"end":{"line":43,"column":38}},{"start":{"line":43,"column":42},"end":{"line":43,"column":71}}],"line":42},"3":{"loc":{"start":{"line":48,"column":25},"end":{"line":48,"column":73}},"type":"cond-expr","locations":[{"start":{"line":48,"column":36},"end":{"line":48,"column":61}},{"start":{"line":48,"column":64},"end":{"line":48,"column":73}}],"line":48}},"s":{"0":1,"1":1,"2":1,"3":1,"4":3,"5":3,"6":3,"7":15,"8":15,"9":15,"10":15,"11":1},"f":{"0":1,"1":3,"2":15},"b":{"0":[3,0],"1":[15,0],"2":[15,15,0,0,0],"3":[0,15]},"_coverageSchema":"43e27e138ebf9cfc5966b082cf9a028302ed4184","hash":"6fc1969366d920e9161fcb0d454079269a82ef59"}
,"/Users/jasonlea-jones/Projects/myproj/src/client/components/pages/HomePage/index.js": {"path":"/Users/jasonlea-jones/Projects/myproj/src/client/components/pages/HomePage/index.js","statementMap":{"0":{"start":{"line":21,"column":17},"end":{"line":31,"column":1}},"1":{"start":{"line":22,"column":2},"end":{"line":30,"column":4}}},"fnMap":{"0":{"name":"(anonymous_0)","decl":{"start":{"line":21,"column":17},"end":{"line":21,"column":18}},"loc":{"start":{"line":21,"column":23},"end":{"line":31,"column":1}},"line":21}},"branchMap":{},"s":{"0":1,"1":1},"f":{"0":1},"b":{},"_coverageSchema":"43e27e138ebf9cfc5966b082cf9a028302ed4184","hash":"a6e2472ff171523eaca0a17767669d9afd71efdf"}
,"/Users/jasonlea-jones/Projects/myproj/src/client/components/pages/HomePage/components/Hero/index.js": {"path":"/Users/jasonlea-jones/Projects/myproj/src/client/components/pages/HomePage/components/Hero/index.js","statementMap":{"0":{"start":{"line":6,"column":13},"end":{"line":16,"column":1}},"1":{"start":{"line":7,"column":2},"end":{"line":15,"column":4}}},"fnMap":{"0":{"name":"(anonymous_0)","decl":{"start":{"line":6,"column":13},"end":{"line":6,"column":14}},"loc":{"start":{"line":6,"column":19},"end":{"line":16,"column":1}},"line":6}},"branchMap":{},"s":{"0":3,"1":1},"f":{"0":1},"b":{},"_coverageSchema":"43e27e138ebf9cfc5966b082cf9a028302ed4184","hash":"3df9af1576488a30e9fecea52ecb95fa40954c26"}
,"/Users/jasonlea-jones/Projects/myproj/src/client/components/pages/NotFoundPage/index.js": {"path":"/Users/jasonlea-jones/Projects/myproj/src/client/components/pages/NotFoundPage/index.js","statementMap":{"0":{"start":{"line":16,"column":21},"end":{"line":39,"column":1}},"1":{"start":{"line":17,"column":2},"end":{"line":19,"column":3}},"2":{"start":{"line":18,"column":4},"end":{"line":18,"column":35}},"3":{"start":{"line":20,"column":2},"end":{"line":38,"column":4}},"4":{"start":{"line":41,"column":0},"end":{"line":43,"column":2}},"5":{"start":{"line":45,"column":0},"end":{"line":49,"column":2}}},"fnMap":{"0":{"name":"(anonymous_0)","decl":{"start":{"line":16,"column":21},"end":{"line":16,"column":22}},"loc":{"start":{"line":16,"column":44},"end":{"line":39,"column":1}},"line":16}},"branchMap":{"0":{"loc":{"start":{"line":17,"column":2},"end":{"line":19,"column":3}},"type":"if","locations":[{"start":{"line":17,"column":2},"end":{"line":19,"column":3}},{"start":{"line":17,"column":2},"end":{"line":19,"column":3}}],"line":17}},"s":{"0":1,"1":1,"2":1,"3":1,"4":1,"5":1},"f":{"0":1},"b":{"0":[1,0]},"_coverageSchema":"43e27e138ebf9cfc5966b082cf9a028302ed4184","hash":"eb24d0a2256613c542de0b9436dbad71af1a3203"}
,"/Users/jasonlea-jones/Projects/myproj/src/client/components/pages/marketing/DriveWithUs/index.js": {"path":"/Users/jasonlea-jones/Projects/myproj/src/client/components/pages/marketing/DriveWithUs/index.js","statementMap":{"0":{"start":{"line":19,"column":24},"end":{"line":29,"column":1}},"1":{"start":{"line":20,"column":2},"end":{"line":28,"column":4}}},"fnMap":{"0":{"name":"(anonymous_0)","decl":{"start":{"line":19,"column":24},"end":{"line":19,"column":25}},"loc":{"start":{"line":19,"column":30},"end":{"line":29,"column":1}},"line":19}},"branchMap":{},"s":{"0":0,"1":0},"f":{"0":0},"b":{},"hash":"be1808b9fa213843ef2577fd2887d317cb130165"}
,"/Users/jasonlea-jones/Projects/myproj/src/client/components/pages/marketing/DriveWithUs/components/DriveWithUsForm/Address.js": {"path":"/Users/jasonlea-jones/Projects/myproj/src/client/components/pages/marketing/DriveWithUs/components/DriveWithUsForm/Address.js","statementMap":{"0":{"start":{"line":26,"column":16},"end":{"line":132,"column":1}},"1":{"start":{"line":40,"column":2},"end":{"line":131,"column":4}},"2":{"start":{"line":50,"column":25},"end":{"line":50,"column":60}},"3":{"start":{"line":61,"column":25},"end":{"line":61,"column":64}},"4":{"start":{"line":74,"column":25},"end":{"line":74,"column":54}},"5":{"start":{"line":93,"column":25},"end":{"line":93,"column":52}},"6":{"start":{"line":104,"column":12},"end":{"line":106,"column":21}},"7":{"start":{"line":113,"column":25},"end":{"line":113,"column":51}},"8":{"start":{"line":123,"column":25},"end":{"line":123,"column":57}},"9":{"start":{"line":134,"column":0},"end":{"line":147,"column":2}}},"fnMap":{"0":{"name":"(anonymous_0)","decl":{"start":{"line":26,"column":16},"end":{"line":26,"column":17}},"loc":{"start":{"line":39,"column":6},"end":{"line":132,"column":1}},"line":39},"1":{"name":"(anonymous_1)","decl":{"start":{"line":50,"column":20},"end":{"line":50,"column":21}},"loc":{"start":{"line":50,"column":25},"end":{"line":50,"column":60}},"line":50},"2":{"name":"(anonymous_2)","decl":{"start":{"line":61,"column":20},"end":{"line":61,"column":21}},"loc":{"start":{"line":61,"column":25},"end":{"line":61,"column":64}},"line":61},"3":{"name":"(anonymous_3)","decl":{"start":{"line":74,"column":20},"end":{"line":74,"column":21}},"loc":{"start":{"line":74,"column":25},"end":{"line":74,"column":54}},"line":74},"4":{"name":"(anonymous_4)","decl":{"start":{"line":93,"column":20},"end":{"line":93,"column":21}},"loc":{"start":{"line":93,"column":25},"end":{"line":93,"column":52}},"line":93},"5":{"name":"(anonymous_5)","decl":{"start":{"line":103,"column":33},"end":{"line":103,"column":34}},"loc":{"start":{"line":104,"column":12},"end":{"line":106,"column":21}},"line":104},"6":{"name":"(anonymous_6)","decl":{"start":{"line":113,"column":20},"end":{"line":113,"column":21}},"loc":{"start":{"line":113,"column":25},"end":{"line":113,"column":51}},"line":113},"7":{"name":"(anonymous_7)","decl":{"start":{"line":123,"column":20},"end":{"line":123,"column":21}},"loc":{"start":{"line":123,"column":25},"end":{"line":123,"column":57}},"line":123}},"branchMap":{},"s":{"0":0,"1":0,"2":0,"3":0,"4":0,"5":0,"6":0,"7":0,"8":0,"9":0},"f":{"0":0,"1":0,"2":0,"3":0,"4":0,"5":0,"6":0,"7":0},"b":{},"hash":"1a5e9804ceeea208e9f809bafb82bc750572940f"}
,"/Users/jasonlea-jones/Projects/myproj/src/client/components/pages/marketing/DriveWithUs/components/DriveWithUsForm/ContactInfo.js": {"path":"/Users/jasonlea-jones/Projects/myproj/src/client/components/pages/marketing/DriveWithUs/components/DriveWithUsForm/ContactInfo.js","statementMap":{"0":{"start":{"line":20,"column":20},"end":{"line":87,"column":1}},"1":{"start":{"line":34,"column":2},"end":{"line":86,"column":4}},"2":{"start":{"line":44,"column":25},"end":{"line":44,"column":58}},"3":{"start":{"line":55,"column":25},"end":{"line":55,"column":56}},"4":{"start":{"line":66,"column":25},"end":{"line":66,"column":52}},"5":{"start":{"line":77,"column":25},"end":{"line":77,"column":64}},"6":{"start":{"line":89,"column":0},"end":{"line":102,"column":2}}},"fnMap":{"0":{"name":"(anonymous_0)","decl":{"start":{"line":20,"column":20},"end":{"line":20,"column":21}},"loc":{"start":{"line":33,"column":6},"end":{"line":87,"column":1}},"line":33},"1":{"name":"(anonymous_1)","decl":{"start":{"line":44,"column":20},"end":{"line":44,"column":21}},"loc":{"start":{"line":44,"column":25},"end":{"line":44,"column":58}},"line":44},"2":{"name":"(anonymous_2)","decl":{"start":{"line":55,"column":20},"end":{"line":55,"column":21}},"loc":{"start":{"line":55,"column":25},"end":{"line":55,"column":56}},"line":55},"3":{"name":"(anonymous_3)","decl":{"start":{"line":66,"column":20},"end":{"line":66,"column":21}},"loc":{"start":{"line":66,"column":25},"end":{"line":66,"column":52}},"line":66},"4":{"name":"(anonymous_4)","decl":{"start":{"line":77,"column":20},"end":{"line":77,"column":21}},"loc":{"start":{"line":77,"column":25},"end":{"line":77,"column":64}},"line":77}},"branchMap":{},"s":{"0":0,"1":0,"2":0,"3":0,"4":0,"5":0,"6":0},"f":{"0":0,"1":0,"2":0,"3":0,"4":0},"b":{},"hash":"9a3a320bc50b4e3a8c7a1baed38e895bf1d0d543"}
,"/Users/jasonlea-jones/Projects/myproj/src/client/components/pages/marketing/DriveWithUs/components/DriveWithUsForm/LicenseOverview.js": {"path":"/Users/jasonlea-jones/Projects/myproj/src/client/components/pages/marketing/DriveWithUs/components/DriveWithUsForm/LicenseOverview.js","statementMap":{"0":{"start":{"line":21,"column":24},"end":{"line":104,"column":1}},"1":{"start":{"line":34,"column":2},"end":{"line":103,"column":9}},"2":{"start":{"line":43,"column":23},"end":{"line":43,"column":58}},"3":{"start":{"line":61,"column":23},"end":{"line":61,"column":62}},"4":{"start":{"line":68,"column":23},"end":{"line":68,"column":59}},"5":{"start":{"line":86,"column":23},"end":{"line":86,"column":57}},"6":{"start":{"line":97,"column":10},"end":{"line":99,"column":19}},"7":{"start":{"line":106,"column":0},"end":{"line":118,"column":2}}},"fnMap":{"0":{"name":"(anonymous_0)","decl":{"start":{"line":21,"column":24},"end":{"line":21,"column":25}},"loc":{"start":{"line":34,"column":2},"end":{"line":103,"column":9}},"line":34},"1":{"name":"(anonymous_1)","decl":{"start":{"line":43,"column":18},"end":{"line":43,"column":19}},"loc":{"start":{"line":43,"column":23},"end":{"line":43,"column":58}},"line":43},"2":{"name":"(anonymous_2)","decl":{"start":{"line":61,"column":18},"end":{"line":61,"column":19}},"loc":{"start":{"line":61,"column":23},"end":{"line":61,"column":62}},"line":61},"3":{"name":"(anonymous_3)","decl":{"start":{"line":68,"column":18},"end":{"line":68,"column":19}},"loc":{"start":{"line":68,"column":23},"end":{"line":68,"column":59}},"line":68},"4":{"name":"(anonymous_4)","decl":{"start":{"line":86,"column":18},"end":{"line":86,"column":19}},"loc":{"start":{"line":86,"column":23},"end":{"line":86,"column":57}},"line":86},"5":{"name":"(anonymous_5)","decl":{"start":{"line":96,"column":31},"end":{"line":96,"column":32}},"loc":{"start":{"line":97,"column":10},"end":{"line":99,"column":19}},"line":97}},"branchMap":{},"s":{"0":0,"1":0,"2":0,"3":0,"4":0,"5":0,"6":0,"7":0},"f":{"0":0,"1":0,"2":0,"3":0,"4":0,"5":0},"b":{},"hash":"a0af2649b507e41afe1d5c0a5d38609986ed1fb8"}
,"/Users/jasonlea-jones/Projects/myproj/src/client/components/pages/marketing/DriveWithUs/components/DriveWithUsForm/PersonalInfo.js": {"path":"/Users/jasonlea-jones/Projects/myproj/src/client/components/pages/marketing/DriveWithUs/components/DriveWithUsForm/PersonalInfo.js","statementMap":{"0":{"start":{"line":23,"column":21},"end":{"line":110,"column":1}},"1":{"start":{"line":33,"column":47},"end":{"line":33,"column":62}},"2":{"start":{"line":35,"column":29},"end":{"line":37,"column":3}},"3":{"start":{"line":36,"column":4},"end":{"line":36,"column":40}},"4":{"start":{"line":39,"column":2},"end":{"line":109,"column":4}},"5":{"start":{"line":49,"column":25},"end":{"line":49,"column":56}},"6":{"start":{"line":61,"column":25},"end":{"line":61,"column":55}},"7":{"start":{"line":78,"column":25},"end":{"line":78,"column":50}},"8":{"start":{"line":105,"column":25},"end":{"line":105,"column":50}},"9":{"start":{"line":112,"column":0},"end":{"line":121,"column":2}}},"fnMap":{"0":{"name":"(anonymous_0)","decl":{"start":{"line":23,"column":21},"end":{"line":23,"column":22}},"loc":{"start":{"line":32,"column":6},"end":{"line":110,"column":1}},"line":32},"1":{"name":"(anonymous_1)","decl":{"start":{"line":35,"column":29},"end":{"line":35,"column":30}},"loc":{"start":{"line":35,"column":35},"end":{"line":37,"column":3}},"line":35},"2":{"name":"(anonymous_2)","decl":{"start":{"line":49,"column":20},"end":{"line":49,"column":21}},"loc":{"start":{"line":49,"column":25},"end":{"line":49,"column":56}},"line":49},"3":{"name":"(anonymous_3)","decl":{"start":{"line":61,"column":20},"end":{"line":61,"column":21}},"loc":{"start":{"line":61,"column":25},"end":{"line":61,"column":55}},"line":61},"4":{"name":"(anonymous_4)","decl":{"start":{"line":78,"column":20},"end":{"line":78,"column":21}},"loc":{"start":{"line":78,"column":25},"end":{"line":78,"column":50}},"line":78},"5":{"name":"(anonymous_5)","decl":{"start":{"line":83,"column":28},"end":{"line":83,"column":29}},"loc":{"start":{"line":83,"column":34},"end":{"line":83,"column":36}},"line":83},"6":{"name":"(anonymous_6)","decl":{"start":{"line":105,"column":20},"end":{"line":105,"column":21}},"loc":{"start":{"line":105,"column":25},"end":{"line":105,"column":50}},"line":105}},"branchMap":{"0":{"loc":{"start":{"line":73,"column":16},"end":{"line":73,"column":51}},"type":"cond-expr","locations":[{"start":{"line":73,"column":32},"end":{"line":73,"column":38}},{"start":{"line":73,"column":41},"end":{"line":73,"column":51}}],"line":73},"1":{"loc":{"start":{"line":88,"column":17},"end":{"line":88,"column":67}},"type":"cond-expr","locations":[{"start":{"line":88,"column":33},"end":{"line":88,"column":47}},{"start":{"line":88,"column":50},"end":{"line":88,"column":67}}],"line":88}},"s":{"0":0,"1":0,"2":0,"3":0,"4":0,"5":0,"6":0,"7":0,"8":0,"9":0},"f":{"0":0,"1":0,"2":0,"3":0,"4":0,"5":0,"6":0},"b":{"0":[0,0],"1":[0,0]},"hash":"bac7c98184b19e12c5079ccc1c34426c1dfe3c86"}
,"/Users/jasonlea-jones/Projects/myproj/src/client/components/pages/marketing/DriveWithUs/components/DriveWithUsForm/index.js": {"path":"/Users/jasonlea-jones/Projects/myproj/src/client/components/pages/marketing/DriveWithUs/components/DriveWithUsForm/index.js","statementMap":{"0":{"start":{"line":20,"column":18},"end":{"line":25,"column":3}},"1":{"start":{"line":20,"column":39},"end":{"line":25,"column":1}},"2":{"start":{"line":32,"column":24},"end":{"line":196,"column":1}},"3":{"start":{"line":33,"column":39},"end":{"line":33,"column":51}},"4":{"start":{"line":34,"column":37},"end":{"line":34,"column":49}},"5":{"start":{"line":35,"column":27},"end":{"line":35,"column":39}},"6":{"start":{"line":36,"column":27},"end":{"line":36,"column":39}},"7":{"start":{"line":38,"column":47},"end":{"line":38,"column":59}},"8":{"start":{"line":39,"column":55},"end":{"line":39,"column":67}},"9":{"start":{"line":40,"column":29},"end":{"line":40,"column":41}},"10":{"start":{"line":41,"column":31},"end":{"line":41,"column":43}},"11":{"start":{"line":42,"column":35},"end":{"line":42,"column":47}},"12":{"start":{"line":43,"column":41},"end":{"line":43,"column":53}},"13":{"start":{"line":45,"column":43},"end":{"line":45,"column":55}},"14":{"start":{"line":46,"column":39},"end":{"line":46,"column":51}},"15":{"start":{"line":47,"column":31},"end":{"line":47,"column":43}},"16":{"start":{"line":48,"column":55},"end":{"line":48,"column":67}},"17":{"start":{"line":49,"column":65},"end":{"line":49,"column":77}},"18":{"start":{"line":50,"column":61},"end":{"line":50,"column":73}},"19":{"start":{"line":52,"column":47},"end":{"line":52,"column":59}},"20":{"start":{"line":53,"column":49},"end":{"line":53,"column":61}},"21":{"start":{"line":54,"column":45},"end":{"line":54,"column":57}},"22":{"start":{"line":55,"column":55},"end":{"line":55,"column":67}},"23":{"start":{"line":56,"column":57},"end":{"line":56,"column":69}},"24":{"start":{"line":57,"column":45},"end":{"line":57,"column":57}},"25":{"start":{"line":59,"column":45},"end":{"line":59,"column":60}},"26":{"start":{"line":60,"column":18},"end":{"line":60,"column":29}},"27":{"start":{"line":62,"column":25},"end":{"line":64,"column":3}},"28":{"start":{"line":63,"column":4},"end":{"line":63,"column":19}},"29":{"start":{"line":65,"column":23},"end":{"line":67,"column":3}},"30":{"start":{"line":66,"column":4},"end":{"line":66,"column":19}},"31":{"start":{"line":69,"column":2},"end":{"line":195,"column":4}},"32":{"start":{"line":160,"column":46},"end":{"line":160,"column":79}}},"fnMap":{"0":{"name":"(anonymous_0)","decl":{"start":{"line":20,"column":29},"end":{"line":20,"column":30}},"loc":{"start":{"line":20,"column":39},"end":{"line":25,"column":1}},"line":20},"1":{"name":"(anonymous_1)","decl":{"start":{"line":32,"column":24},"end":{"line":32,"column":25}},"loc":{"start":{"line":32,"column":30},"end":{"line":196,"column":1}},"line":32},"2":{"name":"(anonymous_2)","decl":{"start":{"line":62,"column":25},"end":{"line":62,"column":26}},"loc":{"start":{"line":62,"column":30},"end":{"line":64,"column":3}},"line":62},"3":{"name":"(anonymous_3)","decl":{"start":{"line":65,"column":23},"end":{"line":65,"column":24}},"loc":{"start":{"line":65,"column":28},"end":{"line":67,"column":3}},"line":65},"4":{"name":"(anonymous_4)","decl":{"start":{"line":160,"column":40},"end":{"line":160,"column":41}},"loc":{"start":{"line":160,"column":46},"end":{"line":160,"column":79}},"line":160}},"branchMap":{},"s":{"0":0,"1":0,"2":0,"3":0,"4":0,"5":0,"6":0,"7":0,"8":0,"9":0,"10":0,"11":0,"12":0,"13":0,"14":0,"15":0,"16":0,"17":0,"18":0,"19":0,"20":0,"21":0,"22":0,"23":0,"24":0,"25":0,"26":0,"27":0,"28":0,"29":0,"30":0,"31":0,"32":0},"f":{"0":0,"1":0,"2":0,"3":0,"4":0},"b":{},"hash":"47f36947453c624ef4ee3e0f6200288cd8445384"}
,"/Users/jasonlea-jones/Projects/myproj/src/client/components/shared/constants.js": {"path":"/Users/jasonlea-jones/Projects/myproj/src/client/components/shared/constants.js","statementMap":{},"fnMap":{},"branchMap":{},"s":{},"f":{},"b":{},"_coverageSchema":"43e27e138ebf9cfc5966b082cf9a028302ed4184","hash":"d5a3be49b597d69c8e758667025580b3585f5094"}
,"/Users/jasonlea-jones/Projects/myproj/src/client/components/shared/Back/index.js": {"path":"/Users/jasonlea-jones/Projects/myproj/src/client/components/shared/Back/index.js","statementMap":{"0":{"start":{"line":11,"column":18},"end":{"line":27,"column":2}},"1":{"start":{"line":34,"column":13},"end":{"line":50,"column":1}},"2":{"start":{"line":35,"column":18},"end":{"line":35,"column":29}},"3":{"start":{"line":36,"column":2},"end":{"line":49,"column":4}}},"fnMap":{"0":{"name":"(anonymous_0)","decl":{"start":{"line":34,"column":13},"end":{"line":34,"column":14}},"loc":{"start":{"line":34,"column":19},"end":{"line":50,"column":1}},"line":34}},"branchMap":{},"s":{"0":2,"1":2,"2":1,"3":1},"f":{"0":1},"b":{},"_coverageSchema":"43e27e138ebf9cfc5966b082cf9a028302ed4184","hash":"018905a8be6893922048c02b07faa2dc0d5efb7f"}
,"/Users/jasonlea-jones/Projects/myproj/src/client/components/shared/Back/language.js": {"path":"/Users/jasonlea-jones/Projects/myproj/src/client/components/shared/Back/language.js","statementMap":{"0":{"start":{"line":2,"column":14},"end":{"line":2,"column":20}}},"fnMap":{"0":{"name":"(anonymous_0)","decl":{"start":{"line":2,"column":8},"end":{"line":2,"column":9}},"loc":{"start":{"line":2,"column":14},"end":{"line":2,"column":20}},"line":2}},"branchMap":{},"s":{"0":1},"f":{"0":1},"b":{},"_coverageSchema":"43e27e138ebf9cfc5966b082cf9a028302ed4184","hash":"1fc6a6098e5a6808776350b7d02ed995c41761d0"}
,"/Users/jasonlea-jones/Projects/myproj/src/client/components/shared/Container/index.js": {"path":"/Users/jasonlea-jones/Projects/myproj/src/client/components/shared/Container/index.js","statementMap":{"0":{"start":{"line":10,"column":18},"end":{"line":10,"column":57}},"1":{"start":{"line":10,"column":36},"end":{"line":10,"column":57}},"2":{"start":{"line":12,"column":0},"end":{"line":14,"column":2}}},"fnMap":{"0":{"name":"(anonymous_0)","decl":{"start":{"line":10,"column":18},"end":{"line":10,"column":19}},"loc":{"start":{"line":10,"column":36},"end":{"line":10,"column":57}},"line":10}},"branchMap":{},"s":{"0":1,"1":1,"2":1},"f":{"0":1},"b":{},"_coverageSchema":"43e27e138ebf9cfc5966b082cf9a028302ed4184","hash":"27a0987ffef3f2f13d355db4346e525e47aefd35"}
,"/Users/jasonlea-jones/Projects/myproj/src/client/components/shared/EnhancedPaper/component.js": {"path":"/Users/jasonlea-jones/Projects/myproj/src/client/components/shared/EnhancedPaper/component.js","statementMap":{"0":{"start":{"line":7,"column":18},"end":{"line":17,"column":3}},"1":{"start":{"line":7,"column":39},"end":{"line":17,"column":1}},"2":{"start":{"line":19,"column":22},"end":{"line":55,"column":1}},"3":{"start":{"line":28,"column":18},"end":{"line":28,"column":29}},"4":{"start":{"line":29,"column":36},"end":{"line":29,"column":47}},"5":{"start":{"line":30,"column":23},"end":{"line":30,"column":44}},"6":{"start":{"line":30,"column":29},"end":{"line":30,"column":44}},"7":{"start":{"line":31,"column":23},"end":{"line":31,"column":44}},"8":{"start":{"line":31,"column":29},"end":{"line":31,"column":44}},"9":{"start":{"line":32,"column":25},"end":{"line":42,"column":3}},"10":{"start":{"line":33,"column":4},"end":{"line":40,"column":7}},"11":{"start":{"line":41,"column":4},"end":{"line":41,"column":15}},"12":{"start":{"line":44,"column":2},"end":{"line":54,"column":4}},"13":{"start":{"line":57,"column":0},"end":{"line":61,"column":2}},"14":{"start":{"line":58,"column":17},"end":{"line":58,"column":58}},"15":{"start":{"line":63,"column":0},"end":{"line":71,"column":2}}},"fnMap":{"0":{"name":"(anonymous_0)","decl":{"start":{"line":7,"column":29},"end":{"line":7,"column":30}},"loc":{"start":{"line":7,"column":39},"end":{"line":17,"column":1}},"line":7},"1":{"name":"(anonymous_1)","decl":{"start":{"line":19,"column":22},"end":{"line":19,"column":23}},"loc":{"start":{"line":27,"column":6},"end":{"line":55,"column":1}},"line":27},"2":{"name":"(anonymous_2)","decl":{"start":{"line":30,"column":23},"end":{"line":30,"column":24}},"loc":{"start":{"line":30,"column":29},"end":{"line":30,"column":44}},"line":30},"3":{"name":"(anonymous_3)","decl":{"start":{"line":31,"column":23},"end":{"line":31,"column":24}},"loc":{"start":{"line":31,"column":29},"end":{"line":31,"column":44}},"line":31},"4":{"name":"(anonymous_4)","decl":{"start":{"line":32,"column":25},"end":{"line":32,"column":26}},"loc":{"start":{"line":32,"column":30},"end":{"line":42,"column":3}},"line":32},"5":{"name":"(anonymous_5)","decl":{"start":{"line":58,"column":11},"end":{"line":58,"column":12}},"loc":{"start":{"line":58,"column":17},"end":{"line":58,"column":58}},"line":58}},"branchMap":{},"s":{"0":1,"1":0,"2":1,"3":0,"4":0,"5":0,"6":0,"7":0,"8":0,"9":0,"10":0,"11":0,"12":0,"13":1,"14":0,"15":1},"f":{"0":0,"1":0,"2":0,"3":0,"4":0,"5":0},"b":{},"_coverageSchema":"43e27e138ebf9cfc5966b082cf9a028302ed4184","hash":"ae6fbc2b885b9a7a18a1d9d2c8cd39e3698b437f"}
,"/Users/jasonlea-jones/Projects/myproj/src/client/components/shared/EnhancedPaper/index.js": {"path":"/Users/jasonlea-jones/Projects/myproj/src/client/components/shared/EnhancedPaper/index.js","statementMap":{"0":{"start":{"line":11,"column":24},"end":{"line":16,"column":1}},"1":{"start":{"line":12,"column":24},"end":{"line":12,"column":29}},"2":{"start":{"line":13,"column":2},"end":{"line":15,"column":4}},"3":{"start":{"line":18,"column":27},"end":{"line":20,"column":1}}},"fnMap":{"0":{"name":"(anonymous_0)","decl":{"start":{"line":11,"column":24},"end":{"line":11,"column":25}},"loc":{"start":{"line":11,"column":33},"end":{"line":16,"column":1}},"line":11}},"branchMap":{},"s":{"0":1,"1":0,"2":0,"3":1},"f":{"0":0},"b":{},"_coverageSchema":"43e27e138ebf9cfc5966b082cf9a028302ed4184","hash":"fe41f074bc8a2d02769582d01c61d803a0313ff2"}
,"/Users/jasonlea-jones/Projects/myproj/src/client/components/shared/Footer/index.js": {"path":"/Users/jasonlea-jones/Projects/myproj/src/client/components/shared/Footer/index.js","statementMap":{"0":{"start":{"line":10,"column":15},"end":{"line":16,"column":1}},"1":{"start":{"line":11,"column":2},"end":{"line":15,"column":11}}},"fnMap":{"0":{"name":"(anonymous_0)","decl":{"start":{"line":10,"column":15},"end":{"line":10,"column":16}},"loc":{"start":{"line":11,"column":2},"end":{"line":15,"column":11}},"line":11}},"branchMap":{},"s":{"0":1,"1":1},"f":{"0":1},"b":{},"_coverageSchema":"43e27e138ebf9cfc5966b082cf9a028302ed4184","hash":"7d75fecb81a4fa77dc391df26aa8a4d02b20ab3f"}
,"/Users/jasonlea-jones/Projects/myproj/src/client/components/shared/Header/index.js": {"path":"/Users/jasonlea-jones/Projects/myproj/src/client/components/shared/Header/index.js","statementMap":{"0":{"start":{"line":15,"column":18},"end":{"line":29,"column":2}},"1":{"start":{"line":37,"column":15},"end":{"line":56,"column":1}},"2":{"start":{"line":38,"column":18},"end":{"line":38,"column":29}},"3":{"start":{"line":40,"column":4},"end":{"line":40,"column":65}},"4":{"start":{"line":42,"column":2},"end":{"line":55,"column":4}},"5":{"start":{"line":58,"column":0},"end":{"line":62,"column":2}}},"fnMap":{"0":{"name":"(anonymous_0)","decl":{"start":{"line":37,"column":15},"end":{"line":37,"column":16}},"loc":{"start":{"line":37,"column":33},"end":{"line":56,"column":1}},"line":37}},"branchMap":{"0":{"loc":{"start":{"line":40,"column":4},"end":{"line":40,"column":65}},"type":"cond-expr","locations":[{"start":{"line":40,"column":51},"end":{"line":40,"column":55}},{"start":{"line":40,"column":58},"end":{"line":40,"column":65}}],"line":40}},"s":{"0":1,"1":1,"2":0,"3":0,"4":0,"5":1},"f":{"0":0},"b":{"0":[0,0]},"_coverageSchema":"43e27e138ebf9cfc5966b082cf9a028302ed4184","hash":"2cd8146ff5163a9af48e8bd9902d795ae047ad3a"}
,"/Users/jasonlea-jones/Projects/myproj/src/client/components/shared/Link/component.js": {"path":"/Users/jasonlea-jones/Projects/myproj/src/client/components/shared/Link/component.js","statementMap":{"0":{"start":{"line":23,"column":13},"end":{"line":58,"column":1}},"1":{"start":{"line":36,"column":20},"end":{"line":49,"column":3}},"2":{"start":{"line":37,"column":4},"end":{"line":37,"column":23}},"3":{"start":{"line":38,"column":4},"end":{"line":45,"column":7}},"4":{"start":{"line":47,"column":4},"end":{"line":47,"column":28}},"5":{"start":{"line":47,"column":17},"end":{"line":47,"column":28}},"6":{"start":{"line":48,"column":4},"end":{"line":48,"column":29}},"7":{"start":{"line":48,"column":12},"end":{"line":48,"column":29}},"8":{"start":{"line":51,"column":2},"end":{"line":57,"column":4}},"9":{"start":{"line":60,"column":0},"end":{"line":67,"column":2}},"10":{"start":{"line":69,"column":0},"end":{"line":91,"column":2}}},"fnMap":{"0":{"name":"(anonymous_0)","decl":{"start":{"line":23,"column":13},"end":{"line":23,"column":14}},"loc":{"start":{"line":35,"column":6},"end":{"line":58,"column":1}},"line":35},"1":{"name":"(anonymous_1)","decl":{"start":{"line":36,"column":20},"end":{"line":36,"column":21}},"loc":{"start":{"line":36,"column":25},"end":{"line":49,"column":3}},"line":36},"2":{"name":"(anonymous_2)","decl":{"start":{"line":63,"column":11},"end":{"line":63,"column":12}},"loc":{"start":{"line":63,"column":17},"end":{"line":63,"column":19}},"line":63}},"branchMap":{"0":{"loc":{"start":{"line":47,"column":4},"end":{"line":47,"column":28}},"type":"if","locations":[{"start":{"line":47,"column":4},"end":{"line":47,"column":28}},{"start":{"line":47,"column":4},"end":{"line":47,"column":28}}],"line":47},"1":{"loc":{"start":{"line":48,"column":4},"end":{"line":48,"column":29}},"type":"if","locations":[{"start":{"line":48,"column":4},"end":{"line":48,"column":29}},{"start":{"line":48,"column":4},"end":{"line":48,"column":29}}],"line":48}},"s":{"0":4,"1":0,"2":0,"3":0,"4":0,"5":0,"6":0,"7":0,"8":0,"9":4,"10":4},"f":{"0":0,"1":0,"2":0},"b":{"0":[0,0],"1":[0,0]},"_coverageSchema":"43e27e138ebf9cfc5966b082cf9a028302ed4184","hash":"ce52a53ae59c9635773b54e12ec3dc26fb16876e"}
,"/Users/jasonlea-jones/Projects/myproj/src/client/components/shared/Link/index.js": {"path":"/Users/jasonlea-jones/Projects/myproj/src/client/components/shared/Link/index.js","statementMap":{"0":{"start":{"line":11,"column":24},"end":{"line":16,"column":1}},"1":{"start":{"line":12,"column":24},"end":{"line":12,"column":29}},"2":{"start":{"line":13,"column":2},"end":{"line":15,"column":4}},"3":{"start":{"line":18,"column":27},"end":{"line":20,"column":1}}},"fnMap":{"0":{"name":"(anonymous_0)","decl":{"start":{"line":11,"column":24},"end":{"line":11,"column":25}},"loc":{"start":{"line":11,"column":33},"end":{"line":16,"column":1}},"line":11}},"branchMap":{},"s":{"0":4,"1":1,"2":1,"3":4},"f":{"0":1},"b":{},"_coverageSchema":"43e27e138ebf9cfc5966b082cf9a028302ed4184","hash":"209a03541f6a32996337c15a1c9a7cddf1f7b44b"}
,"/Users/jasonlea-jones/Projects/myproj/src/client/components/shared/Loader/index.js": {"path":"/Users/jasonlea-jones/Projects/myproj/src/client/components/shared/Loader/index.js","statementMap":{"0":{"start":{"line":10,"column":15},"end":{"line":10,"column":48}},"1":{"start":{"line":10,"column":21},"end":{"line":10,"column":48}}},"fnMap":{"0":{"name":"(anonymous_0)","decl":{"start":{"line":10,"column":15},"end":{"line":10,"column":16}},"loc":{"start":{"line":10,"column":21},"end":{"line":10,"column":48}},"line":10}},"branchMap":{},"s":{"0":1,"1":1},"f":{"0":1},"b":{},"_coverageSchema":"43e27e138ebf9cfc5966b082cf9a028302ed4184","hash":"94d529591720dcedda7b67622f22436447c419d9"}
,"/Users/jasonlea-jones/Projects/myproj/src/client/components/shared/Loader/language.js": {"path":"/Users/jasonlea-jones/Projects/myproj/src/client/components/shared/Loader/language.js","statementMap":{"0":{"start":{"line":2,"column":17},"end":{"line":2,"column":26}}},"fnMap":{"0":{"name":"(anonymous_0)","decl":{"start":{"line":2,"column":11},"end":{"line":2,"column":12}},"loc":{"start":{"line":2,"column":17},"end":{"line":2,"column":26}},"line":2}},"branchMap":{},"s":{"0":1},"f":{"0":1},"b":{},"_coverageSchema":"43e27e138ebf9cfc5966b082cf9a028302ed4184","hash":"47ce552502c913fbd46d34766246e2e57428a6fd"}
,"/Users/jasonlea-jones/Projects/myproj/src/client/components/shared/NavMenu/constants.js": {"path":"/Users/jasonlea-jones/Projects/myproj/src/client/components/shared/NavMenu/constants.js","statementMap":{},"fnMap":{},"branchMap":{},"s":{},"f":{},"b":{},"_coverageSchema":"43e27e138ebf9cfc5966b082cf9a028302ed4184","hash":"bd831da79bf0a8551b346d69b6f687a44ede7972"}
,"/Users/jasonlea-jones/Projects/myproj/src/client/components/shared/NavMenu/index.js": {"path":"/Users/jasonlea-jones/Projects/myproj/src/client/components/shared/NavMenu/index.js","statementMap":{"0":{"start":{"line":16,"column":18},"end":{"line":43,"column":3}},"1":{"start":{"line":16,"column":39},"end":{"line":43,"column":1}},"2":{"start":{"line":50,"column":16},"end":{"line":93,"column":1}},"3":{"start":{"line":51,"column":18},"end":{"line":51,"column":29}},"4":{"start":{"line":52,"column":36},"end":{"line":52,"column":51}},"5":{"start":{"line":53,"column":46},"end":{"line":53,"column":61}},"6":{"start":{"line":55,"column":27},"end":{"line":58,"column":3}},"7":{"start":{"line":55,"column":35},"end":{"line":58,"column":3}},"8":{"start":{"line":56,"column":4},"end":{"line":56,"column":45}},"9":{"start":{"line":56,"column":26},"end":{"line":56,"column":45}},"10":{"start":{"line":57,"column":4},"end":{"line":57,"column":55}},"11":{"start":{"line":57,"column":31},"end":{"line":57,"column":55}},"12":{"start":{"line":60,"column":28},"end":{"line":63,"column":3}},"13":{"start":{"line":60,"column":36},"end":{"line":63,"column":3}},"14":{"start":{"line":61,"column":4},"end":{"line":61,"column":46}},"15":{"start":{"line":61,"column":26},"end":{"line":61,"column":46}},"16":{"start":{"line":62,"column":4},"end":{"line":62,"column":56}},"17":{"start":{"line":62,"column":31},"end":{"line":62,"column":56}},"18":{"start":{"line":65,"column":2},"end":{"line":92,"column":4}},"19":{"start":{"line":68,"column":21},"end":{"line":68,"column":44}},"20":{"start":{"line":69,"column":8},"end":{"line":80,"column":10}}},"fnMap":{"0":{"name":"(anonymous_0)","decl":{"start":{"line":16,"column":29},"end":{"line":16,"column":30}},"loc":{"start":{"line":16,"column":39},"end":{"line":43,"column":1}},"line":16},"1":{"name":"(anonymous_1)","decl":{"start":{"line":50,"column":16},"end":{"line":50,"column":17}},"loc":{"start":{"line":50,"column":22},"end":{"line":93,"column":1}},"line":50},"2":{"name":"(anonymous_2)","decl":{"start":{"line":55,"column":27},"end":{"line":55,"column":28}},"loc":{"start":{"line":55,"column":35},"end":{"line":58,"column":3}},"line":55},"3":{"name":"(anonymous_3)","decl":{"start":{"line":55,"column":35},"end":{"line":55,"column":36}},"loc":{"start":{"line":55,"column":41},"end":{"line":58,"column":3}},"line":55},"4":{"name":"(anonymous_4)","decl":{"start":{"line":60,"column":28},"end":{"line":60,"column":29}},"loc":{"start":{"line":60,"column":36},"end":{"line":63,"column":3}},"line":60},"5":{"name":"(anonymous_5)","decl":{"start":{"line":60,"column":36},"end":{"line":60,"column":37}},"loc":{"start":{"line":60,"column":42},"end":{"line":63,"column":3}},"line":60},"6":{"name":"(anonymous_6)","decl":{"start":{"line":67,"column":17},"end":{"line":67,"column":18}},"loc":{"start":{"line":67,"column":25},"end":{"line":81,"column":7}},"line":67},"7":{"name":"(anonymous_7)","decl":{"start":{"line":76,"column":61},"end":{"line":76,"column":62}},"loc":{"start":{"line":76,"column":67},"end":{"line":76,"column":69}},"line":76}},"branchMap":{"0":{"loc":{"start":{"line":56,"column":4},"end":{"line":56,"column":45}},"type":"if","locations":[{"start":{"line":56,"column":4},"end":{"line":56,"column":45}},{"start":{"line":56,"column":4},"end":{"line":56,"column":45}}],"line":56},"1":{"loc":{"start":{"line":57,"column":4},"end":{"line":57,"column":55}},"type":"if","locations":[{"start":{"line":57,"column":4},"end":{"line":57,"column":55}},{"start":{"line":57,"column":4},"end":{"line":57,"column":55}}],"line":57},"2":{"loc":{"start":{"line":61,"column":4},"end":{"line":61,"column":46}},"type":"if","locations":[{"start":{"line":61,"column":4},"end":{"line":61,"column":46}},{"start":{"line":61,"column":4},"end":{"line":61,"column":46}}],"line":61},"3":{"loc":{"start":{"line":62,"column":4},"end":{"line":62,"column":56}},"type":"if","locations":[{"start":{"line":62,"column":4},"end":{"line":62,"column":56}},{"start":{"line":62,"column":4},"end":{"line":62,"column":56}}],"line":62},"4":{"loc":{"start":{"line":72,"column":16},"end":{"line":72,"column":53}},"type":"cond-expr","locations":[{"start":{"line":72,"column":32},"end":{"line":72,"column":48}},{"start":{"line":72,"column":51},"end":{"line":72,"column":53}}],"line":72},"5":{"loc":{"start":{"line":76,"column":21},"end":{"line":76,"column":69}},"type":"cond-expr","locations":[{"start":{"line":76,"column":36},"end":{"line":76,"column":58}},{"start":{"line":76,"column":61},"end":{"line":76,"column":69}}],"line":76}},"s":{"0":2,"1":1,"2":2,"3":1,"4":1,"5":1,"6":1,"7":2,"8":0,"9":0,"10":0,"11":0,"12":1,"13":2,"14":0,"15":0,"16":0,"17":0,"18":1,"19":4,"20":4},"f":{"0":1,"1":1,"2":2,"3":0,"4":2,"5":0,"6":4,"7":0},"b":{"0":[0,0],"1":[0,0],"2":[0,0],"3":[0,0],"4":[2,2],"5":[2,2]},"_coverageSchema":"43e27e138ebf9cfc5966b082cf9a028302ed4184","hash":"8b204a8054b3a9217d6d875ecd6a7c132d6602a8"}
,"/Users/jasonlea-jones/Projects/myproj/src/client/components/shared/NavMenu/language.js": {"path":"/Users/jasonlea-jones/Projects/myproj/src/client/components/shared/NavMenu/language.js","statementMap":{"0":{"start":{"line":2,"column":21},"end":{"line":2,"column":36}},"1":{"start":{"line":3,"column":20},"end":{"line":3,"column":34}},"2":{"start":{"line":4,"column":15},"end":{"line":4,"column":22}},"3":{"start":{"line":5,"column":20},"end":{"line":5,"column":34}}},"fnMap":{"0":{"name":"(anonymous_0)","decl":{"start":{"line":2,"column":15},"end":{"line":2,"column":16}},"loc":{"start":{"line":2,"column":21},"end":{"line":2,"column":36}},"line":2},"1":{"name":"(anonymous_1)","decl":{"start":{"line":3,"column":14},"end":{"line":3,"column":15}},"loc":{"start":{"line":3,"column":20},"end":{"line":3,"column":34}},"line":3},"2":{"name":"(anonymous_2)","decl":{"start":{"line":4,"column":9},"end":{"line":4,"column":10}},"loc":{"start":{"line":4,"column":15},"end":{"line":4,"column":22}},"line":4},"3":{"name":"(anonymous_3)","decl":{"start":{"line":5,"column":14},"end":{"line":5,"column":15}},"loc":{"start":{"line":5,"column":20},"end":{"line":5,"column":34}},"line":5}},"branchMap":{},"s":{"0":1,"1":1,"2":1,"3":1},"f":{"0":1,"1":1,"2":1,"3":1},"b":{},"_coverageSchema":"43e27e138ebf9cfc5966b082cf9a028302ed4184","hash":"30a561289dbfb66fa2949b324b375649b8040a59"}
,"/Users/jasonlea-jones/Projects/myproj/src/client/components/shared/Page/component.js": {"path":"/Users/jasonlea-jones/Projects/myproj/src/client/components/shared/Page/component.js","statementMap":{"0":{"start":{"line":6,"column":18},"end":{"line":10,"column":1}},"1":{"start":{"line":7,"column":2},"end":{"line":9,"column":3}},"2":{"start":{"line":8,"column":4},"end":{"line":8,"column":22}},"3":{"start":{"line":12,"column":18},"end":{"line":16,"column":2}},"4":{"start":{"line":28,"column":13},"end":{"line":47,"column":1}},"5":{"start":{"line":29,"column":18},"end":{"line":29,"column":29}},"6":{"start":{"line":30,"column":2},"end":{"line":45,"column":23}},"7":{"start":{"line":31,"column":4},"end":{"line":44,"column":5}},"8":{"start":{"line":32,"column":6},"end":{"line":43,"column":9}},"9":{"start":{"line":46,"column":2},"end":{"line":46,"column":58}},"10":{"start":{"line":49,"column":0},"end":{"line":54,"column":2}}},"fnMap":{"0":{"name":"(anonymous_0)","decl":{"start":{"line":6,"column":18},"end":{"line":6,"column":19}},"loc":{"start":{"line":6,"column":43},"end":{"line":10,"column":1}},"line":6},"1":{"name":"(anonymous_1)","decl":{"start":{"line":28,"column":13},"end":{"line":28,"column":14}},"loc":{"start":{"line":28,"column":65},"end":{"line":47,"column":1}},"line":28},"2":{"name":"(anonymous_2)","decl":{"start":{"line":30,"column":12},"end":{"line":30,"column":13}},"loc":{"start":{"line":30,"column":18},"end":{"line":45,"column":3}},"line":30}},"branchMap":{"0":{"loc":{"start":{"line":7,"column":2},"end":{"line":9,"column":3}},"type":"if","locations":[{"start":{"line":7,"column":2},"end":{"line":9,"column":3}},{"start":{"line":7,"column":2},"end":{"line":9,"column":3}}],"line":7},"1":{"loc":{"start":{"line":31,"column":4},"end":{"line":44,"column":5}},"type":"if","locations":[{"start":{"line":31,"column":4},"end":{"line":44,"column":5}},{"start":{"line":31,"column":4},"end":{"line":44,"column":5}}],"line":31}},"s":{"0":5,"1":0,"2":0,"3":5,"4":5,"5":0,"6":0,"7":0,"8":0,"9":0,"10":5},"f":{"0":0,"1":0,"2":0},"b":{"0":[0,0],"1":[0,0]},"_coverageSchema":"43e27e138ebf9cfc5966b082cf9a028302ed4184","hash":"4573b27c8272835b6b43a80c1285abd868a1841b"}
,"/Users/jasonlea-jones/Projects/myproj/src/client/components/shared/Page/index.js": {"path":"/Users/jasonlea-jones/Projects/myproj/src/client/components/shared/Page/index.js","statementMap":{"0":{"start":{"line":12,"column":24},"end":{"line":16,"column":1}},"1":{"start":{"line":13,"column":2},"end":{"line":15,"column":4}},"2":{"start":{"line":18,"column":27},"end":{"line":20,"column":1}}},"fnMap":{"0":{"name":"(anonymous_0)","decl":{"start":{"line":12,"column":24},"end":{"line":12,"column":25}},"loc":{"start":{"line":12,"column":33},"end":{"line":16,"column":1}},"line":12}},"branchMap":{},"s":{"0":5,"1":1,"2":5},"f":{"0":1},"b":{},"_coverageSchema":"43e27e138ebf9cfc5966b082cf9a028302ed4184","hash":"52f0c640f9c4a61481a67c15e8655c4e7a31808b"}
,"/Users/jasonlea-jones/Projects/myproj/src/client/components/shared/Redirect/index.js": {"path":"/Users/jasonlea-jones/Projects/myproj/src/client/components/shared/Redirect/index.js","statementMap":{"0":{"start":{"line":12,"column":17},"end":{"line":30,"column":1}},"1":{"start":{"line":13,"column":2},"end":{"line":29,"column":4}},"2":{"start":{"line":15,"column":6},"end":{"line":17,"column":7}},"3":{"start":{"line":16,"column":8},"end":{"line":16,"column":39}},"4":{"start":{"line":19,"column":6},"end":{"line":27,"column":8}},"5":{"start":{"line":22,"column":12},"end":{"line":22,"column":51}},"6":{"start":{"line":32,"column":0},"end":{"line":35,"column":2}}},"fnMap":{"0":{"name":"(anonymous_0)","decl":{"start":{"line":12,"column":17},"end":{"line":12,"column":18}},"loc":{"start":{"line":13,"column":2},"end":{"line":29,"column":4}},"line":13},"1":{"name":"(anonymous_1)","decl":{"start":{"line":14,"column":12},"end":{"line":14,"column":13}},"loc":{"start":{"line":14,"column":35},"end":{"line":28,"column":5}},"line":14},"2":{"name":"(anonymous_2)","decl":{"start":{"line":21,"column":20},"end":{"line":21,"column":21}},"loc":{"start":{"line":22,"column":12},"end":{"line":22,"column":51}},"line":22}},"branchMap":{"0":{"loc":{"start":{"line":15,"column":6},"end":{"line":17,"column":7}},"type":"if","locations":[{"start":{"line":15,"column":6},"end":{"line":17,"column":7}},{"start":{"line":15,"column":6},"end":{"line":17,"column":7}}],"line":15},"1":{"loc":{"start":{"line":19,"column":13},"end":{"line":27,"column":7}},"type":"cond-expr","locations":[{"start":{"line":20,"column":8},"end":{"line":24,"column":17}},{"start":{"line":26,"column":8},"end":{"line":26,"column":51}}],"line":19}},"s":{"0":1,"1":1,"2":0,"3":0,"4":0,"5":0,"6":1},"f":{"0":1,"1":0,"2":0},"b":{"0":[0,0],"1":[0,0]},"_coverageSchema":"43e27e138ebf9cfc5966b082cf9a028302ed4184","hash":"f7b33433c4a4a9ae4abb45d6002504ec4d5a04f7"}
,"/Users/jasonlea-jones/Projects/myproj/src/client/components/shared/dialogs/CarrierSignUp/index.js": {"path":"/Users/jasonlea-jones/Projects/myproj/src/client/components/shared/dialogs/CarrierSignUp/index.js","statementMap":{"0":{"start":{"line":13,"column":22},"end":{"line":41,"column":1}},"1":{"start":{"line":14,"column":16},"end":{"line":14,"column":30}},"2":{"start":{"line":15,"column":2},"end":{"line":40,"column":4}},"3":{"start":{"line":43,"column":0},"end":{"line":45,"column":2}},"4":{"start":{"line":47,"column":0},"end":{"line":50,"column":2}}},"fnMap":{"0":{"name":"(anonymous_0)","decl":{"start":{"line":13,"column":22},"end":{"line":13,"column":23}},"loc":{"start":{"line":13,"column":49},"end":{"line":41,"column":1}},"line":13}},"branchMap":{},"s":{"0":3,"1":1,"2":1,"3":3,"4":3},"f":{"0":1},"b":{},"_coverageSchema":"43e27e138ebf9cfc5966b082cf9a028302ed4184","hash":"da6396c6cb6dab4aa3a079d8eef3982eb964ac80"}
,"/Users/jasonlea-jones/Projects/myproj/src/client/components/shared/dialogs/Dialog/index.js": {"path":"/Users/jasonlea-jones/Projects/myproj/src/client/components/shared/dialogs/Dialog/index.js","statementMap":{"0":{"start":{"line":5,"column":15},"end":{"line":16,"column":1}},"1":{"start":{"line":6,"column":2},"end":{"line":15,"column":4}},"2":{"start":{"line":18,"column":0},"end":{"line":21,"column":2}},"3":{"start":{"line":23,"column":0},"end":{"line":29,"column":2}}},"fnMap":{"0":{"name":"(anonymous_0)","decl":{"start":{"line":5,"column":15},"end":{"line":5,"column":16}},"loc":{"start":{"line":5,"column":67},"end":{"line":16,"column":1}},"line":5}},"branchMap":{},"s":{"0":5,"1":1,"2":5,"3":5},"f":{"0":1},"b":{},"_coverageSchema":"43e27e138ebf9cfc5966b082cf9a028302ed4184","hash":"a55153cad0a5c7d29097061fada5cd3840608aed"}
,"/Users/jasonlea-jones/Projects/myproj/src/client/components/shared/dialogs/Login/index.js": {"path":"/Users/jasonlea-jones/Projects/myproj/src/client/components/shared/dialogs/Login/index.js","statementMap":{"0":{"start":{"line":9,"column":20},"end":{"line":32,"column":1}},"1":{"start":{"line":10,"column":2},"end":{"line":31,"column":4}},"2":{"start":{"line":22,"column":10},"end":{"line":22,"column":24}},"3":{"start":{"line":23,"column":10},"end":{"line":23,"column":28}},"4":{"start":{"line":26,"column":10},"end":{"line":26,"column":24}},"5":{"start":{"line":27,"column":10},"end":{"line":27,"column":25}},"6":{"start":{"line":34,"column":0},"end":{"line":36,"column":2}},"7":{"start":{"line":38,"column":0},"end":{"line":41,"column":2}}},"fnMap":{"0":{"name":"(anonymous_0)","decl":{"start":{"line":9,"column":20},"end":{"line":9,"column":21}},"loc":{"start":{"line":9,"column":47},"end":{"line":32,"column":1}},"line":9},"1":{"name":"(anonymous_1)","decl":{"start":{"line":21,"column":19},"end":{"line":21,"column":20}},"loc":{"start":{"line":21,"column":27},"end":{"line":24,"column":9}},"line":21},"2":{"name":"(anonymous_2)","decl":{"start":{"line":25,"column":19},"end":{"line":25,"column":20}},"loc":{"start":{"line":25,"column":24},"end":{"line":28,"column":9}},"line":25}},"branchMap":{},"s":{"0":3,"1":1,"2":0,"3":0,"4":0,"5":0,"6":3,"7":3},"f":{"0":1,"1":0,"2":0},"b":{},"_coverageSchema":"43e27e138ebf9cfc5966b082cf9a028302ed4184","hash":"8c3e72aadbf25349e1c73665b0214b532c811456"}
,"/Users/jasonlea-jones/Projects/myproj/src/client/components/shared/theme/constants.js": {"path":"/Users/jasonlea-jones/Projects/myproj/src/client/components/shared/theme/constants.js","statementMap":{"0":{"start":{"line":3,"column":14},"end":{"line":3,"column":32}}},"fnMap":{},"branchMap":{},"s":{"0":1},"f":{},"b":{},"_coverageSchema":"43e27e138ebf9cfc5966b082cf9a028302ed4184","hash":"9c6fed92f42957e0a70bb56abb94c57b7c505040"}
,"/Users/jasonlea-jones/Projects/myproj/src/client/components/shared/theme/index.js": {"path":"/Users/jasonlea-jones/Projects/myproj/src/client/components/shared/theme/index.js","statementMap":{"0":{"start":{"line":13,"column":22},"end":{"line":15,"column":1}},"1":{"start":{"line":14,"column":2},"end":{"line":14,"column":66}},"2":{"start":{"line":17,"column":0},"end":{"line":19,"column":2}},"3":{"start":{"line":21,"column":0},"end":{"line":24,"column":2}}},"fnMap":{"0":{"name":"(anonymous_0)","decl":{"start":{"line":13,"column":22},"end":{"line":13,"column":23}},"loc":{"start":{"line":14,"column":2},"end":{"line":14,"column":66}},"line":14}},"branchMap":{},"s":{"0":1,"1":1,"2":1,"3":1},"f":{"0":1},"b":{},"_coverageSchema":"43e27e138ebf9cfc5966b082cf9a028302ed4184","hash":"fb70a23467476bf754c469aabc0fc7977b59d258"}
,"/Users/jasonlea-jones/Projects/myproj/src/client/core/components/ClientApp.js": {"path":"/Users/jasonlea-jones/Projects/myproj/src/client/core/components/ClientApp.js","statementMap":{"0":{"start":{"line":15,"column":18},"end":{"line":23,"column":1}},"1":{"start":{"line":16,"column":2},"end":{"line":22,"column":13}},"2":{"start":{"line":25,"column":0},"end":{"line":28,"column":2}}},"fnMap":{"0":{"name":"(anonymous_0)","decl":{"start":{"line":15,"column":18},"end":{"line":15,"column":19}},"loc":{"start":{"line":16,"column":2},"end":{"line":22,"column":13}},"line":16}},"branchMap":{},"s":{"0":0,"1":0,"2":0},"f":{"0":0},"b":{},"hash":"b732b3957203a7dcbe588114e97b52f93d53fc5b"}
,"/Users/jasonlea-jones/Projects/myproj/src/client/lib/utils.js": {"path":"/Users/jasonlea-jones/Projects/myproj/src/client/lib/utils.js","statementMap":{"0":{"start":{"line":6,"column":30},"end":{"line":8,"column":1}},"1":{"start":{"line":7,"column":2},"end":{"line":7,"column":78}},"2":{"start":{"line":15,"column":25},"end":{"line":22,"column":13}},"3":{"start":{"line":16,"column":2},"end":{"line":22,"column":13}},"4":{"start":{"line":19,"column":6},"end":{"line":19,"column":73}},"5":{"start":{"line":19,"column":19},"end":{"line":19,"column":73}},"6":{"start":{"line":20,"column":6},"end":{"line":20,"column":19}}},"fnMap":{"0":{"name":"(anonymous_0)","decl":{"start":{"line":6,"column":30},"end":{"line":6,"column":31}},"loc":{"start":{"line":6,"column":50},"end":{"line":8,"column":1}},"line":6},"1":{"name":"(anonymous_1)","decl":{"start":{"line":15,"column":25},"end":{"line":15,"column":26}},"loc":{"start":{"line":16,"column":2},"end":{"line":22,"column":13}},"line":16},"2":{"name":"(anonymous_2)","decl":{"start":{"line":18,"column":9},"end":{"line":18,"column":10}},"loc":{"start":{"line":18,"column":25},"end":{"line":21,"column":5}},"line":18}},"branchMap":{"0":{"loc":{"start":{"line":7,"column":9},"end":{"line":7,"column":77}},"type":"binary-expr","locations":[{"start":{"line":7,"column":9},"end":{"line":7,"column":37}},{"start":{"line":7,"column":41},"end":{"line":7,"column":62}},{"start":{"line":7,"column":66},"end":{"line":7,"column":77}}],"line":7},"1":{"loc":{"start":{"line":19,"column":6},"end":{"line":19,"column":73}},"type":"if","locations":[{"start":{"line":19,"column":6},"end":{"line":19,"column":73}},{"start":{"line":19,"column":6},"end":{"line":19,"column":73}}],"line":19}},"s":{"0":3,"1":3,"2":3,"3":5,"4":14,"5":9,"6":5},"f":{"0":3,"1":5,"2":14},"b":{"0":[3,2,1],"1":[9,5]},"_coverageSchema":"43e27e138ebf9cfc5966b082cf9a028302ed4184","hash":"b051f8460ec69724e28480e944c541142359c4b3"}
,"/Users/jasonlea-jones/Projects/myproj/src/constants/paths.js": {"path":"/Users/jasonlea-jones/Projects/myproj/src/constants/paths.js","statementMap":{},"fnMap":{},"branchMap":{},"s":{},"f":{},"b":{},"_coverageSchema":"43e27e138ebf9cfc5966b082cf9a028302ed4184","hash":"19b5259b56aa426fd7934a2f95bf547e158bd496"}
,"/Users/jasonlea-jones/Projects/myproj/src/constants/states.js": {"path":"/Users/jasonlea-jones/Projects/myproj/src/constants/states.js","statementMap":{"0":{"start":{"line":1,"column":20},"end":{"line":1,"column":22}},"1":{"start":{"line":3,"column":33},"end":{"line":55,"column":1}}},"fnMap":{},"branchMap":{},"s":{"0":0,"1":0},"f":{},"b":{},"hash":"4d66080722517333cda60c8ccdb99f8465965a57"}
,"/Users/jasonlea-jones/Projects/myproj/src/server/index.js": {"path":"/Users/jasonlea-jones/Projects/myproj/src/server/index.js","statementMap":{"0":{"start":{"line":16,"column":18},"end":{"line":16,"column":26}},"1":{"start":{"line":17,"column":17},"end":{"line":17,"column":23}},"2":{"start":{"line":18,"column":13},"end":{"line":18,"column":24}},"3":{"start":{"line":19,"column":13},"end":{"line":19,"column":17}},"4":{"start":{"line":21,"column":12},"end":{"line":21,"column":21}},"5":{"start":{"line":22,"column":26},"end":{"line":22,"column":39}},"6":{"start":{"line":23,"column":0},"end":{"line":23,"column":27}},"7":{"start":{"line":24,"column":0},"end":{"line":24,"column":24}},"8":{"start":{"line":25,"column":0},"end":{"line":25,"column":38}},"9":{"start":{"line":26,"column":0},"end":{"line":26,"column":55}},"10":{"start":{"line":27,"column":0},"end":{"line":27,"column":52}},"11":{"start":{"line":28,"column":0},"end":{"line":28,"column":72}},"12":{"start":{"line":30,"column":0},"end":{"line":32,"column":3}},"13":{"start":{"line":31,"column":2},"end":{"line":31,"column":35}},"14":{"start":{"line":33,"column":0},"end":{"line":33,"column":28}},"15":{"start":{"line":34,"column":0},"end":{"line":36,"column":3}},"16":{"start":{"line":35,"column":2},"end":{"line":35,"column":64}}},"fnMap":{"0":{"name":"(anonymous_0)","decl":{"start":{"line":30,"column":13},"end":{"line":30,"column":14}},"loc":{"start":{"line":30,"column":33},"end":{"line":32,"column":1}},"line":30},"1":{"name":"(anonymous_1)","decl":{"start":{"line":34,"column":17},"end":{"line":34,"column":18}},"loc":{"start":{"line":34,"column":29},"end":{"line":36,"column":1}},"line":34}},"branchMap":{},"s":{"0":0,"1":0,"2":0,"3":0,"4":0,"5":0,"6":0,"7":0,"8":0,"9":0,"10":0,"11":0,"12":0,"13":0,"14":0,"15":0,"16":0},"f":{"0":0,"1":0},"b":{},"hash":"54388cffe879ce60e29e228fc6957f34f4422af6"}
,"/Users/jasonlea-jones/Projects/myproj/src/server/api/apiVersion.js": {"path":"/Users/jasonlea-jones/Projects/myproj/src/server/api/apiVersion.js","statementMap":{"0":{"start":{"line":1,"column":20},"end":{"line":1,"column":24}}},"fnMap":{},"branchMap":{},"s":{"0":0},"f":{},"b":{},"hash":"6ffeb7ef923e4ca68da74fe161fa304f018b6a2e"}
,"/Users/jasonlea-jones/Projects/myproj/src/server/api/filters/global.js": {"path":"/Users/jasonlea-jones/Projects/myproj/src/server/api/filters/global.js","statementMap":{"0":{"start":{"line":13,"column":21},"end":{"line":13,"column":30}},"1":{"start":{"line":14,"column":17},"end":{"line":14,"column":35}},"2":{"start":{"line":15,"column":2},"end":{"line":40,"column":5}},"3":{"start":{"line":16,"column":4},"end":{"line":16,"column":36}},"4":{"start":{"line":17,"column":4},"end":{"line":27,"column":5}},"5":{"start":{"line":18,"column":6},"end":{"line":26,"column":13}},"6":{"start":{"line":21,"column":12},"end":{"line":21,"column":16}},"7":{"start":{"line":22,"column":8},"end":{"line":24,"column":9}},"8":{"start":{"line":23,"column":10},"end":{"line":23,"column":32}},"9":{"start":{"line":25,"column":8},"end":{"line":25,"column":19}},"10":{"start":{"line":29,"column":4},"end":{"line":39,"column":5}},"11":{"start":{"line":30,"column":6},"end":{"line":38,"column":13}},"12":{"start":{"line":33,"column":12},"end":{"line":33,"column":16}},"13":{"start":{"line":34,"column":8},"end":{"line":36,"column":9}},"14":{"start":{"line":35,"column":10},"end":{"line":35,"column":32}},"15":{"start":{"line":37,"column":8},"end":{"line":37,"column":19}},"16":{"start":{"line":42,"column":2},"end":{"line":42,"column":22}}},"fnMap":{"0":{"name":"(anonymous_0)","decl":{"start":{"line":11,"column":15},"end":{"line":11,"column":16}},"loc":{"start":{"line":11,"column":32},"end":{"line":43,"column":1}},"line":11},"1":{"name":"(anonymous_1)","decl":{"start":{"line":15,"column":17},"end":{"line":15,"column":18}},"loc":{"start":{"line":15,"column":26},"end":{"line":40,"column":3}},"line":15},"2":{"name":"(anonymous_2)","decl":{"start":{"line":18,"column":33},"end":{"line":18,"column":34}},"loc":{"start":{"line":18,"column":48},"end":{"line":26,"column":7}},"line":18},"3":{"name":"(anonymous_3)","decl":{"start":{"line":30,"column":33},"end":{"line":30,"column":34}},"loc":{"start":{"line":30,"column":48},"end":{"line":38,"column":7}},"line":30}},"branchMap":{"0":{"loc":{"start":{"line":17,"column":4},"end":{"line":27,"column":5}},"type":"if","locations":[{"start":{"line":17,"column":4},"end":{"line":27,"column":5}},{"start":{"line":17,"column":4},"end":{"line":27,"column":5}}],"line":17},"1":{"loc":{"start":{"line":22,"column":8},"end":{"line":24,"column":9}},"type":"if","locations":[{"start":{"line":22,"column":8},"end":{"line":24,"column":9}},{"start":{"line":22,"column":8},"end":{"line":24,"column":9}}],"line":22},"2":{"loc":{"start":{"line":22,"column":12},"end":{"line":22,"column":72}},"type":"binary-expr","locations":[{"start":{"line":22,"column":12},"end":{"line":22,"column":16}},{"start":{"line":22,"column":20},"end":{"line":22,"column":72}}],"line":22},"3":{"loc":{"start":{"line":29,"column":4},"end":{"line":39,"column":5}},"type":"if","locations":[{"start":{"line":29,"column":4},"end":{"line":39,"column":5}},{"start":{"line":29,"column":4},"end":{"line":39,"column":5}}],"line":29},"4":{"loc":{"start":{"line":34,"column":8},"end":{"line":36,"column":9}},"type":"if","locations":[{"start":{"line":34,"column":8},"end":{"line":36,"column":9}},{"start":{"line":34,"column":8},"end":{"line":36,"column":9}}],"line":34},"5":{"loc":{"start":{"line":34,"column":12},"end":{"line":34,"column":45}},"type":"binary-expr","locations":[{"start":{"line":34,"column":12},"end":{"line":34,"column":16}},{"start":{"line":34,"column":20},"end":{"line":34,"column":45}}],"line":34}},"s":{"0":0,"1":0,"2":0,"3":0,"4":0,"5":0,"6":0,"7":0,"8":0,"9":0,"10":0,"11":0,"12":0,"13":0,"14":0,"15":0,"16":0},"f":{"0":0,"1":0,"2":0,"3":0},"b":{"0":[0,0],"1":[0,0],"2":[0,0],"3":[0,0],"4":[0,0],"5":[0,0]},"hash":"24e9d645216bcf6293f0f2dedbf9516e711cbddb"}
,"/Users/jasonlea-jones/Projects/myproj/src/server/api/filters/search.js": {"path":"/Users/jasonlea-jones/Projects/myproj/src/server/api/filters/search.js","statementMap":{"0":{"start":{"line":10,"column":21},"end":{"line":10,"column":30}},"1":{"start":{"line":11,"column":17},"end":{"line":11,"column":35}},"2":{"start":{"line":12,"column":2},"end":{"line":22,"column":5}},"3":{"start":{"line":13,"column":4},"end":{"line":21,"column":5}},"4":{"start":{"line":14,"column":17},"end":{"line":14,"column":43}},"5":{"start":{"line":15,"column":6},"end":{"line":20,"column":13}},"6":{"start":{"line":16,"column":8},"end":{"line":18,"column":9}},"7":{"start":{"line":17,"column":10},"end":{"line":17,"column":32}},"8":{"start":{"line":19,"column":8},"end":{"line":19,"column":19}},"9":{"start":{"line":24,"column":2},"end":{"line":24,"column":22}}},"fnMap":{"0":{"name":"(anonymous_0)","decl":{"start":{"line":9,"column":15},"end":{"line":9,"column":16}},"loc":{"start":{"line":9,"column":32},"end":{"line":25,"column":1}},"line":9},"1":{"name":"(anonymous_1)","decl":{"start":{"line":12,"column":17},"end":{"line":12,"column":18}},"loc":{"start":{"line":12,"column":26},"end":{"line":22,"column":3}},"line":12},"2":{"name":"(anonymous_2)","decl":{"start":{"line":15,"column":33},"end":{"line":15,"column":34}},"loc":{"start":{"line":15,"column":48},"end":{"line":20,"column":7}},"line":15}},"branchMap":{"0":{"loc":{"start":{"line":13,"column":4},"end":{"line":21,"column":5}},"type":"if","locations":[{"start":{"line":13,"column":4},"end":{"line":21,"column":5}},{"start":{"line":13,"column":4},"end":{"line":21,"column":5}}],"line":13},"1":{"loc":{"start":{"line":16,"column":8},"end":{"line":18,"column":9}},"type":"if","locations":[{"start":{"line":16,"column":8},"end":{"line":18,"column":9}},{"start":{"line":16,"column":8},"end":{"line":18,"column":9}}],"line":16}},"s":{"0":0,"1":0,"2":0,"3":0,"4":0,"5":0,"6":0,"7":0,"8":0,"9":0},"f":{"0":0,"1":0,"2":0},"b":{"0":[0,0],"1":[0,0]},"hash":"c3748ccc5d982948a75f547ed0463e6c703d6376"}
,"/Users/jasonlea-jones/Projects/myproj/src/server/api/reducers/index.js": {"path":"/Users/jasonlea-jones/Projects/myproj/src/server/api/reducers/index.js","statementMap":{"0":{"start":{"line":4,"column":30},"end":{"line":4,"column":32}},"1":{"start":{"line":15,"column":28},"end":{"line":27,"column":1}},"2":{"start":{"line":19,"column":2},"end":{"line":25,"column":3}},"3":{"start":{"line":20,"column":17},"end":{"line":20,"column":35}},"4":{"start":{"line":21,"column":4},"end":{"line":24,"column":6}},"5":{"start":{"line":26,"column":2},"end":{"line":26,"column":13}}},"fnMap":{"0":{"name":"(anonymous_0)","decl":{"start":{"line":15,"column":28},"end":{"line":15,"column":29}},"loc":{"start":{"line":18,"column":5},"end":{"line":27,"column":1}},"line":18}},"branchMap":{"0":{"loc":{"start":{"line":19,"column":2},"end":{"line":25,"column":3}},"type":"if","locations":[{"start":{"line":19,"column":2},"end":{"line":25,"column":3}},{"start":{"line":19,"column":2},"end":{"line":25,"column":3}}],"line":19},"1":{"loc":{"start":{"line":23,"column":39},"end":{"line":23,"column":74}},"type":"binary-expr","locations":[{"start":{"line":23,"column":39},"end":{"line":23,"column":57}},{"start":{"line":23,"column":61},"end":{"line":23,"column":74}}],"line":23}},"s":{"0":0,"1":0,"2":0,"3":0,"4":0,"5":0},"f":{"0":0},"b":{"0":[0,0],"1":[0,0]},"hash":"5aa9d00429b743e425fedcace1c369653fa2b5a7"}
,"/Users/jasonlea-jones/Projects/myproj/src/server/api/v0/index.js": {"path":"/Users/jasonlea-jones/Projects/myproj/src/server/api/v0/index.js","statementMap":{"0":{"start":{"line":44,"column":17},"end":{"line":44,"column":25}},"1":{"start":{"line":46,"column":2},"end":{"line":48,"column":4}},"2":{"start":{"line":47,"column":4},"end":{"line":47,"column":55}},"3":{"start":{"line":50,"column":2},"end":{"line":52,"column":4}},"4":{"start":{"line":51,"column":4},"end":{"line":51,"column":41}},"5":{"start":{"line":54,"column":2},"end":{"line":56,"column":4}},"6":{"start":{"line":55,"column":4},"end":{"line":55,"column":42}},"7":{"start":{"line":58,"column":2},"end":{"line":58,"column":78}},"8":{"start":{"line":58,"column":41},"end":{"line":58,"column":76}},"9":{"start":{"line":66,"column":2},"end":{"line":66,"column":73}},"10":{"start":{"line":66,"column":38},"end":{"line":66,"column":71}},"11":{"start":{"line":67,"column":2},"end":{"line":67,"column":70}},"12":{"start":{"line":67,"column":37},"end":{"line":67,"column":68}},"13":{"start":{"line":68,"column":2},"end":{"line":68,"column":72}},"14":{"start":{"line":68,"column":37},"end":{"line":68,"column":70}},"15":{"start":{"line":69,"column":2},"end":{"line":69,"column":75}},"16":{"start":{"line":69,"column":40},"end":{"line":69,"column":73}},"17":{"start":{"line":71,"column":2},"end":{"line":71,"column":76}},"18":{"start":{"line":71,"column":42},"end":{"line":71,"column":74}},"19":{"start":{"line":72,"column":2},"end":{"line":72,"column":75}},"20":{"start":{"line":72,"column":43},"end":{"line":72,"column":73}},"21":{"start":{"line":73,"column":2},"end":{"line":73,"column":77}},"22":{"start":{"line":73,"column":43},"end":{"line":73,"column":75}},"23":{"start":{"line":74,"column":2},"end":{"line":74,"column":77}},"24":{"start":{"line":74,"column":43},"end":{"line":74,"column":75}},"25":{"start":{"line":76,"column":2},"end":{"line":78,"column":5}},"26":{"start":{"line":77,"column":4},"end":{"line":77,"column":54}},"27":{"start":{"line":80,"column":2},"end":{"line":80,"column":16}}},"fnMap":{"0":{"name":"(anonymous_0)","decl":{"start":{"line":32,"column":15},"end":{"line":32,"column":16}},"loc":{"start":{"line":32,"column":31},"end":{"line":81,"column":1}},"line":32},"1":{"name":"(anonymous_1)","decl":{"start":{"line":46,"column":18},"end":{"line":46,"column":19}},"loc":{"start":{"line":47,"column":4},"end":{"line":47,"column":55}},"line":47},"2":{"name":"(anonymous_2)","decl":{"start":{"line":50,"column":37},"end":{"line":50,"column":38}},"loc":{"start":{"line":51,"column":4},"end":{"line":51,"column":41}},"line":51},"3":{"name":"(anonymous_3)","decl":{"start":{"line":54,"column":28},"end":{"line":54,"column":29}},"loc":{"start":{"line":55,"column":4},"end":{"line":55,"column":42}},"line":55},"4":{"name":"(anonymous_4)","decl":{"start":{"line":58,"column":27},"end":{"line":58,"column":28}},"loc":{"start":{"line":58,"column":41},"end":{"line":58,"column":76}},"line":58},"5":{"name":"(anonymous_5)","decl":{"start":{"line":66,"column":24},"end":{"line":66,"column":25}},"loc":{"start":{"line":66,"column":38},"end":{"line":66,"column":71}},"line":66},"6":{"name":"(anonymous_6)","decl":{"start":{"line":67,"column":23},"end":{"line":67,"column":24}},"loc":{"start":{"line":67,"column":37},"end":{"line":67,"column":68}},"line":67},"7":{"name":"(anonymous_7)","decl":{"start":{"line":68,"column":23},"end":{"line":68,"column":24}},"loc":{"start":{"line":68,"column":37},"end":{"line":68,"column":70}},"line":68},"8":{"name":"(anonymous_8)","decl":{"start":{"line":69,"column":26},"end":{"line":69,"column":27}},"loc":{"start":{"line":69,"column":40},"end":{"line":69,"column":73}},"line":69},"9":{"name":"(anonymous_9)","decl":{"start":{"line":71,"column":28},"end":{"line":71,"column":29}},"loc":{"start":{"line":71,"column":42},"end":{"line":71,"column":74}},"line":71},"10":{"name":"(anonymous_10)","decl":{"start":{"line":72,"column":29},"end":{"line":72,"column":30}},"loc":{"start":{"line":72,"column":43},"end":{"line":72,"column":73}},"line":72},"11":{"name":"(anonymous_11)","decl":{"start":{"line":73,"column":29},"end":{"line":73,"column":30}},"loc":{"start":{"line":73,"column":43},"end":{"line":73,"column":75}},"line":73},"12":{"name":"(anonymous_12)","decl":{"start":{"line":74,"column":29},"end":{"line":74,"column":30}},"loc":{"start":{"line":74,"column":43},"end":{"line":74,"column":75}},"line":74},"13":{"name":"(anonymous_13)","decl":{"start":{"line":76,"column":18},"end":{"line":76,"column":19}},"loc":{"start":{"line":76,"column":32},"end":{"line":78,"column":3}},"line":76}},"branchMap":{},"s":{"0":0,"1":0,"2":0,"3":0,"4":0,"5":0,"6":0,"7":0,"8":0,"9":0,"10":0,"11":0,"12":0,"13":0,"14":0,"15":0,"16":0,"17":0,"18":0,"19":0,"20":0,"21":0,"22":0,"23":0,"24":0,"25":0,"26":0,"27":0},"f":{"0":0,"1":0,"2":0,"3":0,"4":0,"5":0,"6":0,"7":0,"8":0,"9":0,"10":0,"11":0,"12":0,"13":0},"b":{},"hash":"0b3eb035dd0f4b1cf2d0d51eed39e6a531598272"}
,"/Users/jasonlea-jones/Projects/myproj/src/server/api/v0/handlers/analytics.js": {"path":"/Users/jasonlea-jones/Projects/myproj/src/server/api/v0/handlers/analytics.js","statementMap":{"0":{"start":{"line":16,"column":32},"end":{"line":24,"column":1}},"1":{"start":{"line":17,"column":35},"end":{"line":17,"column":39}},"2":{"start":{"line":18,"column":2},"end":{"line":23,"column":4}},"3":{"start":{"line":31,"column":32},"end":{"line":41,"column":1}},"4":{"start":{"line":32,"column":51},"end":{"line":32,"column":55}},"5":{"start":{"line":33,"column":2},"end":{"line":40,"column":4}},"6":{"start":{"line":48,"column":35},"end":{"line":60,"column":1}},"7":{"start":{"line":49,"column":69},"end":{"line":49,"column":73}},"8":{"start":{"line":50,"column":2},"end":{"line":59,"column":4}},"9":{"start":{"line":67,"column":32},"end":{"line":75,"column":1}},"10":{"start":{"line":68,"column":2},"end":{"line":70,"column":3}},"11":{"start":{"line":69,"column":4},"end":{"line":69,"column":41}},"12":{"start":{"line":71,"column":2},"end":{"line":73,"column":3}},"13":{"start":{"line":72,"column":4},"end":{"line":72,"column":41}},"14":{"start":{"line":74,"column":2},"end":{"line":74,"column":42}},"15":{"start":{"line":85,"column":31},"end":{"line":121,"column":1}},"16":{"start":{"line":86,"column":22},"end":{"line":86,"column":30}},"17":{"start":{"line":94,"column":15},"end":{"line":94,"column":56}},"18":{"start":{"line":95,"column":29},"end":{"line":95,"column":62}},"19":{"start":{"line":97,"column":18},"end":{"line":102,"column":3}},"20":{"start":{"line":104,"column":2},"end":{"line":104,"column":52}},"21":{"start":{"line":105,"column":2},"end":{"line":105,"column":47}},"22":{"start":{"line":106,"column":2},"end":{"line":116,"column":3}},"23":{"start":{"line":107,"column":18},"end":{"line":109,"column":17}},"24":{"start":{"line":110,"column":4},"end":{"line":110,"column":47}},"25":{"start":{"line":111,"column":4},"end":{"line":111,"column":46}},"26":{"start":{"line":112,"column":4},"end":{"line":112,"column":31}},"27":{"start":{"line":114,"column":4},"end":{"line":114,"column":20}},"28":{"start":{"line":115,"column":4},"end":{"line":115,"column":16}},"29":{"start":{"line":132,"column":32},"end":{"line":160,"column":1}},"30":{"start":{"line":133,"column":28},"end":{"line":133,"column":36}},"31":{"start":{"line":134,"column":29},"end":{"line":134,"column":62}},"32":{"start":{"line":135,"column":18},"end":{"line":139,"column":3}},"33":{"start":{"line":140,"column":2},"end":{"line":142,"column":5}},"34":{"start":{"line":149,"column":2},"end":{"line":159,"column":3}},"35":{"start":{"line":150,"column":18},"end":{"line":152,"column":17}},"36":{"start":{"line":153,"column":4},"end":{"line":153,"column":47}},"37":{"start":{"line":154,"column":17},"end":{"line":154,"column":58}},"38":{"start":{"line":155,"column":4},"end":{"line":155,"column":31}},"39":{"start":{"line":157,"column":4},"end":{"line":157,"column":20}},"40":{"start":{"line":158,"column":4},"end":{"line":158,"column":16}},"41":{"start":{"line":170,"column":29},"end":{"line":189,"column":1}},"42":{"start":{"line":171,"column":2},"end":{"line":188,"column":3}},"43":{"start":{"line":172,"column":18},"end":{"line":177,"column":17}},"44":{"start":{"line":178,"column":4},"end":{"line":178,"column":47}},"45":{"start":{"line":179,"column":17},"end":{"line":183,"column":16}},"46":{"start":{"line":184,"column":4},"end":{"line":184,"column":31}},"47":{"start":{"line":186,"column":4},"end":{"line":186,"column":20}},"48":{"start":{"line":187,"column":4},"end":{"line":187,"column":16}}},"fnMap":{"0":{"name":"(anonymous_0)","decl":{"start":{"line":16,"column":32},"end":{"line":16,"column":33}},"loc":{"start":{"line":16,"column":40},"end":{"line":24,"column":1}},"line":16},"1":{"name":"(anonymous_1)","decl":{"start":{"line":31,"column":32},"end":{"line":31,"column":33}},"loc":{"start":{"line":31,"column":40},"end":{"line":41,"column":1}},"line":31},"2":{"name":"(anonymous_2)","decl":{"start":{"line":48,"column":35},"end":{"line":48,"column":36}},"loc":{"start":{"line":48,"column":43},"end":{"line":60,"column":1}},"line":48},"3":{"name":"(anonymous_3)","decl":{"start":{"line":67,"column":32},"end":{"line":67,"column":33}},"loc":{"start":{"line":67,"column":40},"end":{"line":75,"column":1}},"line":67},"4":{"name":"(anonymous_4)","decl":{"start":{"line":85,"column":31},"end":{"line":85,"column":32}},"loc":{"start":{"line":85,"column":63},"end":{"line":121,"column":1}},"line":85},"5":{"name":"(anonymous_5)","decl":{"start":{"line":132,"column":32},"end":{"line":132,"column":33}},"loc":{"start":{"line":132,"column":64},"end":{"line":160,"column":1}},"line":132},"6":{"name":"(anonymous_6)","decl":{"start":{"line":170,"column":29},"end":{"line":170,"column":30}},"loc":{"start":{"line":170,"column":61},"end":{"line":189,"column":1}},"line":170}},"branchMap":{"0":{"loc":{"start":{"line":17,"column":15},"end":{"line":17,"column":30}},"type":"default-arg","locations":[{"start":{"line":17,"column":28},"end":{"line":17,"column":30}}],"line":17},"1":{"loc":{"start":{"line":32,"column":31},"end":{"line":32,"column":46}},"type":"default-arg","loca
[...]
,"/Users/jasonlea-jones/Projects/myproj/src/store/analytics/actions/types.js": {"path":"/Users/jasonlea-jones/Projects/myproj/src/store/analytics/actions/types.js","statementMap":{"0":{"start":{"line":3,"column":25},"end":{"line":3,"column":36}},"1":{"start":{"line":4,"column":27},"end":{"line":4,"column":38}},"2":{"start":{"line":5,"column":24},"end":{"line":5,"column":34}},"3":{"start":{"line":6,"column":22},"end":{"line":6,"column":30}},"4":{"start":{"line":7,"column":21},"end":{"line":12,"column":2}}},"fnMap":{},"branchMap":{},"s":{"0":10,"1":10,"2":10,"3":10,"4":10},"f":{},"b":{},"_coverageSchema":"43e27e138ebf9cfc5966b082cf9a028302ed4184","hash":"31557c22bc1ded7051b20f18d690e2b20bf7eb7c"}
,"/Users/jasonlea-jones/Projects/myproj/src/store/careers/index.js": {"path":"/Users/jasonlea-jones/Projects/myproj/src/store/careers/index.js","statementMap":{"0":{"start":{"line":3,"column":21},"end":{"line":5,"column":1}},"1":{"start":{"line":14,"column":25},"end":{"line":14,"column":31}},"2":{"start":{"line":15,"column":2},"end":{"line":31,"column":3}},"3":{"start":{"line":17,"column":6},"end":{"line":19,"column":8}},"4":{"start":{"line":21,"column":6},"end":{"line":24,"column":8}},"5":{"start":{"line":26,"column":6},"end":{"line":28,"column":8}},"6":{"start":{"line":30,"column":6},"end":{"line":30,"column":19}}},"fnMap":{"0":{"name":"(anonymous_0)","decl":{"start":{"line":13,"column":15},"end":{"line":13,"column":16}},"loc":{"start":{"line":13,"column":54},"end":{"line":32,"column":1}},"line":13}},"branchMap":{"0":{"loc":{"start":{"line":13,"column":16},"end":{"line":13,"column":36}},"type":"default-arg","locations":[{"start":{"line":13,"column":24},"end":{"line":13,"column":36}}],"line":13},"1":{"loc":{"start":{"line":13,"column":38},"end":{"line":13,"column":49}},"type":"default-arg","locations":[{"start":{"line":13,"column":47},"end":{"line":13,"column":49}}],"line":13},"2":{"loc":{"start":{"line":15,"column":2},"end":{"line":31,"column":3}},"type":"switch","locations":[{"start":{"line":16,"column":4},"end":{"line":19,"column":8}},{"start":{"line":20,"column":4},"end":{"line":24,"column":8}},{"start":{"line":25,"column":4},"end":{"line":28,"column":8}},{"start":{"line":29,"column":4},"end":{"line":30,"column":19}}],"line":15}},"s":{"0":0,"1":0,"2":0,"3":0,"4":0,"5":0,"6":0},"f":{"0":0},"b":{"0":[0],"1":[0],"2":[0,0,0,0]},"hash":"c4760931bbfe4401edd81749b65774580c771d53"}
,"/Users/jasonlea-jones/Projects/myproj/src/store/careers/thunk.js": {"path":"/Users/jasonlea-jones/Projects/myproj/src/store/careers/thunk.js","statementMap":{"0":{"start":{"line":11,"column":2},"end":{"line":19,"column":4}},"1":{"start":{"line":12,"column":4},"end":{"line":18,"column":5}},"2":{"start":{"line":13,"column":6},"end":{"line":13,"column":31}},"3":{"start":{"line":14,"column":23},"end":{"line":14,"column":49}},"4":{"start":{"line":15,"column":6},"end":{"line":15,"column":42}},"5":{"start":{"line":17,"column":6},"end":{"line":17,"column":32}}},"fnMap":{"0":{"name":"(anonymous_0)","decl":{"start":{"line":10,"column":15},"end":{"line":10,"column":16}},"loc":{"start":{"line":10,"column":21},"end":{"line":20,"column":1}},"line":10},"1":{"name":"(anonymous_1)","decl":{"start":{"line":11,"column":9},"end":{"line":11,"column":10}},"loc":{"start":{"line":11,"column":27},"end":{"line":19,"column":3}},"line":11}},"branchMap":{},"s":{"0":0,"1":0,"2":0,"3":0,"4":0,"5":0},"f":{"0":0,"1":0},"b":{},"hash":"170fe7b8acc0fa6cffa7e0150bff331c0fa7cfe6"}
,"/Users/jasonlea-jones/Projects/myproj/src/store/careers/actions/creators.js": {"path":"/Users/jasonlea-jones/Projects/myproj/src/store/careers/actions/creators.js","statementMap":{"0":{"start":{"line":7,"column":28},"end":{"line":9,"column":2}},"1":{"start":{"line":7,"column":35},"end":{"line":9,"column":1}},"2":{"start":{"line":16,"column":26},"end":{"line":21,"column":1}},"3":{"start":{"line":17,"column":2},"end":{"line":20,"column":4}}},"fnMap":{"0":{"name":"(anonymous_0)","decl":{"start":{"line":7,"column":28},"end":{"line":7,"column":29}},"loc":{"start":{"line":7,"column":35},"end":{"line":9,"column":1}},"line":7},"1":{"name":"(anonymous_1)","decl":{"start":{"line":16,"column":26},"end":{"line":16,"column":27}},"loc":{"start":{"line":16,"column":41},"end":{"line":21,"column":1}},"line":16}},"branchMap":{"0":{"loc":{"start":{"line":16,"column":27},"end":{"line":16,"column":36}},"type":"default-arg","locations":[{"start":{"line":16,"column":34},"end":{"line":16,"column":36}}],"line":16}},"s":{"0":0,"1":0,"2":0,"3":0},"f":{"0":0,"1":0},"b":{"0":[0]},"hash":"58bcd94387014d5bb480d6b8674b46820f72efd0"}
,"/Users/jasonlea-jones/Projects/myproj/src/store/careers/actions/types.js": {"path":"/Users/jasonlea-jones/Projects/myproj/src/store/careers/actions/types.js","statementMap":{"0":{"start":{"line":3,"column":29},"end":{"line":3,"column":44}},"1":{"start":{"line":4,"column":21},"end":{"line":4,"column":60}}},"fnMap":{},"branchMap":{},"s":{"0":0,"1":0},"f":{},"b":{},"hash":"c643861f77df793ec8b8809794d53e1561d5df2e"}
,"/Users/jasonlea-jones/Projects/myproj/src/store/common/index.js": {"path":"/Users/jasonlea-jones/Projects/myproj/src/store/common/index.js","statementMap":{"0":{"start":{"line":3,"column":21},"end":{"line":5,"column":1}},"1":{"start":{"line":14,"column":26},"end":{"line":14,"column":32}},"2":{"start":{"line":15,"column":2},"end":{"line":20,"column":3}},"3":{"start":{"line":16,"column":4},"end":{"line":19,"column":6}},"4":{"start":{"line":22,"column":2},"end":{"line":22,"column":15}}},"fnMap":{"0":{"name":"(anonymous_0)","decl":{"start":{"line":13,"column":15},"end":{"line":13,"column":16}},"loc":{"start":{"line":13,"column":54},"end":{"line":23,"column":1}},"line":13}},"branchMap":{"0":{"loc":{"start":{"line":13,"column":16},"end":{"line":13,"column":36}},"type":"default-arg","locations":[{"start":{"line":13,"column":24},"end":{"line":13,"column":36}}],"line":13},"1":{"loc":{"start":{"line":13,"column":38},"end":{"line":13,"column":49}},"type":"default-arg","locations":[{"start":{"line":13,"column":47},"end":{"line":13,"column":49}}],"line":13},"2":{"loc":{"start":{"line":15,"column":2},"end":{"line":20,"column":3}},"type":"if","locations":[{"start":{"line":15,"column":2},"end":{"line":20,"column":3}},{"start":{"line":15,"column":2},"end":{"line":20,"column":3}}],"line":15}},"s":{"0":0,"1":0,"2":0,"3":0,"4":0},"f":{"0":0},"b":{"0":[0],"1":[0],"2":[0,0]},"hash":"ce5a14b39ac700d483cf595c19954cad0c8d824a"}
,"/Users/jasonlea-jones/Projects/myproj/src/store/common/actions/creators.js": {"path":"/Users/jasonlea-jones/Projects/myproj/src/store/common/actions/creators.js","statementMap":{"0":{"start":{"line":8,"column":24},"end":{"line":11,"column":2}},"1":{"start":{"line":8,"column":34},"end":{"line":11,"column":1}},"2":{"start":{"line":17,"column":34},"end":{"line":19,"column":2}},"3":{"start":{"line":17,"column":41},"end":{"line":19,"column":1}}},"fnMap":{"0":{"name":"(anonymous_0)","decl":{"start":{"line":8,"column":24},"end":{"line":8,"column":25}},"loc":{"start":{"line":8,"column":34},"end":{"line":11,"column":1}},"line":8},"1":{"name":"(anonymous_1)","decl":{"start":{"line":17,"column":34},"end":{"line":17,"column":35}},"loc":{"start":{"line":17,"column":41},"end":{"line":19,"column":1}},"line":17}},"branchMap":{},"s":{"0":10,"1":0,"2":10,"3":0},"f":{"0":0,"1":0},"b":{},"_coverageSchema":"43e27e138ebf9cfc5966b082cf9a028302ed4184","hash":"3f14dd663a562a4227d5454d6b2283894e4577e8"}
,"/Users/jasonlea-jones/Projects/myproj/src/store/common/actions/types.js": {"path":"/Users/jasonlea-jones/Projects/myproj/src/store/common/actions/types.js","statementMap":{"0":{"start":{"line":1,"column":39},"end":{"line":1,"column":64}},"1":{"start":{"line":2,"column":25},"end":{"line":2,"column":36}}},"fnMap":{},"branchMap":{},"s":{"0":10,"1":10},"f":{},"b":{},"_coverageSchema":"43e27e138ebf9cfc5966b082cf9a028302ed4184","hash":"ce0d954e88f9a356c5379a825a212a89e08158be"}
,"/Users/jasonlea-jones/Projects/myproj/src/store/lib/index.js": {"path":"/Users/jasonlea-jones/Projects/myproj/src/store/lib/index.js","statementMap":{"0":{"start":{"line":1,"column":30},"end":{"line":1,"column":38}},"1":{"start":{"line":7,"column":38},"end":{"line":18,"column":1}},"2":{"start":{"line":8,"column":21},"end":{"line":8,"column":23}},"3":{"start":{"line":9,"column":2},"end":{"line":15,"column":5}},"4":{"start":{"line":10,"column":4},"end":{"line":14,"column":6}},"5":{"start":{"line":17,"column":2},"end":{"line":17,"column":20}}},"fnMap":{"0":{"name":"(anonymous_0)","decl":{"start":{"line":1,"column":30},"end":{"line":1,"column":31}},"loc":{"start":{"line":1,"column":36},"end":{"line":1,"column":38}},"line":1},"1":{"name":"(anonymous_1)","decl":{"start":{"line":7,"column":38},"end":{"line":7,"column":39}},"loc":{"start":{"line":7,"column":53},"end":{"line":18,"column":1}},"line":7},"2":{"name":"(anonymous_2)","decl":{"start":{"line":9,"column":22},"end":{"line":9,"column":23}},"loc":{"start":{"line":9,"column":30},"end":{"line":15,"column":3}},"line":9}},"branchMap":{},"s":{"0":10,"1":10,"2":10,"3":10,"4":40,"5":10},"f":{"0":0,"1":10,"2":40},"b":{},"_coverageSchema":"43e27e138ebf9cfc5966b082cf9a028302ed4184","hash":"9d1f45805e3b953d38a88d07e2f328cd69cae04a"}
,"/Users/jasonlea-jones/Projects/myproj/src/store/lib/request.js": {"path":"/Users/jasonlea-jones/Projects/myproj/src/store/lib/request.js","statementMap":{"0":{"start":{"line":3,"column":17},"end":{"line":6,"column":2}}},"fnMap":{},"branchMap":{},"s":{"0":10},"f":{},"b":{},"_coverageSchema":"43e27e138ebf9cfc5966b082cf9a028302ed4184","hash":"1019b7b58e03191b80551a3ec4e093dfafb36788"}
,"/Users/jasonlea-jones/Projects/myproj/src/store/lib/enhancers/monitorReducer.js": {"path":"/Users/jasonlea-jones/Projects/myproj/src/store/lib/enhancers/monitorReducer.js","statementMap":{"0":{"start":{"line":1,"column":14},"end":{"line":1,"column":54}},"1":{"start":{"line":1,"column":24},"end":{"line":1,"column":54}},"2":{"start":{"line":8,"column":31},"end":{"line":29,"column":1}},"3":{"start":{"line":8,"column":46},"end":{"line":29,"column":1}},"4":{"start":{"line":13,"column":27},"end":{"line":26,"column":3}},"5":{"start":{"line":14,"column":22},"end":{"line":14,"column":51}},"6":{"start":{"line":15,"column":4},"end":{"line":17,"column":5}},"7":{"start":{"line":16,"column":6},"end":{"line":16,"column":36}},"8":{"start":{"line":18,"column":18},"end":{"line":18,"column":35}},"9":{"start":{"line":19,"column":21},"end":{"line":19,"column":43}},"10":{"start":{"line":20,"column":16},"end":{"line":20,"column":33}},"11":{"start":{"line":21,"column":17},"end":{"line":21,"column":35}},"12":{"start":{"line":23,"column":4},"end":{"line":23,"column":47}},"13":{"start":{"line":25,"column":4},"end":{"line":25,"column":20}},"14":{"start":{"line":28,"column":2},"end":{"line":28,"column":63}}},"fnMap":{"0":{"name":"(anonymous_0)","decl":{"start":{"line":1,"column":14},"end":{"line":1,"column":15}},"loc":{"start":{"line":1,"column":24},"end":{"line":1,"column":54}},"line":1},"1":{"name":"(anonymous_1)","decl":{"start":{"line":8,"column":31},"end":{"line":8,"column":32}},"loc":{"start":{"line":8,"column":46},"end":{"line":29,"column":1}},"line":8},"2":{"name":"(anonymous_2)","decl":{"start":{"line":8,"column":46},"end":{"line":8,"column":47}},"loc":{"start":{"line":12,"column":5},"end":{"line":29,"column":1}},"line":12},"3":{"name":"(anonymous_3)","decl":{"start":{"line":13,"column":27},"end":{"line":13,"column":28}},"loc":{"start":{"line":13,"column":46},"end":{"line":26,"column":3}},"line":13}},"branchMap":{"0":{"loc":{"start":{"line":15,"column":4},"end":{"line":17,"column":5}},"type":"if","locations":[{"start":{"line":15,"column":4},"end":{"line":17,"column":5}},{"start":{"line":15,"column":4},"end":{"line":17,"column":5}}],"line":15}},"s":{"0":0,"1":0,"2":0,"3":0,"4":0,"5":0,"6":0,"7":0,"8":0,"9":0,"10":0,"11":0,"12":0,"13":0,"14":0},"f":{"0":0,"1":0,"2":0,"3":0},"b":{"0":[0,0]},"hash":"526158e7f6d1fb7d57ccb584e6e5fc5e88c55ba9"}
,"/Users/jasonlea-jones/Projects/myproj/src/store/lib/middleware/index.js": {"path":"/Users/jasonlea-jones/Projects/myproj/src/store/lib/middleware/index.js","statementMap":{"0":{"start":{"line":4,"column":19},"end":{"line":4,"column":26}},"1":{"start":{"line":6,"column":0},"end":{"line":8,"column":1}},"2":{"start":{"line":7,"column":2},"end":{"line":7,"column":39}}},"fnMap":{},"branchMap":{"0":{"loc":{"start":{"line":6,"column":0},"end":{"line":8,"column":1}},"type":"if","locations":[{"start":{"line":6,"column":0},"end":{"line":8,"column":1}},{"start":{"line":6,"column":0},"end":{"line":8,"column":1}}],"line":6}},"s":{"0":0,"1":0,"2":0},"f":{},"b":{"0":[0,0]},"hash":"7896d12e1a13d2d70ec61c3cffb8ffbdb10816c0"}
,"/Users/jasonlea-jones/Projects/myproj/src/store/lib/middleware/logger.js": {"path":"/Users/jasonlea-jones/Projects/myproj/src/store/lib/middleware/logger.js","statementMap":{"0":{"start":{"line":7,"column":15},"end":{"line":14,"column":1}},"1":{"start":{"line":7,"column":24},"end":{"line":14,"column":1}},"2":{"start":{"line":7,"column":32},"end":{"line":14,"column":1}},"3":{"start":{"line":8,"column":2},"end":{"line":8,"column":40}},"4":{"start":{"line":9,"column":2},"end":{"line":9,"column":38}},"5":{"start":{"line":10,"column":17},"end":{"line":10,"column":29}},"6":{"start":{"line":11,"column":2},"end":{"line":11,"column":46}},"7":{"start":{"line":12,"column":2},"end":{"line":12,"column":21}},"8":{"start":{"line":13,"column":2},"end":{"line":13,"column":16}}},"fnMap":{"0":{"name":"(anonymous_0)","decl":{"start":{"line":7,"column":15},"end":{"line":7,"column":16}},"loc":{"start":{"line":7,"column":24},"end":{"line":14,"column":1}},"line":7},"1":{"name":"(anonymous_1)","decl":{"start":{"line":7,"column":24},"end":{"line":7,"column":25}},"loc":{"start":{"line":7,"column":32},"end":{"line":14,"column":1}},"line":7},"2":{"name":"(anonymous_2)","decl":{"start":{"line":7,"column":32},"end":{"line":7,"column":33}},"loc":{"start":{"line":7,"column":42},"end":{"line":14,"column":1}},"line":7}},"branchMap":{"0":{"loc":{"start":{"line":8,"column":16},"end":{"line":8,"column":38}},"type":"binary-expr","locations":[{"start":{"line":8,"column":16},"end":{"line":8,"column":27}},{"start":{"line":8,"column":31},"end":{"line":8,"column":38}}],"line":8}},"s":{"0":0,"1":0,"2":0,"3":0,"4":0,"5":0,"6":0,"7":0,"8":0},"f":{"0":0,"1":0,"2":0},"b":{"0":[0,0]},"hash":"c8909e14231ba323bb7dc5571e7fac98c971ff82"}
,"/Users/jasonlea-jones/Projects/myproj/src/store/users/index.js": {"path":"/Users/jasonlea-jones/Projects/myproj/src/store/users/index.js","statementMap":{"0":{"start":{"line":3,"column":21},"end":{"line":6,"column":1}},"1":{"start":{"line":15,"column":25},"end":{"line":15,"column":31}},"2":{"start":{"line":16,"column":2},"end":{"line":35,"column":3}},"3":{"start":{"line":18,"column":6},"end":{"line":21,"column":8}},"4":{"start":{"line":23,"column":6},"end":{"line":27,"column":8}},"5":{"start":{"line":29,"column":6},"end":{"line":32,"column":8}},"6":{"start":{"line":34,"column":6},"end":{"line":34,"column":19}}},"fnMap":{"0":{"name":"(anonymous_0)","decl":{"start":{"line":14,"column":15},"end":{"line":14,"column":16}},"loc":{"start":{"line":14,"column":54},"end":{"line":36,"column":1}},"line":14}},"branchMap":{"0":{"loc":{"start":{"line":14,"column":16},"end":{"line":14,"column":36}},"type":"default-arg","locations":[{"start":{"line":14,"column":24},"end":{"line":14,"column":36}}],"line":14},"1":{"loc":{"start":{"line":14,"column":38},"end":{"line":14,"column":49}},"type":"default-arg","locations":[{"start":{"line":14,"column":47},"end":{"line":14,"column":49}}],"line":14},"2":{"loc":{"start":{"line":16,"column":2},"end":{"line":35,"column":3}},"type":"switch","locations":[{"start":{"line":17,"column":4},"end":{"line":21,"column":8}},{"start":{"line":22,"column":4},"end":{"line":27,"column":8}},{"start":{"line":28,"column":4},"end":{"line":32,"column":8}},{"start":{"line":33,"column":4},"end":{"line":34,"column":19}}],"line":16}},"s":{"0":0,"1":0,"2":0,"3":0,"4":0,"5":0,"6":0},"f":{"0":0},"b":{"0":[0],"1":[0],"2":[0,0,0,0]},"hash":"a4a640f29972800517252a8682710ab59ea23ad6"}
,"/Users/jasonlea-jones/Projects/myproj/src/store/users/thunk.js": {"path":"/Users/jasonlea-jones/Projects/myproj/src/store/users/thunk.js","statementMap":{"0":{"start":{"line":10,"column":24},"end":{"line":20,"column":1}},"1":{"start":{"line":11,"column":2},"end":{"line":19,"column":4}},"2":{"start":{"line":12,"column":4},"end":{"line":18,"column":5}},"3":{"start":{"line":13,"column":6},"end":{"line":13,"column":29}},"4":{"start":{"line":14,"column":23},"end":{"line":14,"column":50}},"5":{"start":{"line":15,"column":6},"end":{"line":15,"column":40}},"6":{"start":{"line":17,"column":6},"end":{"line":17,"column":40}},"7":{"start":{"line":27,"column":23},"end":{"line":37,"column":1}},"8":{"start":{"line":28,"column":2},"end":{"line":36,"column":4}},"9":{"start":{"line":29,"column":4},"end":{"line":35,"column":5}},"10":{"start":{"line":30,"column":6},"end":{"line":30,"column":29}},"11":{"start":{"line":31,"column":23},"end":{"line":31,"column":56}},"12":{"start":{"line":32,"column":6},"end":{"line":32,"column":40}},"13":{"start":{"line":34,"column":6},"end":{"line":34,"column":32}}},"fnMap":{"0":{"name":"(anonymous_0)","decl":{"start":{"line":10,"column":24},"end":{"line":10,"column":25}},"loc":{"start":{"line":10,"column":30},"end":{"line":20,"column":1}},"line":10},"1":{"name":"(anonymous_1)","decl":{"start":{"line":11,"column":9},"end":{"line":11,"column":10}},"loc":{"start":{"line":11,"column":27},"end":{"line":19,"column":3}},"line":11},"2":{"name":"(anonymous_2)","decl":{"start":{"line":27,"column":23},"end":{"line":27,"column":24}},"loc":{"start":{"line":27,"column":30},"end":{"line":37,"column":1}},"line":27},"3":{"name":"(anonymous_3)","decl":{"start":{"line":28,"column":9},"end":{"line":28,"column":10}},"loc":{"start":{"line":28,"column":27},"end":{"line":36,"column":3}},"line":28}},"branchMap":{},"s":{"0":0,"1":0,"2":0,"3":0,"4":0,"5":0,"6":0,"7":0,"8":0,"9":0,"10":0,"11":0,"12":0,"13":0},"f":{"0":0,"1":0,"2":0,"3":0},"b":{},"hash":"870543d49ca5064196578a078227cf71674c5dc5"}
,"/Users/jasonlea-jones/Projects/myproj/src/store/users/actions/creators.js": {"path":"/Users/jasonlea-jones/Projects/myproj/src/store/users/actions/creators.js","statementMap":{"0":{"start":{"line":7,"column":26},"end":{"line":9,"column":2}},"1":{"start":{"line":7,"column":33},"end":{"line":9,"column":1}},"2":{"start":{"line":16,"column":24},"end":{"line":21,"column":1}},"3":{"start":{"line":17,"column":2},"end":{"line":20,"column":4}}},"fnMap":{"0":{"name":"(anonymous_0)","decl":{"start":{"line":7,"column":26},"end":{"line":7,"column":27}},"loc":{"start":{"line":7,"column":33},"end":{"line":9,"column":1}},"line":7},"1":{"name":"(anonymous_1)","decl":{"start":{"line":16,"column":24},"end":{"line":16,"column":25}},"loc":{"start":{"line":16,"column":39},"end":{"line":21,"column":1}},"line":16}},"branchMap":{"0":{"loc":{"start":{"line":16,"column":25},"end":{"line":16,"column":34}},"type":"default-arg","locations":[{"start":{"line":16,"column":32},"end":{"line":16,"column":34}}],"line":16}},"s":{"0":0,"1":0,"2":0,"3":0},"f":{"0":0,"1":0},"b":{"0":[0]},"hash":"c3ffc5d39340d1b483efedce1f375c92472b1cb5"}
,"/Users/jasonlea-jones/Projects/myproj/src/store/users/actions/types.js": {"path":"/Users/jasonlea-jones/Projects/myproj/src/store/users/actions/types.js","statementMap":{"0":{"start":{"line":3,"column":27},"end":{"line":3,"column":40}},"1":{"start":{"line":4,"column":21},"end":{"line":4,"column":58}}},"fnMap":{},"branchMap":{},"s":{"0":0,"1":0},"f":{},"b":{},"hash":"c158d9a4d1bcb06ebf7c2aa426200e50f577443a"}
}
